Quarkus UT (windows-latest)	Run unit tests	2024-11-27T11:14:57.3770862Z ##[group]Run ./mvnw test -f quarkus/pom.xml -pl '!tests,!tests/junit5,!tests/integration,!dist'
Quarkus UT (windows-latest)	Run unit tests	2024-11-27T11:14:57.3771531Z [36;1m./mvnw test -f quarkus/pom.xml -pl '!tests,!tests/junit5,!tests/integration,!dist'[0m
Quarkus UT (windows-latest)	Run unit tests	2024-11-27T11:14:57.3783468Z shell: C:\Program Files\Git\bin\bash.EXE --noprofile --norc -e -o pipefail {0}
Quarkus UT (windows-latest)	Run unit tests	2024-11-27T11:14:57.3783829Z env:
Quarkus UT (windows-latest)	Run unit tests	2024-11-27T11:14:57.3784076Z   MAVEN_ARGS: -B -nsu -Daether.connector.http.connectionMaxTtl=25
Quarkus UT (windows-latest)	Run unit tests	2024-11-27T11:14:57.3784393Z   SUREFIRE_RERUN_FAILING_COUNT: 2
Quarkus UT (windows-latest)	Run unit tests	2024-11-27T11:14:57.3784657Z   SUREFIRE_RETRY: -Dsurefire.rerunFailingTestsCount=2
Quarkus UT (windows-latest)	Run unit tests	2024-11-27T11:14:57.3785056Z   JAVA_HOME: C:\hostedtoolcache\windows\Java_Temurin-Hotspot_jdk\21.0.5-11.0\x64
Quarkus UT (windows-latest)	Run unit tests	2024-11-27T11:14:57.3785523Z   JAVA_HOME_21_X64: C:\hostedtoolcache\windows\Java_Temurin-Hotspot_jdk\21.0.5-11.0\x64
Quarkus UT (windows-latest)	Run unit tests	2024-11-27T11:14:57.3785867Z ##[endgroup]
Quarkus UT (windows-latest)	Run unit tests	2024-11-27T11:15:03.6726549Z [INFO] Loading cache configuration from D:\a\keycloak\keycloak\.mvn\maven-build-cache-config.xml
Quarkus UT (windows-latest)	Run unit tests	2024-11-27T11:15:03.6994225Z [INFO] Scanning for projects...
Quarkus UT (windows-latest)	Run unit tests	2024-11-27T11:15:03.9099627Z [INFO] ------------------------------------------------------------------------
Quarkus UT (windows-latest)	Run unit tests	2024-11-27T11:15:03.9100349Z [INFO] Reactor Build Order:
Quarkus UT (windows-latest)	Run unit tests	2024-11-27T11:15:03.9123765Z [INFO] 
Quarkus UT (windows-latest)	Run unit tests	2024-11-27T11:15:03.9124422Z [INFO] Keycloak Quarkus Parent                                            [pom]
Quarkus UT (windows-latest)	Run unit tests	2024-11-27T11:15:03.9125331Z [INFO] Keycloak Configuration API                                         [jar]
Quarkus UT (windows-latest)	Run unit tests	2024-11-27T11:15:03.9126196Z [INFO] Keycloak Quarkus Server Extension                                  [jar]
Quarkus UT (windows-latest)	Run unit tests	2024-11-27T11:15:03.9127033Z [INFO] Keycloak Quarkus Server Deployment                                 [jar]
Quarkus UT (windows-latest)	Run unit tests	2024-11-27T11:15:03.9129433Z [INFO] Keycloak Quarkus Server App                                        [jar]
Quarkus UT (windows-latest)	Run unit tests	2024-11-27T11:15:03.9233365Z [INFO] 
Quarkus UT (windows-latest)	Run unit tests	2024-11-27T11:15:03.9236104Z [INFO] ----------------< org.keycloak:keycloak-quarkus-parent >----------------
Quarkus UT (windows-latest)	Run unit tests	2024-11-27T11:15:03.9239749Z [INFO] Building Keycloak Quarkus Parent 999.0.0-SNAPSHOT                  [1/5]
Quarkus UT (windows-latest)	Run unit tests	2024-11-27T11:15:03.9241299Z [INFO]   from pom.xml
Quarkus UT (windows-latest)	Run unit tests	2024-11-27T11:15:03.9242039Z [INFO] --------------------------------[ pom ]---------------------------------
Quarkus UT (windows-latest)	Run unit tests	2024-11-27T11:15:03.9981254Z [INFO] 
Quarkus UT (windows-latest)	Run unit tests	2024-11-27T11:15:03.9982540Z [INFO] --- enforcer:3.0.0-M3:enforce (enforce-java-version) @ keycloak-quarkus-parent ---
Quarkus UT (windows-latest)	Run unit tests	2024-11-27T11:15:04.3343809Z [INFO] 
Quarkus UT (windows-latest)	Run unit tests	2024-11-27T11:15:04.3344735Z [INFO] --- enforcer:3.0.0-M3:enforce (enforce-maven-version) @ keycloak-quarkus-parent ---
Quarkus UT (windows-latest)	Run unit tests	2024-11-27T11:15:04.3362568Z [INFO] 
Quarkus UT (windows-latest)	Run unit tests	2024-11-27T11:15:04.3363772Z [INFO] --- buildnumber:1.4:create (get-scm-revision) @ keycloak-quarkus-parent ---
Quarkus UT (windows-latest)	Run unit tests	2024-11-27T11:15:04.7619184Z [INFO] Executing: cmd.exe /X /C "git rev-parse --verify HEAD"
Quarkus UT (windows-latest)	Run unit tests	2024-11-27T11:15:04.7620119Z [INFO] Working directory: D:\a\keycloak\keycloak\quarkus
Quarkus UT (windows-latest)	Run unit tests	2024-11-27T11:15:04.8473952Z [INFO] Storing buildNumber: 0fbf2a77050000a4008ceffc07f81eb3a210c622 at timestamp: 1732706104724
Quarkus UT (windows-latest)	Run unit tests	2024-11-27T11:15:04.8856091Z [WARNING] Cannot get the branch information from the git repository: 
Quarkus UT (windows-latest)	Run unit tests	2024-11-27T11:15:04.8856676Z Detecting the current branch failed: fatal: ref HEAD is not a symbolic ref
Quarkus UT (windows-latest)	Run unit tests	2024-11-27T11:15:04.8856952Z 
Quarkus UT (windows-latest)	Run unit tests	2024-11-27T11:15:04.8858347Z [INFO] Executing: cmd.exe /X /C "git rev-parse --verify HEAD"
Quarkus UT (windows-latest)	Run unit tests	2024-11-27T11:15:04.8858789Z [INFO] Working directory: D:\a\keycloak\keycloak\quarkus
Quarkus UT (windows-latest)	Run unit tests	2024-11-27T11:15:04.9154347Z [INFO] Storing buildScmBranch: UNKNOWN
Quarkus UT (windows-latest)	Run unit tests	2024-11-27T11:15:04.9161532Z [INFO] 
Quarkus UT (windows-latest)	Run unit tests	2024-11-27T11:15:04.9162020Z [INFO] ------------------< org.keycloak:keycloak-config-api >------------------
Quarkus UT (windows-latest)	Run unit tests	2024-11-27T11:15:04.9162784Z [INFO] Building Keycloak Configuration API 999.0.0-SNAPSHOT               [2/5]
Quarkus UT (windows-latest)	Run unit tests	2024-11-27T11:15:04.9163509Z [INFO]   from config-api\pom.xml
Quarkus UT (windows-latest)	Run unit tests	2024-11-27T11:15:04.9164665Z [INFO] --------------------------------[ jar ]---------------------------------
Quarkus UT (windows-latest)	Run unit tests	2024-11-27T11:15:06.1358174Z [INFO] Downloading from central: https://repo.maven.apache.org/maven2/com/aayushatharva/brotli4j/native-windows-x86_64/1.16.0/native-windows-x86_64-1.16.0.pom
Quarkus UT (windows-latest)	Run unit tests	2024-11-27T11:15:07.1944474Z [INFO] Downloaded from central: https://repo.maven.apache.org/maven2/com/aayushatharva/brotli4j/native-windows-x86_64/1.16.0/native-windows-x86_64-1.16.0.pom (4.5 kB at 4.2 kB/s)
Quarkus UT (windows-latest)	Run unit tests	2024-11-27T11:15:07.5686953Z [INFO] Downloading from central: https://repo.maven.apache.org/maven2/com/aayushatharva/brotli4j/native-windows-x86_64/1.16.0/native-windows-x86_64-1.16.0.jar
Quarkus UT (windows-latest)	Run unit tests	2024-11-27T11:15:08.0281940Z [INFO] Downloaded from central: https://repo.maven.apache.org/maven2/com/aayushatharva/brotli4j/native-windows-x86_64/1.16.0/native-windows-x86_64-1.16.0.jar (1.9 MB at 4.3 MB/s)
Quarkus UT (windows-latest)	Run unit tests	2024-11-27T11:15:08.0327739Z [INFO] 
Quarkus UT (windows-latest)	Run unit tests	2024-11-27T11:15:08.0329140Z [INFO] --- enforcer:3.0.0-M3:enforce (enforce-java-version) @ keycloak-config-api ---
Quarkus UT (windows-latest)	Run unit tests	2024-11-27T11:15:08.0368674Z [INFO] 
Quarkus UT (windows-latest)	Run unit tests	2024-11-27T11:15:08.0369725Z [INFO] --- enforcer:3.0.0-M3:enforce (enforce-maven-version) @ keycloak-config-api ---
Quarkus UT (windows-latest)	Run unit tests	2024-11-27T11:15:08.0405572Z [INFO] 
Quarkus UT (windows-latest)	Run unit tests	2024-11-27T11:15:08.0406217Z [INFO] --- buildnumber:1.4:create (get-scm-revision) @ keycloak-config-api ---
Quarkus UT (windows-latest)	Run unit tests	2024-11-27T11:15:08.0414288Z [INFO] 
Quarkus UT (windows-latest)	Run unit tests	2024-11-27T11:15:08.0414867Z [INFO] --- resources:3.2.0:resources (default-resources) @ keycloak-config-api ---
Quarkus UT (windows-latest)	Run unit tests	2024-11-27T11:15:08.1957028Z [INFO] Using 'UTF-8' encoding to copy filtered resources.
Quarkus UT (windows-latest)	Run unit tests	2024-11-27T11:15:08.1958141Z [INFO] Using 'UTF-8' encoding to copy filtered properties files.
Quarkus UT (windows-latest)	Run unit tests	2024-11-27T11:15:08.1959346Z [INFO] skip non existing resourceDirectory D:\a\keycloak\keycloak\quarkus\config-api\src\main\resources
Quarkus UT (windows-latest)	Run unit tests	2024-11-27T11:15:08.1960910Z [INFO] 
Quarkus UT (windows-latest)	Run unit tests	2024-11-27T11:15:08.1962038Z [INFO] --- compiler:3.8.1:compile (default-compile) @ keycloak-config-api ---
Quarkus UT (windows-latest)	Run unit tests	2024-11-27T11:15:08.3116052Z [INFO] Changes detected - recompiling the module!
Quarkus UT (windows-latest)	Run unit tests	2024-11-27T11:15:08.3161346Z [INFO] Compiling 27 source files to D:\a\keycloak\keycloak\quarkus\config-api\target\classes
Quarkus UT (windows-latest)	Run unit tests	2024-11-27T11:15:11.2833770Z [INFO] Annotation processing is enabled because one or more processors were found
Quarkus UT (windows-latest)	Run unit tests	2024-11-27T11:15:11.2839536Z   on the class path. A future release of javac may disable annotation processing
Quarkus UT (windows-latest)	Run unit tests	2024-11-27T11:15:11.2840397Z   unless at least one processor is specified by name (-processor), or a search
Quarkus UT (windows-latest)	Run unit tests	2024-11-27T11:15:11.2841226Z   path is specified (--processor-path, --processor-module-path), or annotation
Quarkus UT (windows-latest)	Run unit tests	2024-11-27T11:15:11.2842002Z   processing is enabled explicitly (-proc:only, -proc:full).
Quarkus UT (windows-latest)	Run unit tests	2024-11-27T11:15:11.2843837Z   Use -Xlint:-options to suppress this message.
Quarkus UT (windows-latest)	Run unit tests	2024-11-27T11:15:11.2844382Z   Use -proc:none to disable annotation processing.
Quarkus UT (windows-latest)	Run unit tests	2024-11-27T11:15:11.2846264Z [WARNING] /D:/a/keycloak/keycloak/quarkus/config-api/src/main/java/org/keycloak/config/OptionBuilder.java:[31,16] unchecked call to OptionBuilder(java.lang.String,java.lang.Class<T>,java.lang.Class<?>) as a member of the raw type org.keycloak.config.OptionBuilder
Quarkus UT (windows-latest)	Run unit tests	2024-11-27T11:15:11.2848737Z [WARNING] /D:/a/keycloak/keycloak/quarkus/config-api/src/main/java/org/keycloak/config/OptionBuilder.java:[31,16] unchecked conversion
Quarkus UT (windows-latest)	Run unit tests	2024-11-27T11:15:11.2854997Z   required: org.keycloak.config.OptionBuilder<java.util.List<A>>
Quarkus UT (windows-latest)	Run unit tests	2024-11-27T11:15:11.2856912Z   found:    org.keycloak.config.OptionBuilder
Quarkus UT (windows-latest)	Run unit tests	2024-11-27T11:15:11.2858241Z [WARNING] /D:/a/keycloak/keycloak/quarkus/config-api/src/main/java/org/keycloak/config/OptionBuilder.java:[93,50] Possible heap pollution from parameterized vararg type T
Quarkus UT (windows-latest)	Run unit tests	2024-11-27T11:15:11.2860295Z [WARNING] /D:/a/keycloak/keycloak/quarkus/config-api/src/main/java/org/keycloak/config/OptionBuilder.java:[117,53] Possible heap pollution from parameterized vararg type T
Quarkus UT (windows-latest)	Run unit tests	2024-11-27T11:15:11.2862063Z [WARNING] /D:/a/keycloak/keycloak/quarkus/config-api/src/main/java/org/keycloak/config/OptionBuilder.java:[136,56] unchecked cast
Quarkus UT (windows-latest)	Run unit tests	2024-11-27T11:15:11.2863093Z   required: java.lang.Class<? extends java.lang.Enum>
Quarkus UT (windows-latest)	Run unit tests	2024-11-27T11:15:11.2863594Z   found:    java.lang.Class<capture#1 of ?>
Quarkus UT (windows-latest)	Run unit tests	2024-11-27T11:15:11.2864557Z [WARNING] /D:/a/keycloak/keycloak/quarkus/config-api/src/main/java/org/keycloak/config/OptionBuilder.java:[143,51] unchecked cast
Quarkus UT (windows-latest)	Run unit tests	2024-11-27T11:15:11.2869073Z   required: T
Quarkus UT (windows-latest)	Run unit tests	2024-11-27T11:15:11.2869366Z   found:    java.lang.Boolean
Quarkus UT (windows-latest)	Run unit tests	2024-11-27T11:15:11.2870776Z [WARNING] /D:/a/keycloak/keycloak/quarkus/config-api/src/main/java/org/keycloak/config/TruststoreOptions.java:[18,123] STRICT in org.keycloak.common.enums.HostnameVerificationPolicy has been deprecated
Quarkus UT (windows-latest)	Run unit tests	2024-11-27T11:15:11.2873257Z [WARNING] /D:/a/keycloak/keycloak/quarkus/config-api/src/main/java/org/keycloak/config/TruststoreOptions.java:[18,158] WILDCARD in org.keycloak.common.enums.HostnameVerificationPolicy has been deprecated
Quarkus UT (windows-latest)	Run unit tests	2024-11-27T11:15:11.2874674Z [INFO] 
Quarkus UT (windows-latest)	Run unit tests	2024-11-27T11:15:11.2875209Z [INFO] --- resources:3.2.0:testResources (default-testResources) @ keycloak-config-api ---
Quarkus UT (windows-latest)	Run unit tests	2024-11-27T11:15:11.2925067Z [INFO] Using 'UTF-8' encoding to copy filtered resources.
Quarkus UT (windows-latest)	Run unit tests	2024-11-27T11:15:11.2925963Z [INFO] Using 'UTF-8' encoding to copy filtered properties files.
Quarkus UT (windows-latest)	Run unit tests	2024-11-27T11:15:11.2927032Z [INFO] skip non existing resourceDirectory D:\a\keycloak\keycloak\quarkus\config-api\src\test\resources
Quarkus UT (windows-latest)	Run unit tests	2024-11-27T11:15:11.2927975Z [INFO] 
Quarkus UT (windows-latest)	Run unit tests	2024-11-27T11:15:11.2928641Z [INFO] --- compiler:3.8.1:testCompile (default-testCompile) @ keycloak-config-api ---
Quarkus UT (windows-latest)	Run unit tests	2024-11-27T11:15:11.2969441Z [INFO] No sources to compile
Quarkus UT (windows-latest)	Run unit tests	2024-11-27T11:15:11.2973713Z [INFO] 
Quarkus UT (windows-latest)	Run unit tests	2024-11-27T11:15:11.2987605Z [INFO] --- surefire:3.0.0-M7:test (default-test) @ keycloak-config-api ---
Quarkus UT (windows-latest)	Run unit tests	2024-11-27T11:15:11.4878757Z [INFO] No tests to run.
Quarkus UT (windows-latest)	Run unit tests	2024-11-27T11:15:11.4935210Z [INFO] 
Quarkus UT (windows-latest)	Run unit tests	2024-11-27T11:15:11.4935952Z [INFO] ----------------< org.keycloak:keycloak-quarkus-server >----------------
Quarkus UT (windows-latest)	Run unit tests	2024-11-27T11:15:11.4937185Z [INFO] Building Keycloak Quarkus Server Extension 999.0.0-SNAPSHOT        [3/5]
Quarkus UT (windows-latest)	Run unit tests	2024-11-27T11:15:11.4939288Z [INFO]   from runtime\pom.xml
Quarkus UT (windows-latest)	Run unit tests	2024-11-27T11:15:11.4940135Z [INFO] --------------------------------[ jar ]---------------------------------
Quarkus UT (windows-latest)	Run unit tests	2024-11-27T11:15:12.3619856Z [INFO] 
Quarkus UT (windows-latest)	Run unit tests	2024-11-27T11:15:12.3620799Z [INFO] --- enforcer:3.0.0-M3:enforce (enforce-java-version) @ keycloak-quarkus-server ---
Quarkus UT (windows-latest)	Run unit tests	2024-11-27T11:15:12.3639316Z [INFO] 
Quarkus UT (windows-latest)	Run unit tests	2024-11-27T11:15:12.3640067Z [INFO] --- enforcer:3.0.0-M3:enforce (enforce-maven-version) @ keycloak-quarkus-server ---
Quarkus UT (windows-latest)	Run unit tests	2024-11-27T11:15:12.3646222Z [INFO] 
Quarkus UT (windows-latest)	Run unit tests	2024-11-27T11:15:12.3647003Z [INFO] --- buildnumber:1.4:create (get-scm-revision) @ keycloak-quarkus-server ---
Quarkus UT (windows-latest)	Run unit tests	2024-11-27T11:15:12.3688184Z [INFO] 
Quarkus UT (windows-latest)	Run unit tests	2024-11-27T11:15:12.3689379Z [INFO] --- resources:3.2.0:resources (default-resources) @ keycloak-quarkus-server ---
Quarkus UT (windows-latest)	Run unit tests	2024-11-27T11:15:12.3690931Z [INFO] Using 'UTF-8' encoding to copy filtered resources.
Quarkus UT (windows-latest)	Run unit tests	2024-11-27T11:15:12.3691569Z [INFO] Using 'UTF-8' encoding to copy filtered properties files.
Quarkus UT (windows-latest)	Run unit tests	2024-11-27T11:15:12.3766919Z [INFO] Copying 26 resources
Quarkus UT (windows-latest)	Run unit tests	2024-11-27T11:15:12.4053797Z [INFO] 
Quarkus UT (windows-latest)	Run unit tests	2024-11-27T11:15:12.4054787Z [INFO] --- compiler:3.8.1:compile (default-compile) @ keycloak-quarkus-server ---
Quarkus UT (windows-latest)	Run unit tests	2024-11-27T11:15:12.5966307Z [INFO] Changes detected - recompiling the module!
Quarkus UT (windows-latest)	Run unit tests	2024-11-27T11:15:12.5981340Z [INFO] Compiling 115 source files to D:\a\keycloak\keycloak\quarkus\runtime\target\classes
Quarkus UT (windows-latest)	Run unit tests	2024-11-27T11:15:16.3418120Z [WARNING] /D:/a/keycloak/keycloak/quarkus/runtime/src/main/java/org/keycloak/quarkus/runtime/storage/infinispan/CacheManagerFactory.java:[519,25] rawValues(boolean) in org.infinispan.persistence.remote.configuration.RemoteStoreConfigurationBuilder has been deprecated and marked for removal
Quarkus UT (windows-latest)	Run unit tests	2024-11-27T11:15:16.3422007Z [WARNING] /D:/a/keycloak/keycloak/quarkus/runtime/src/main/java/org/keycloak/quarkus/runtime/storage/database/liquibase/QuarkusJpaUpdaterProvider.java:[148,97] getInstance() in liquibase.changelog.ChangeLogHistoryServiceFactory has been deprecated
Quarkus UT (windows-latest)	Run unit tests	2024-11-27T11:15:16.3425378Z [WARNING] /D:/a/keycloak/keycloak/quarkus/runtime/src/main/java/org/keycloak/quarkus/runtime/storage/database/liquibase/QuarkusJpaUpdaterProvider.java:[287,39] getInstance() in liquibase.changelog.ChangeLogHistoryServiceFactory has been deprecated
Quarkus UT (windows-latest)	Run unit tests	2024-11-27T11:15:16.3428224Z [WARNING] /D:/a/keycloak/keycloak/quarkus/runtime/src/main/java/org/keycloak/quarkus/runtime/storage/infinispan/QuarkusCacheManagerProvider.java:[32,109] unchecked cast
Quarkus UT (windows-latest)	Run unit tests	2024-11-27T11:15:16.3434310Z   required: C
Quarkus UT (windows-latest)	Run unit tests	2024-11-27T11:15:16.3434769Z   found:    org.infinispan.manager.EmbeddedCacheManager
Quarkus UT (windows-latest)	Run unit tests	2024-11-27T11:15:16.3436219Z [WARNING] /D:/a/keycloak/keycloak/quarkus/runtime/src/main/java/org/keycloak/quarkus/runtime/storage/infinispan/QuarkusCacheManagerProvider.java:[37,107] unchecked cast
Quarkus UT (windows-latest)	Run unit tests	2024-11-27T11:15:16.3453691Z   required: C
Quarkus UT (windows-latest)	Run unit tests	2024-11-27T11:15:16.3454136Z   found:    org.infinispan.client.hotrod.RemoteCacheManager
Quarkus UT (windows-latest)	Run unit tests	2024-11-27T11:15:16.3455910Z [WARNING] /D:/a/keycloak/keycloak/quarkus/runtime/src/main/java/org/keycloak/quarkus/runtime/KeycloakRecorder.java:[195,59] DATASOURCE in org.hibernate.cfg.JdbcSettings has been deprecated
Quarkus UT (windows-latest)	Run unit tests	2024-11-27T11:15:16.3472179Z [WARNING] /D:/a/keycloak/keycloak/quarkus/runtime/src/main/java/org/keycloak/quarkus/runtime/configuration/mappers/HttpPropertyMappers.java:[164,15] keyStoreKeyAlias in io.quarkus.vertx.http.runtime.CertificateConfig has been deprecated
Quarkus UT (windows-latest)	Run unit tests	2024-11-27T11:15:16.3474008Z [INFO] 
Quarkus UT (windows-latest)	Run unit tests	2024-11-27T11:15:16.3474607Z [INFO] --- quarkus-extension:3.15.1:extension-descriptor (default) @ keycloak-quarkus-server ---
Quarkus UT (windows-latest)	Run unit tests	2024-11-27T11:15:18.4407404Z [WARNING] The scm-url coordinates in the build file, https://github.com/keycloak/keycloak/tree/master/ did not match the repository configured in the GITHUB_REPOSITORY environment variable, https://github.com/keycloak/keycloak. The value which will be used for the extension metadata is https://github.com/keycloak/keycloak.
Quarkus UT (windows-latest)	Run unit tests	2024-11-27T11:15:18.9745595Z [INFO] 
Quarkus UT (windows-latest)	Run unit tests	2024-11-27T11:15:18.9746323Z [INFO] --- resources:3.2.0:testResources (default-testResources) @ keycloak-quarkus-server ---
Quarkus UT (windows-latest)	Run unit tests	2024-11-27T11:15:18.9785465Z [INFO] Using 'UTF-8' encoding to copy filtered resources.
Quarkus UT (windows-latest)	Run unit tests	2024-11-27T11:15:18.9797449Z [INFO] Using 'UTF-8' encoding to copy filtered properties files.
Quarkus UT (windows-latest)	Run unit tests	2024-11-27T11:15:18.9797983Z [INFO] Copying 3 resources
Quarkus UT (windows-latest)	Run unit tests	2024-11-27T11:15:18.9812714Z [INFO] 
Quarkus UT (windows-latest)	Run unit tests	2024-11-27T11:15:18.9813737Z [INFO] --- compiler:3.8.1:testCompile (default-testCompile) @ keycloak-quarkus-server ---
Quarkus UT (windows-latest)	Run unit tests	2024-11-27T11:15:18.9994608Z [INFO] Changes detected - recompiling the module!
Quarkus UT (windows-latest)	Run unit tests	2024-11-27T11:15:19.0005701Z [INFO] Compiling 10 source files to D:\a\keycloak\keycloak\quarkus\runtime\target\test-classes
Quarkus UT (windows-latest)	Run unit tests	2024-11-27T11:15:20.1123120Z [WARNING] /D:/a/keycloak/keycloak/quarkus/runtime/src/test/java/org/keycloak/quarkus/runtime/cli/PicocliTest.java:[313,33] unchecked method invocation: method addPersistedConfigValues in class org.keycloak.quarkus.runtime.configuration.test.AbstractConfigurationTest is applied to given types
Quarkus UT (windows-latest)	Run unit tests	2024-11-27T11:15:20.1126001Z   required: java.util.Map<java.lang.String,java.lang.String>
Quarkus UT (windows-latest)	Run unit tests	2024-11-27T11:15:20.1132408Z   found:    java.util.Map
Quarkus UT (windows-latest)	Run unit tests	2024-11-27T11:15:20.1133511Z [WARNING] /D:/a/keycloak/keycloak/quarkus/runtime/src/test/java/org/keycloak/quarkus/runtime/cli/PicocliTest.java:[313,34] unchecked conversion
Quarkus UT (windows-latest)	Run unit tests	2024-11-27T11:15:20.1135104Z   required: java.util.Map<java.lang.String,java.lang.String>
Quarkus UT (windows-latest)	Run unit tests	2024-11-27T11:15:20.1135825Z   found:    java.util.Map
Quarkus UT (windows-latest)	Run unit tests	2024-11-27T11:15:20.1136242Z [INFO] 
Quarkus UT (windows-latest)	Run unit tests	2024-11-27T11:15:20.1136791Z [INFO] --- surefire:3.0.0-M7:test (default-test) @ keycloak-quarkus-server ---
Quarkus UT (windows-latest)	Run unit tests	2024-11-27T11:15:20.1284669Z [INFO] Using auto detected provider org.apache.maven.surefire.junit4.JUnit4Provider
Quarkus UT (windows-latest)	Run unit tests	2024-11-27T11:15:20.1900376Z [INFO] Downloading from jboss-public-repository: https://repository.jboss.org/nexus/content/groups/public/org/apache/maven/surefire/surefire-junit4/3.0.0-M7/surefire-junit4-3.0.0-M7.jar
Quarkus UT (windows-latest)	Run unit tests	2024-11-27T11:15:20.3765136Z [INFO] Downloading from central: https://repo.maven.apache.org/maven2/org/apache/maven/surefire/surefire-junit4/3.0.0-M7/surefire-junit4-3.0.0-M7.jar
Quarkus UT (windows-latest)	Run unit tests	2024-11-27T11:15:20.3970346Z [INFO] Downloaded from central: https://repo.maven.apache.org/maven2/org/apache/maven/surefire/surefire-junit4/3.0.0-M7/surefire-junit4-3.0.0-M7.jar (18 kB at 1.1 MB/s)
Quarkus UT (windows-latest)	Run unit tests	2024-11-27T11:15:20.4009336Z [INFO] Downloading from jboss-public-repository: https://repository.jboss.org/nexus/content/groups/public/org/apache/maven/surefire/surefire-junit4/3.0.0-M7/surefire-junit4-3.0.0-M7.pom
Quarkus UT (windows-latest)	Run unit tests	2024-11-27T11:15:20.9964241Z [INFO] Downloading from central: https://repo.maven.apache.org/maven2/org/apache/maven/surefire/surefire-junit4/3.0.0-M7/surefire-junit4-3.0.0-M7.pom
Quarkus UT (windows-latest)	Run unit tests	2024-11-27T11:15:21.0015124Z [INFO] Downloaded from central: https://repo.maven.apache.org/maven2/org/apache/maven/surefire/surefire-junit4/3.0.0-M7/surefire-junit4-3.0.0-M7.pom (2.9 kB at 182 kB/s)
Quarkus UT (windows-latest)	Run unit tests	2024-11-27T11:15:21.0042381Z [INFO] Downloading from jboss-public-repository: https://repository.jboss.org/nexus/content/groups/public/org/apache/maven/surefire/surefire-providers/3.0.0-M7/surefire-providers-3.0.0-M7.pom
Quarkus UT (windows-latest)	Run unit tests	2024-11-27T11:15:21.1155020Z [INFO] Downloading from central: https://repo.maven.apache.org/maven2/org/apache/maven/surefire/surefire-providers/3.0.0-M7/surefire-providers-3.0.0-M7.pom
Quarkus UT (windows-latest)	Run unit tests	2024-11-27T11:15:21.1210262Z [INFO] Downloaded from central: https://repo.maven.apache.org/maven2/org/apache/maven/surefire/surefire-providers/3.0.0-M7/surefire-providers-3.0.0-M7.pom (2.5 kB)
Quarkus UT (windows-latest)	Run unit tests	2024-11-27T11:15:21.1322625Z [INFO] Downloading from jboss-public-repository: https://repository.jboss.org/nexus/content/groups/public/junit/junit/4.0/junit-4.0.pom
Quarkus UT (windows-latest)	Run unit tests	2024-11-27T11:15:21.3863410Z [INFO] Downloading from central: https://repo.maven.apache.org/maven2/junit/junit/4.0/junit-4.0.pom
Quarkus UT (windows-latest)	Run unit tests	2024-11-27T11:15:21.3924394Z [INFO] Downloaded from central: https://repo.maven.apache.org/maven2/junit/junit/4.0/junit-4.0.pom (210 B at 14 kB/s)
Quarkus UT (windows-latest)	Run unit tests	2024-11-27T11:15:21.3962238Z [INFO] Downloading from jboss-public-repository: https://repository.jboss.org/nexus/content/groups/public/org/apache/maven/surefire/common-junit4/3.0.0-M7/common-junit4-3.0.0-M7.pom
Quarkus UT (windows-latest)	Run unit tests	2024-11-27T11:15:21.4817981Z [INFO] Downloading from central: https://repo.maven.apache.org/maven2/org/apache/maven/surefire/common-junit4/3.0.0-M7/common-junit4-3.0.0-M7.pom
Quarkus UT (windows-latest)	Run unit tests	2024-11-27T11:15:21.4882964Z [INFO] Downloaded from central: https://repo.maven.apache.org/maven2/org/apache/maven/surefire/common-junit4/3.0.0-M7/common-junit4-3.0.0-M7.pom (3.0 kB at 200 kB/s)
Quarkus UT (windows-latest)	Run unit tests	2024-11-27T11:15:21.5000027Z [INFO] Downloading from jboss-public-repository: https://repository.jboss.org/nexus/content/groups/public/org/apache/maven/surefire/common-junit3/3.0.0-M7/common-junit3-3.0.0-M7.pom
Quarkus UT (windows-latest)	Run unit tests	2024-11-27T11:15:21.5804410Z [INFO] Downloading from central: https://repo.maven.apache.org/maven2/org/apache/maven/surefire/common-junit3/3.0.0-M7/common-junit3-3.0.0-M7.pom
Quarkus UT (windows-latest)	Run unit tests	2024-11-27T11:15:21.5878664Z [INFO] Downloaded from central: https://repo.maven.apache.org/maven2/org/apache/maven/surefire/common-junit3/3.0.0-M7/common-junit3-3.0.0-M7.pom (2.7 kB)
Quarkus UT (windows-latest)	Run unit tests	2024-11-27T11:15:21.6008398Z [INFO] Downloading from jboss-public-repository: https://repository.jboss.org/nexus/content/groups/public/org/apache/maven/surefire/common-java5/3.0.0-M7/common-java5-3.0.0-M7.pom
Quarkus UT (windows-latest)	Run unit tests	2024-11-27T11:15:21.6840850Z [INFO] Downloading from central: https://repo.maven.apache.org/maven2/org/apache/maven/surefire/common-java5/3.0.0-M7/common-java5-3.0.0-M7.pom
Quarkus UT (windows-latest)	Run unit tests	2024-11-27T11:15:21.6899469Z [INFO] Downloaded from central: https://repo.maven.apache.org/maven2/org/apache/maven/surefire/common-java5/3.0.0-M7/common-java5-3.0.0-M7.pom (2.7 kB at 180 kB/s)
Quarkus UT (windows-latest)	Run unit tests	2024-11-27T11:15:21.7045989Z [INFO] Downloading from jboss-public-repository: https://repository.jboss.org/nexus/content/groups/public/org/hamcrest/hamcrest-library/1.3/hamcrest-library-1.3.pom
Quarkus UT (windows-latest)	Run unit tests	2024-11-27T11:15:21.8105033Z [INFO] Downloading from central: https://repo.maven.apache.org/maven2/org/hamcrest/hamcrest-library/1.3/hamcrest-library-1.3.pom
Quarkus UT (windows-latest)	Run unit tests	2024-11-27T11:15:21.8158199Z [INFO] Downloaded from central: https://repo.maven.apache.org/maven2/org/hamcrest/hamcrest-library/1.3/hamcrest-library-1.3.pom (820 B at 51 kB/s)
Quarkus UT (windows-latest)	Run unit tests	2024-11-27T11:15:21.8226982Z [INFO] Downloading from jboss-public-repository: https://repository.jboss.org/nexus/content/groups/public/org/assertj/assertj-core/3.22.0/assertj-core-3.22.0.pom
Quarkus UT (windows-latest)	Run unit tests	2024-11-27T11:15:21.9237621Z [INFO] Downloading from central: https://repo.maven.apache.org/maven2/org/assertj/assertj-core/3.22.0/assertj-core-3.22.0.pom
Quarkus UT (windows-latest)	Run unit tests	2024-11-27T11:15:21.9305152Z [INFO] Downloaded from central: https://repo.maven.apache.org/maven2/org/assertj/assertj-core/3.22.0/assertj-core-3.22.0.pom (31 kB)
Quarkus UT (windows-latest)	Run unit tests	2024-11-27T11:15:21.9344227Z [INFO] Downloading from jboss-public-repository: https://repository.jboss.org/nexus/content/groups/public/org/assertj/assertj-parent-pom/2.2.14/assertj-parent-pom-2.2.14.pom
Quarkus UT (windows-latest)	Run unit tests	2024-11-27T11:15:22.0322008Z [INFO] Downloading from central: https://repo.maven.apache.org/maven2/org/assertj/assertj-parent-pom/2.2.14/assertj-parent-pom-2.2.14.pom
Quarkus UT (windows-latest)	Run unit tests	2024-11-27T11:15:22.0394352Z [INFO] Downloaded from central: https://repo.maven.apache.org/maven2/org/assertj/assertj-parent-pom/2.2.14/assertj-parent-pom-2.2.14.pom (25 kB)
Quarkus UT (windows-latest)	Run unit tests	2024-11-27T11:15:22.0434470Z [INFO] Downloading from jboss-public-repository: https://repository.jboss.org/nexus/content/groups/public/org/junit/junit-bom/5.8.2/junit-bom-5.8.2.pom
Quarkus UT (windows-latest)	Run unit tests	2024-11-27T11:15:22.1390129Z [INFO] Downloading from central: https://repo.maven.apache.org/maven2/org/junit/junit-bom/5.8.2/junit-bom-5.8.2.pom
Quarkus UT (windows-latest)	Run unit tests	2024-11-27T11:15:22.1461580Z [INFO] Downloaded from central: https://repo.maven.apache.org/maven2/org/junit/junit-bom/5.8.2/junit-bom-5.8.2.pom (5.6 kB)
Quarkus UT (windows-latest)	Run unit tests	2024-11-27T11:15:22.1515894Z [INFO] Downloading from jboss-public-repository: https://repository.jboss.org/nexus/content/groups/public/org/junit/junit-bom/5.8.0/junit-bom-5.8.0.pom
Quarkus UT (windows-latest)	Run unit tests	2024-11-27T11:15:22.2421160Z [INFO] Downloading from central: https://repo.maven.apache.org/maven2/org/junit/junit-bom/5.8.0/junit-bom-5.8.0.pom
Quarkus UT (windows-latest)	Run unit tests	2024-11-27T11:15:22.2472689Z [INFO] Downloaded from central: https://repo.maven.apache.org/maven2/org/junit/junit-bom/5.8.0/junit-bom-5.8.0.pom (5.6 kB)
Quarkus UT (windows-latest)	Run unit tests	2024-11-27T11:15:22.2522041Z [INFO] Downloading from jboss-public-repository: https://repository.jboss.org/nexus/content/groups/public/org/apache/maven/surefire/common-junit3/3.0.0-M7/common-junit3-3.0.0-M7.jar
Quarkus UT (windows-latest)	Run unit tests	2024-11-27T11:15:22.2527548Z [INFO] Downloading from jboss-public-repository: https://repository.jboss.org/nexus/content/groups/public/org/apache/maven/surefire/common-junit4/3.0.0-M7/common-junit4-3.0.0-M7.jar
Quarkus UT (windows-latest)	Run unit tests	2024-11-27T11:15:22.2529628Z [INFO] Downloading from jboss-public-repository: https://repository.jboss.org/nexus/content/groups/public/org/apache/maven/surefire/common-java5/3.0.0-M7/common-java5-3.0.0-M7.jar
Quarkus UT (windows-latest)	Run unit tests	2024-11-27T11:15:22.3398752Z [INFO] Downloading from central: https://repo.maven.apache.org/maven2/org/apache/maven/surefire/common-junit4/3.0.0-M7/common-junit4-3.0.0-M7.jar
Quarkus UT (windows-latest)	Run unit tests	2024-11-27T11:15:22.3460999Z [INFO] Downloaded from central: https://repo.maven.apache.org/maven2/org/apache/maven/surefire/common-junit4/3.0.0-M7/common-junit4-3.0.0-M7.jar (26 kB)
Quarkus UT (windows-latest)	Run unit tests	2024-11-27T11:15:22.4448530Z [INFO] Downloading from central: https://repo.maven.apache.org/maven2/org/apache/maven/surefire/common-junit3/3.0.0-M7/common-junit3-3.0.0-M7.jar
Quarkus UT (windows-latest)	Run unit tests	2024-11-27T11:15:22.4507958Z [INFO] Downloaded from central: https://repo.maven.apache.org/maven2/org/apache/maven/surefire/common-junit3/3.0.0-M7/common-junit3-3.0.0-M7.jar (12 kB)
Quarkus UT (windows-latest)	Run unit tests	2024-11-27T11:15:22.4619025Z [INFO] Downloading from central: https://repo.maven.apache.org/maven2/org/apache/maven/surefire/common-java5/3.0.0-M7/common-java5-3.0.0-M7.jar
Quarkus UT (windows-latest)	Run unit tests	2024-11-27T11:15:22.4672217Z [INFO] Downloaded from central: https://repo.maven.apache.org/maven2/org/apache/maven/surefire/common-java5/3.0.0-M7/common-java5-3.0.0-M7.jar (17 kB)
Quarkus UT (windows-latest)	Run unit tests	2024-11-27T11:15:22.4894703Z [INFO] 
Quarkus UT (windows-latest)	Run unit tests	2024-11-27T11:15:22.4895088Z [INFO] -------------------------------------------------------
Quarkus UT (windows-latest)	Run unit tests	2024-11-27T11:15:22.4895533Z [INFO]  T E S T S
Quarkus UT (windows-latest)	Run unit tests	2024-11-27T11:15:22.4895852Z [INFO] -------------------------------------------------------
Quarkus UT (windows-latest)	Run unit tests	2024-11-27T11:15:23.1620323Z [INFO] Running org.keycloak.config.OptionBuilderTest
Quarkus UT (windows-latest)	Run unit tests	2024-11-27T11:15:23.3235266Z [INFO] Tests run: 1, Failures: 0, Errors: 0, Skipped: 0, Time elapsed: 0.094 s - in org.keycloak.config.OptionBuilderTest
Quarkus UT (windows-latest)	Run unit tests	2024-11-27T11:15:23.3243636Z [INFO] Running org.keycloak.quarkus.runtime.cli.PicocliTest
Quarkus UT (windows-latest)	Run unit tests	2024-11-27T11:15:26.5033515Z [INFO] Tests run: 30, Failures: 0, Errors: 0, Skipped: 0, Time elapsed: 3.096 s - in org.keycloak.quarkus.runtime.cli.PicocliTest
Quarkus UT (windows-latest)	Run unit tests	2024-11-27T11:15:26.5087773Z [INFO] Running org.keycloak.quarkus.runtime.configuration.ConfigArgsConfigSourceTest
Quarkus UT (windows-latest)	Run unit tests	2024-11-27T11:15:26.5089816Z [INFO] Tests run: 4, Failures: 0, Errors: 0, Skipped: 0, Time elapsed: 0.016 s - in org.keycloak.quarkus.runtime.configuration.ConfigArgsConfigSourceTest
Quarkus UT (windows-latest)	Run unit tests	2024-11-27T11:15:26.5091290Z [INFO] Running org.keycloak.quarkus.runtime.configuration.test.ConfigurationTest
Quarkus UT (windows-latest)	Run unit tests	2024-11-27T11:15:27.9273337Z [INFO] Tests run: 39, Failures: 0, Errors: 0, Skipped: 0, Time elapsed: 1.408 s - in org.keycloak.quarkus.runtime.configuration.test.ConfigurationTest
Quarkus UT (windows-latest)	Run unit tests	2024-11-27T11:15:27.9275150Z [INFO] Running org.keycloak.quarkus.runtime.configuration.test.FeaturePropertyMappersTest
Quarkus UT (windows-latest)	Run unit tests	2024-11-27T11:15:27.9332865Z [INFO] Tests run: 5, Failures: 0, Errors: 0, Skipped: 0, Time elapsed: 0 s - in org.keycloak.quarkus.runtime.configuration.test.FeaturePropertyMappersTest
Quarkus UT (windows-latest)	Run unit tests	2024-11-27T11:15:27.9335605Z [INFO] Running org.keycloak.quarkus.runtime.configuration.test.IgnoredArtifactsTest
Quarkus UT (windows-latest)	Run unit tests	2024-11-27T11:15:27.9786239Z [INFO] Tests run: 11, Failures: 0, Errors: 0, Skipped: 0, Time elapsed: 0.031 s - in org.keycloak.quarkus.runtime.configuration.test.IgnoredArtifactsTest
Quarkus UT (windows-latest)	Run unit tests	2024-11-27T11:15:27.9788011Z [INFO] Running org.keycloak.quarkus.runtime.configuration.test.LoggingConfigurationTest
Quarkus UT (windows-latest)	Run unit tests	2024-11-27T11:15:28.2159092Z [INFO] Tests run: 5, Failures: 0, Errors: 0, Skipped: 0, Time elapsed: 0.234 s - in org.keycloak.quarkus.runtime.configuration.test.LoggingConfigurationTest
Quarkus UT (windows-latest)	Run unit tests	2024-11-27T11:15:28.2160817Z [INFO] Running org.keycloak.quarkus.runtime.configuration.test.ManagementConfigurationTest
Quarkus UT (windows-latest)	Run unit tests	2024-11-27T11:15:28.5912660Z [INFO] Tests run: 18, Failures: 0, Errors: 0, Skipped: 0, Time elapsed: 0.359 s - in org.keycloak.quarkus.runtime.configuration.test.ManagementConfigurationTest
Quarkus UT (windows-latest)	Run unit tests	2024-11-27T11:15:28.5914316Z [INFO] Running org.keycloak.quarkus.runtime.configuration.test.TracingConfigurationTest
Quarkus UT (windows-latest)	Run unit tests	2024-11-27T11:15:28.8722974Z [INFO] Tests run: 10, Failures: 0, Errors: 0, Skipped: 0, Time elapsed: 0.266 s - in org.keycloak.quarkus.runtime.configuration.test.TracingConfigurationTest
Quarkus UT (windows-latest)	Run unit tests	2024-11-27T11:15:28.9129808Z Nov 27, 2024 11:15:28 AM org.jboss.logmanager.JBossLoggerFinder getLogger
Quarkus UT (windows-latest)	Run unit tests	2024-11-27T11:15:28.9130585Z ERROR: The LogManager accessed before the "java.util.logging.manager" system property was set to "org.jboss.logmanager.LogManager". Results may be unexpected.
Quarkus UT (windows-latest)	Run unit tests	2024-11-27T11:15:28.9607813Z [INFO] 
Quarkus UT (windows-latest)	Run unit tests	2024-11-27T11:15:28.9608219Z [INFO] Results:
Quarkus UT (windows-latest)	Run unit tests	2024-11-27T11:15:28.9608507Z [INFO] 
Quarkus UT (windows-latest)	Run unit tests	2024-11-27T11:15:28.9608880Z [INFO] Tests run: 123, Failures: 0, Errors: 0, Skipped: 0
Quarkus UT (windows-latest)	Run unit tests	2024-11-27T11:15:28.9609346Z [INFO] 
Quarkus UT (windows-latest)	Run unit tests	2024-11-27T11:15:28.9644103Z [INFO] 
Quarkus UT (windows-latest)	Run unit tests	2024-11-27T11:15:28.9644569Z [INFO] ----------< org.keycloak:keycloak-quarkus-server-deployment >-----------
Quarkus UT (windows-latest)	Run unit tests	2024-11-27T11:15:28.9645141Z [INFO] Building Keycloak Quarkus Server Deployment 999.0.0-SNAPSHOT       [4/5]
Quarkus UT (windows-latest)	Run unit tests	2024-11-27T11:15:28.9645788Z [INFO]   from deployment\pom.xml
Quarkus UT (windows-latest)	Run unit tests	2024-11-27T11:15:28.9646334Z [INFO] --------------------------------[ jar ]---------------------------------
Quarkus UT (windows-latest)	Run unit tests	2024-11-27T11:15:29.3145184Z [INFO] 
Quarkus UT (windows-latest)	Run unit tests	2024-11-27T11:15:29.3146188Z [INFO] --- enforcer:3.0.0-M3:enforce (enforce-java-version) @ keycloak-quarkus-server-deployment ---
Quarkus UT (windows-latest)	Run unit tests	2024-11-27T11:15:29.3165718Z [INFO] 
Quarkus UT (windows-latest)	Run unit tests	2024-11-27T11:15:29.3166555Z [INFO] --- enforcer:3.0.0-M3:enforce (enforce-maven-version) @ keycloak-quarkus-server-deployment ---
Quarkus UT (windows-latest)	Run unit tests	2024-11-27T11:15:29.3172624Z [INFO] 
Quarkus UT (windows-latest)	Run unit tests	2024-11-27T11:15:29.3173406Z [INFO] --- buildnumber:1.4:create (get-scm-revision) @ keycloak-quarkus-server-deployment ---
Quarkus UT (windows-latest)	Run unit tests	2024-11-27T11:15:29.3189980Z [INFO] 
Quarkus UT (windows-latest)	Run unit tests	2024-11-27T11:15:29.3190721Z [INFO] --- resources:3.2.0:resources (default-resources) @ keycloak-quarkus-server-deployment ---
Quarkus UT (windows-latest)	Run unit tests	2024-11-27T11:15:29.3203190Z [INFO] Using 'UTF-8' encoding to copy filtered resources.
Quarkus UT (windows-latest)	Run unit tests	2024-11-27T11:15:29.3203978Z [INFO] Using 'UTF-8' encoding to copy filtered properties files.
Quarkus UT (windows-latest)	Run unit tests	2024-11-27T11:15:29.3205017Z [INFO] skip non existing resourceDirectory D:\a\keycloak\keycloak\quarkus\deployment\src\main\resources
Quarkus UT (windows-latest)	Run unit tests	2024-11-27T11:15:29.3206250Z [INFO] 
Quarkus UT (windows-latest)	Run unit tests	2024-11-27T11:15:29.3206888Z [INFO] --- compiler:3.8.1:compile (default-compile) @ keycloak-quarkus-server-deployment ---
Quarkus UT (windows-latest)	Run unit tests	2024-11-27T11:15:29.3342771Z [INFO] Changes detected - recompiling the module!
Quarkus UT (windows-latest)	Run unit tests	2024-11-27T11:15:29.3351159Z [INFO] Compiling 13 source files to D:\a\keycloak\keycloak\quarkus\deployment\target\classes
Quarkus UT (windows-latest)	Run unit tests	2024-11-27T11:15:30.6152346Z [WARNING] /D:/a/keycloak/keycloak/quarkus/deployment/src/main/java/org/keycloak/quarkus/deployment/KeycloakProcessor.java:[378,121] DATASOURCE in org.hibernate.cfg.JdbcSettings has been deprecated
Quarkus UT (windows-latest)	Run unit tests	2024-11-27T11:15:30.6162100Z [INFO] 
Quarkus UT (windows-latest)	Run unit tests	2024-11-27T11:15:30.6162969Z [INFO] --- resources:3.2.0:testResources (default-testResources) @ keycloak-quarkus-server-deployment ---
Quarkus UT (windows-latest)	Run unit tests	2024-11-27T11:15:30.6184759Z [INFO] Using 'UTF-8' encoding to copy filtered resources.
Quarkus UT (windows-latest)	Run unit tests	2024-11-27T11:15:30.6185477Z [INFO] Using 'UTF-8' encoding to copy filtered properties files.
Quarkus UT (windows-latest)	Run unit tests	2024-11-27T11:15:30.6189771Z [INFO] Copying 1 resource
Quarkus UT (windows-latest)	Run unit tests	2024-11-27T11:15:30.6272071Z [INFO] 
Quarkus UT (windows-latest)	Run unit tests	2024-11-27T11:15:30.6272998Z [INFO] --- compiler:3.8.1:testCompile (default-testCompile) @ keycloak-quarkus-server-deployment ---
Quarkus UT (windows-latest)	Run unit tests	2024-11-27T11:15:30.6419517Z [INFO] Changes detected - recompiling the module!
Quarkus UT (windows-latest)	Run unit tests	2024-11-27T11:15:30.6426010Z [INFO] Compiling 4 source files to D:\a\keycloak\keycloak\quarkus\deployment\target\test-classes
Quarkus UT (windows-latest)	Run unit tests	2024-11-27T11:15:31.6094140Z [INFO] 
Quarkus UT (windows-latest)	Run unit tests	2024-11-27T11:15:31.6095034Z [INFO] --- surefire:3.0.0-M7:test (default-test) @ keycloak-quarkus-server-deployment ---
Quarkus UT (windows-latest)	Run unit tests	2024-11-27T11:15:31.6158174Z [INFO] Using auto detected provider org.apache.maven.surefire.junitplatform.JUnitPlatformProvider
Quarkus UT (windows-latest)	Run unit tests	2024-11-27T11:15:31.6223111Z [INFO] Downloading from jboss-public-repository: https://repository.jboss.org/nexus/content/groups/public/org/apache/maven/surefire/surefire-junit-platform/3.0.0-M7/surefire-junit-platform-3.0.0-M7.jar
Quarkus UT (windows-latest)	Run unit tests	2024-11-27T11:15:31.7207066Z [INFO] Downloading from central: https://repo.maven.apache.org/maven2/org/apache/maven/surefire/surefire-junit-platform/3.0.0-M7/surefire-junit-platform-3.0.0-M7.jar
Quarkus UT (windows-latest)	Run unit tests	2024-11-27T11:15:31.7452594Z [INFO] Downloaded from central: https://repo.maven.apache.org/maven2/org/apache/maven/surefire/surefire-junit-platform/3.0.0-M7/surefire-junit-platform-3.0.0-M7.jar (26 kB at 847 kB/s)
Quarkus UT (windows-latest)	Run unit tests	2024-11-27T11:15:31.7484354Z [INFO] Downloading from jboss-public-repository: https://repository.jboss.org/nexus/content/groups/public/org/apache/maven/surefire/surefire-junit-platform/3.0.0-M7/surefire-junit-platform-3.0.0-M7.pom
Quarkus UT (windows-latest)	Run unit tests	2024-11-27T11:15:31.8323010Z [INFO] Downloading from central: https://repo.maven.apache.org/maven2/org/apache/maven/surefire/surefire-junit-platform/3.0.0-M7/surefire-junit-platform-3.0.0-M7.pom
Quarkus UT (windows-latest)	Run unit tests	2024-11-27T11:15:31.8382664Z [INFO] Downloaded from central: https://repo.maven.apache.org/maven2/org/apache/maven/surefire/surefire-junit-platform/3.0.0-M7/surefire-junit-platform-3.0.0-M7.pom (5.3 kB at 331 kB/s)
Quarkus UT (windows-latest)	Run unit tests	2024-11-27T11:15:31.8568639Z [INFO] Downloading from jboss-public-repository: https://repository.jboss.org/nexus/content/groups/public/org/junit/platform/junit-platform-launcher/1.3.2/junit-platform-launcher-1.3.2.pom
Quarkus UT (windows-latest)	Run unit tests	2024-11-27T11:15:31.9380938Z [INFO] Downloading from central: https://repo.maven.apache.org/maven2/org/junit/platform/junit-platform-launcher/1.3.2/junit-platform-launcher-1.3.2.pom
Quarkus UT (windows-latest)	Run unit tests	2024-11-27T11:15:31.9434907Z [INFO] Downloaded from central: https://repo.maven.apache.org/maven2/org/junit/platform/junit-platform-launcher/1.3.2/junit-platform-launcher-1.3.2.pom (2.2 kB)
Quarkus UT (windows-latest)	Run unit tests	2024-11-27T11:15:31.9466114Z [INFO] Downloading from jboss-public-repository: https://repository.jboss.org/nexus/content/groups/public/org/apiguardian/apiguardian-api/1.0.0/apiguardian-api-1.0.0.pom
Quarkus UT (windows-latest)	Run unit tests	2024-11-27T11:15:32.0299268Z [INFO] Downloading from central: https://repo.maven.apache.org/maven2/org/apiguardian/apiguardian-api/1.0.0/apiguardian-api-1.0.0.pom
Quarkus UT (windows-latest)	Run unit tests	2024-11-27T11:15:32.0345657Z [INFO] Downloaded from central: https://repo.maven.apache.org/maven2/org/apiguardian/apiguardian-api/1.0.0/apiguardian-api-1.0.0.pom (1.2 kB)
Quarkus UT (windows-latest)	Run unit tests	2024-11-27T11:15:32.0373250Z [INFO] Downloading from jboss-public-repository: https://repository.jboss.org/nexus/content/groups/public/org/junit/platform/junit-platform-engine/1.3.2/junit-platform-engine-1.3.2.pom
Quarkus UT (windows-latest)	Run unit tests	2024-11-27T11:15:32.2203556Z [INFO] Downloading from central: https://repo.maven.apache.org/maven2/org/junit/platform/junit-platform-engine/1.3.2/junit-platform-engine-1.3.2.pom
Quarkus UT (windows-latest)	Run unit tests	2024-11-27T11:15:32.2264721Z [INFO] Downloaded from central: https://repo.maven.apache.org/maven2/org/junit/platform/junit-platform-engine/1.3.2/junit-platform-engine-1.3.2.pom (2.4 kB)
Quarkus UT (windows-latest)	Run unit tests	2024-11-27T11:15:32.2315157Z [INFO] Downloading from jboss-public-repository: https://repository.jboss.org/nexus/content/groups/public/org/junit/platform/junit-platform-commons/1.3.2/junit-platform-commons-1.3.2.pom
Quarkus UT (windows-latest)	Run unit tests	2024-11-27T11:15:32.3180720Z [INFO] Downloading from central: https://repo.maven.apache.org/maven2/org/junit/platform/junit-platform-commons/1.3.2/junit-platform-commons-1.3.2.pom
Quarkus UT (windows-latest)	Run unit tests	2024-11-27T11:15:32.3240426Z [INFO] Downloaded from central: https://repo.maven.apache.org/maven2/org/junit/platform/junit-platform-commons/1.3.2/junit-platform-commons-1.3.2.pom (2.0 kB at 126 kB/s)
Quarkus UT (windows-latest)	Run unit tests	2024-11-27T11:15:32.3271002Z [INFO] Downloading from jboss-public-repository: https://repository.jboss.org/nexus/content/groups/public/org/opentest4j/opentest4j/1.1.1/opentest4j-1.1.1.pom
Quarkus UT (windows-latest)	Run unit tests	2024-11-27T11:15:32.4090542Z [INFO] Downloading from central: https://repo.maven.apache.org/maven2/org/opentest4j/opentest4j/1.1.1/opentest4j-1.1.1.pom
Quarkus UT (windows-latest)	Run unit tests	2024-11-27T11:15:32.4134504Z [INFO] Downloaded from central: https://repo.maven.apache.org/maven2/org/opentest4j/opentest4j/1.1.1/opentest4j-1.1.1.pom (1.7 kB)
Quarkus UT (windows-latest)	Run unit tests	2024-11-27T11:15:32.4168093Z [INFO] Downloading from jboss-public-repository: https://repository.jboss.org/nexus/content/groups/public/org/junit/jupiter/junit-jupiter-engine/5.3.2/junit-jupiter-engine-5.3.2.pom
Quarkus UT (windows-latest)	Run unit tests	2024-11-27T11:15:32.5051803Z [INFO] Downloading from central: https://repo.maven.apache.org/maven2/org/junit/jupiter/junit-jupiter-engine/5.3.2/junit-jupiter-engine-5.3.2.pom
Quarkus UT (windows-latest)	Run unit tests	2024-11-27T11:15:32.5105735Z [INFO] Downloaded from central: https://repo.maven.apache.org/maven2/org/junit/jupiter/junit-jupiter-engine/5.3.2/junit-jupiter-engine-5.3.2.pom (2.4 kB at 150 kB/s)
Quarkus UT (windows-latest)	Run unit tests	2024-11-27T11:15:32.5174071Z [INFO] Downloading from jboss-public-repository: https://repository.jboss.org/nexus/content/groups/public/org/junit/jupiter/junit-jupiter-api/5.3.2/junit-jupiter-api-5.3.2.pom
Quarkus UT (windows-latest)	Run unit tests	2024-11-27T11:15:32.6221162Z [INFO] Downloading from central: https://repo.maven.apache.org/maven2/org/junit/jupiter/junit-jupiter-api/5.3.2/junit-jupiter-api-5.3.2.pom
Quarkus UT (windows-latest)	Run unit tests	2024-11-27T11:15:32.6270988Z [INFO] Downloaded from central: https://repo.maven.apache.org/maven2/org/junit/jupiter/junit-jupiter-api/5.3.2/junit-jupiter-api-5.3.2.pom (2.4 kB)
Quarkus UT (windows-latest)	Run unit tests	2024-11-27T11:15:32.6324895Z [INFO] Downloading from jboss-public-repository: https://repository.jboss.org/nexus/content/groups/public/org/junit/jupiter/junit-jupiter-params/5.3.2/junit-jupiter-params-5.3.2.pom
Quarkus UT (windows-latest)	Run unit tests	2024-11-27T11:15:32.7215398Z [INFO] Downloading from central: https://repo.maven.apache.org/maven2/org/junit/jupiter/junit-jupiter-params/5.3.2/junit-jupiter-params-5.3.2.pom
Quarkus UT (windows-latest)	Run unit tests	2024-11-27T11:15:32.7268315Z [INFO] Downloaded from central: https://repo.maven.apache.org/maven2/org/junit/jupiter/junit-jupiter-params/5.3.2/junit-jupiter-params-5.3.2.pom (2.2 kB)
Quarkus UT (windows-latest)	Run unit tests	2024-11-27T11:15:32.7302730Z [INFO] Downloading from jboss-public-repository: https://repository.jboss.org/nexus/content/groups/public/org/mockito/mockito-core/2.28.2/mockito-core-2.28.2.pom
Quarkus UT (windows-latest)	Run unit tests	2024-11-27T11:15:32.8139265Z [INFO] Downloading from central: https://repo.maven.apache.org/maven2/org/mockito/mockito-core/2.28.2/mockito-core-2.28.2.pom
Quarkus UT (windows-latest)	Run unit tests	2024-11-27T11:15:32.8200660Z [INFO] Downloaded from central: https://repo.maven.apache.org/maven2/org/mockito/mockito-core/2.28.2/mockito-core-2.28.2.pom (20 kB)
Quarkus UT (windows-latest)	Run unit tests	2024-11-27T11:15:32.8235607Z [INFO] Downloading from jboss-public-repository: https://repository.jboss.org/nexus/content/groups/public/net/bytebuddy/byte-buddy/1.9.10/byte-buddy-1.9.10.pom
Quarkus UT (windows-latest)	Run unit tests	2024-11-27T11:15:32.9131535Z [INFO] Downloading from central: https://repo.maven.apache.org/maven2/net/bytebuddy/byte-buddy/1.9.10/byte-buddy-1.9.10.pom
Quarkus UT (windows-latest)	Run unit tests	2024-11-27T11:15:32.9185116Z [INFO] Downloaded from central: https://repo.maven.apache.org/maven2/net/bytebuddy/byte-buddy/1.9.10/byte-buddy-1.9.10.pom (10 kB at 645 kB/s)
Quarkus UT (windows-latest)	Run unit tests	2024-11-27T11:15:32.9210005Z [INFO] Downloading from jboss-public-repository: https://repository.jboss.org/nexus/content/groups/public/net/bytebuddy/byte-buddy-parent/1.9.10/byte-buddy-parent-1.9.10.pom
Quarkus UT (windows-latest)	Run unit tests	2024-11-27T11:15:33.0112898Z [INFO] Downloading from central: https://repo.maven.apache.org/maven2/net/bytebuddy/byte-buddy-parent/1.9.10/byte-buddy-parent-1.9.10.pom
Quarkus UT (windows-latest)	Run unit tests	2024-11-27T11:15:33.0164984Z [INFO] Downloaded from central: https://repo.maven.apache.org/maven2/net/bytebuddy/byte-buddy-parent/1.9.10/byte-buddy-parent-1.9.10.pom (36 kB)
Quarkus UT (windows-latest)	Run unit tests	2024-11-27T11:15:33.0223654Z [INFO] Downloading from jboss-public-repository: https://repository.jboss.org/nexus/content/groups/public/net/bytebuddy/byte-buddy-agent/1.9.10/byte-buddy-agent-1.9.10.pom
Quarkus UT (windows-latest)	Run unit tests	2024-11-27T11:15:33.1100892Z [INFO] Downloading from central: https://repo.maven.apache.org/maven2/net/bytebuddy/byte-buddy-agent/1.9.10/byte-buddy-agent-1.9.10.pom
Quarkus UT (windows-latest)	Run unit tests	2024-11-27T11:15:33.1150824Z [INFO] Downloaded from central: https://repo.maven.apache.org/maven2/net/bytebuddy/byte-buddy-agent/1.9.10/byte-buddy-agent-1.9.10.pom (6.0 kB)
Quarkus UT (windows-latest)	Run unit tests	2024-11-27T11:15:33.1238950Z [INFO] Downloading from jboss-public-repository: https://repository.jboss.org/nexus/content/groups/public/org/powermock/powermock-reflect/2.0.9/powermock-reflect-2.0.9.pom
Quarkus UT (windows-latest)	Run unit tests	2024-11-27T11:15:33.3426595Z [INFO] Downloading from central: https://repo.maven.apache.org/maven2/org/powermock/powermock-reflect/2.0.9/powermock-reflect-2.0.9.pom
Quarkus UT (windows-latest)	Run unit tests	2024-11-27T11:15:33.3484112Z [INFO] Downloaded from central: https://repo.maven.apache.org/maven2/org/powermock/powermock-reflect/2.0.9/powermock-reflect-2.0.9.pom (7.9 kB)
Quarkus UT (windows-latest)	Run unit tests	2024-11-27T11:15:33.3516833Z [INFO] Downloading from jboss-public-repository: https://repository.jboss.org/nexus/content/groups/public/net/bytebuddy/byte-buddy/1.10.14/byte-buddy-1.10.14.pom
Quarkus UT (windows-latest)	Run unit tests	2024-11-27T11:15:33.4620991Z [INFO] Downloading from central: https://repo.maven.apache.org/maven2/net/bytebuddy/byte-buddy/1.10.14/byte-buddy-1.10.14.pom
Quarkus UT (windows-latest)	Run unit tests	2024-11-27T11:15:33.4674321Z [INFO] Downloaded from central: https://repo.maven.apache.org/maven2/net/bytebuddy/byte-buddy/1.10.14/byte-buddy-1.10.14.pom (11 kB at 690 kB/s)
Quarkus UT (windows-latest)	Run unit tests	2024-11-27T11:15:33.4706391Z [INFO] Downloading from jboss-public-repository: https://repository.jboss.org/nexus/content/groups/public/net/bytebuddy/byte-buddy-parent/1.10.14/byte-buddy-parent-1.10.14.pom
Quarkus UT (windows-latest)	Run unit tests	2024-11-27T11:15:33.5616862Z [INFO] Downloading from central: https://repo.maven.apache.org/maven2/net/bytebuddy/byte-buddy-parent/1.10.14/byte-buddy-parent-1.10.14.pom
Quarkus UT (windows-latest)	Run unit tests	2024-11-27T11:15:33.5672702Z [INFO] Downloaded from central: https://repo.maven.apache.org/maven2/net/bytebuddy/byte-buddy-parent/1.10.14/byte-buddy-parent-1.10.14.pom (41 kB)
Quarkus UT (windows-latest)	Run unit tests	2024-11-27T11:15:33.5732837Z [INFO] Downloading from jboss-public-repository: https://repository.jboss.org/nexus/content/groups/public/net/bytebuddy/byte-buddy-agent/1.10.14/byte-buddy-agent-1.10.14.pom
Quarkus UT (windows-latest)	Run unit tests	2024-11-27T11:15:33.6701320Z [INFO] Downloading from central: https://repo.maven.apache.org/maven2/net/bytebuddy/byte-buddy-agent/1.10.14/byte-buddy-agent-1.10.14.pom
Quarkus UT (windows-latest)	Run unit tests	2024-11-27T11:15:33.6749122Z [INFO] Downloaded from central: https://repo.maven.apache.org/maven2/net/bytebuddy/byte-buddy-agent/1.10.14/byte-buddy-agent-1.10.14.pom (9.6 kB at 598 kB/s)
Quarkus UT (windows-latest)	Run unit tests	2024-11-27T11:15:33.6889931Z [INFO] Downloading from jboss-public-repository: https://repository.jboss.org/nexus/content/groups/public/org/apiguardian/apiguardian-api/1.0.0/apiguardian-api-1.0.0.jar
Quarkus UT (windows-latest)	Run unit tests	2024-11-27T11:15:33.6892794Z [INFO] Downloading from jboss-public-repository: https://repository.jboss.org/nexus/content/groups/public/org/junit/platform/junit-platform-engine/1.3.2/junit-platform-engine-1.3.2.jar
Quarkus UT (windows-latest)	Run unit tests	2024-11-27T11:15:33.6895270Z [INFO] Downloading from jboss-public-repository: https://repository.jboss.org/nexus/content/groups/public/org/junit/platform/junit-platform-launcher/1.3.2/junit-platform-launcher-1.3.2.jar
Quarkus UT (windows-latest)	Run unit tests	2024-11-27T11:15:33.6898264Z [INFO] Downloading from jboss-public-repository: https://repository.jboss.org/nexus/content/groups/public/org/junit/platform/junit-platform-commons/1.3.2/junit-platform-commons-1.3.2.jar
Quarkus UT (windows-latest)	Run unit tests	2024-11-27T11:15:33.6900607Z [INFO] Downloading from jboss-public-repository: https://repository.jboss.org/nexus/content/groups/public/org/opentest4j/opentest4j/1.1.1/opentest4j-1.1.1.jar
Quarkus UT (windows-latest)	Run unit tests	2024-11-27T11:15:33.8664884Z [INFO] Downloading from central: https://repo.maven.apache.org/maven2/org/junit/platform/junit-platform-engine/1.3.2/junit-platform-engine-1.3.2.jar
Quarkus UT (windows-latest)	Run unit tests	2024-11-27T11:15:33.8744138Z [INFO] Downloading from central: https://repo.maven.apache.org/maven2/org/apiguardian/apiguardian-api/1.0.0/apiguardian-api-1.0.0.jar
Quarkus UT (windows-latest)	Run unit tests	2024-11-27T11:15:33.8756042Z [INFO] Downloaded from central: https://repo.maven.apache.org/maven2/org/junit/platform/junit-platform-engine/1.3.2/junit-platform-engine-1.3.2.jar (138 kB at 8.7 MB/s)
Quarkus UT (windows-latest)	Run unit tests	2024-11-27T11:15:33.8794201Z [INFO] Downloading from central: https://repo.maven.apache.org/maven2/org/junit/platform/junit-platform-launcher/1.3.2/junit-platform-launcher-1.3.2.jar
Quarkus UT (windows-latest)	Run unit tests	2024-11-27T11:15:33.8797129Z [INFO] Downloaded from central: https://repo.maven.apache.org/maven2/org/apiguardian/apiguardian-api/1.0.0/apiguardian-api-1.0.0.jar (2.2 kB at 135 kB/s)
Quarkus UT (windows-latest)	Run unit tests	2024-11-27T11:15:33.8818456Z [INFO] Downloading from central: https://repo.maven.apache.org/maven2/org/opentest4j/opentest4j/1.1.1/opentest4j-1.1.1.jar
Quarkus UT (windows-latest)	Run unit tests	2024-11-27T11:15:33.8860637Z [INFO] Downloaded from central: https://repo.maven.apache.org/maven2/org/junit/platform/junit-platform-launcher/1.3.2/junit-platform-launcher-1.3.2.jar (95 kB)
Quarkus UT (windows-latest)	Run unit tests	2024-11-27T11:15:33.8926730Z [INFO] Downloaded from central: https://repo.maven.apache.org/maven2/org/opentest4j/opentest4j/1.1.1/opentest4j-1.1.1.jar (7.1 kB at 445 kB/s)
Quarkus UT (windows-latest)	Run unit tests	2024-11-27T11:15:33.9169734Z [INFO] Downloading from central: https://repo.maven.apache.org/maven2/org/junit/platform/junit-platform-commons/1.3.2/junit-platform-commons-1.3.2.jar
Quarkus UT (windows-latest)	Run unit tests	2024-11-27T11:15:33.9235515Z [INFO] Downloaded from central: https://repo.maven.apache.org/maven2/org/junit/platform/junit-platform-commons/1.3.2/junit-platform-commons-1.3.2.jar (78 kB at 4.9 MB/s)
Quarkus UT (windows-latest)	Run unit tests	2024-11-27T11:15:33.9336752Z [INFO] 
Quarkus UT (windows-latest)	Run unit tests	2024-11-27T11:15:33.9337122Z [INFO] -------------------------------------------------------
Quarkus UT (windows-latest)	Run unit tests	2024-11-27T11:15:33.9337453Z [INFO]  T E S T S
Quarkus UT (windows-latest)	Run unit tests	2024-11-27T11:15:33.9337727Z [INFO] -------------------------------------------------------
Quarkus UT (windows-latest)	Run unit tests	2024-11-27T11:15:34.8071872Z [INFO] Running test.org.keycloak.quarkus.services.health.KeycloakMetricsConfigurationTest
Quarkus UT (windows-latest)	Run unit tests	2024-11-27T11:15:54.8841016Z 2024-11-27 11:15:54,851 INFO  [org.keycloak.quarkus.runtime.storage.database.liquibase.QuarkusJpaUpdaterProvider] (main) Initializing database schema. Using changelog META-INF/jpa-changelog-master.xml
Quarkus UT (windows-latest)	Run unit tests	2024-11-27T11:15:57.6268932Z 2024-11-27 11:15:57,571 WARN  [io.agroal.pool] (main) Datasource '<default>': JDBC resources leaked: 1 ResultSet(s) and 0 Statement(s)
Quarkus UT (windows-latest)	Run unit tests	2024-11-27T11:15:58.0334187Z 2024-11-27 11:15:58,020 INFO  [org.keycloak.quarkus.runtime.storage.infinispan.CacheManagerFactory] (main) Starting Infinispan embedded cache manager
Quarkus UT (windows-latest)	Run unit tests	2024-11-27T11:15:58.4393952Z 2024-11-27 11:15:58,403 INFO  [org.infinispan.CONTAINER] (main) ISPN000556: Starting user marshaller 'org.infinispan.commons.marshall.ImmutableProtoStreamMarshaller'
Quarkus UT (windows-latest)	Run unit tests	2024-11-27T11:15:58.6416306Z 2024-11-27 11:15:58,638 WARN  [org.jgroups.stack.Configurator] (main) JGRP000014: ThreadPool.thread_dumps_threshold has been deprecated: ignored
Quarkus UT (windows-latest)	Run unit tests	2024-11-27T11:15:58.7570059Z 2024-11-27 11:15:58,652 INFO  [org.infinispan.CLUSTER] (main) ISPN000078: Starting JGroups channel `ISPN` with stack `jdbc-ping`
Quarkus UT (windows-latest)	Run unit tests	2024-11-27T11:15:58.7571885Z 2024-11-27 11:15:58,654 INFO  [org.jgroups.JChannel] (main) local_addr: 2413ec4e-1bab-4556-86d0-3e6e8222e7d6, name: fv-az653-80-15372
Quarkus UT (windows-latest)	Run unit tests	2024-11-27T11:15:58.7574122Z 2024-11-27 11:15:58,660 ERROR [org.infinispan.CONFIG] (main) ISPN000660: DefaultCacheManager start failed, stopping any running components: org.infinispan.commons.CacheException: Unable to start JGroups Channel
Quarkus UT (windows-latest)	Run unit tests	2024-11-27T11:15:58.7576452Z 	at org.infinispan.remoting.transport.jgroups.JGroupsTransport.startJGroupsChannelIfNeeded(JGroupsTransport.java:583)
Quarkus UT (windows-latest)	Run unit tests	2024-11-27T11:15:58.7577916Z 	at org.infinispan.remoting.transport.jgroups.JGroupsTransport.start(JGroupsTransport.java:456)
Quarkus UT (windows-latest)	Run unit tests	2024-11-27T11:15:58.7579161Z 	at org.infinispan.remoting.transport.jgroups.CorePackageImpl$2.start(CorePackageImpl.java:64)
Quarkus UT (windows-latest)	Run unit tests	2024-11-27T11:15:58.7580321Z 	at org.infinispan.remoting.transport.jgroups.CorePackageImpl$2.start(CorePackageImpl.java:49)
Quarkus UT (windows-latest)	Run unit tests	2024-11-27T11:15:58.7581630Z 	at org.infinispan.factories.impl.BasicComponentRegistryImpl.invokeStart(BasicComponentRegistryImpl.java:616)
Quarkus UT (windows-latest)	Run unit tests	2024-11-27T11:15:58.7583117Z 	at org.infinispan.factories.impl.BasicComponentRegistryImpl.doStartWrapper(BasicComponentRegistryImpl.java:607)
Quarkus UT (windows-latest)	Run unit tests	2024-11-27T11:15:58.7584647Z 	at org.infinispan.factories.impl.BasicComponentRegistryImpl.startWrapper(BasicComponentRegistryImpl.java:576)
Quarkus UT (windows-latest)	Run unit tests	2024-11-27T11:15:58.7586195Z 	at org.infinispan.factories.impl.BasicComponentRegistryImpl$ComponentWrapper.running(BasicComponentRegistryImpl.java:807)
Quarkus UT (windows-latest)	Run unit tests	2024-11-27T11:15:58.7587799Z 	at org.infinispan.factories.impl.BasicComponentRegistryImpl.startDependencies(BasicComponentRegistryImpl.java:634)
Quarkus UT (windows-latest)	Run unit tests	2024-11-27T11:15:58.7589360Z 	at org.infinispan.factories.impl.BasicComponentRegistryImpl.doStartWrapper(BasicComponentRegistryImpl.java:598)
Quarkus UT (windows-latest)	Run unit tests	2024-11-27T11:15:58.7590840Z 	at org.infinispan.factories.impl.BasicComponentRegistryImpl.startWrapper(BasicComponentRegistryImpl.java:576)
Quarkus UT (windows-latest)	Run unit tests	2024-11-27T11:15:58.7592355Z 	at org.infinispan.factories.impl.BasicComponentRegistryImpl$ComponentWrapper.running(BasicComponentRegistryImpl.java:807)
Quarkus UT (windows-latest)	Run unit tests	2024-11-27T11:15:58.7593717Z 	at org.infinispan.factories.GlobalComponentRegistry.preStart(GlobalComponentRegistry.java:307)
Quarkus UT (windows-latest)	Run unit tests	2024-11-27T11:15:58.7594896Z 	at org.infinispan.factories.AbstractComponentRegistry.start(AbstractComponentRegistry.java:241)
Quarkus UT (windows-latest)	Run unit tests	2024-11-27T11:15:58.7596062Z 	at org.infinispan.manager.DefaultCacheManager.internalStart(DefaultCacheManager.java:778)
Quarkus UT (windows-latest)	Run unit tests	2024-11-27T11:15:58.7597107Z 	at org.infinispan.manager.DefaultCacheManager.start(DefaultCacheManager.java:746)
Quarkus UT (windows-latest)	Run unit tests	2024-11-27T11:15:58.7598081Z 	at org.infinispan.manager.DefaultCacheManager.<init>(DefaultCacheManager.java:412)
Quarkus UT (windows-latest)	Run unit tests	2024-11-27T11:15:58.7599659Z 	at org.keycloak.quarkus.runtime.storage.infinispan.CacheManagerFactory.startEmbeddedCacheManager(CacheManagerFactory.java:366)
Quarkus UT (windows-latest)	Run unit tests	2024-11-27T11:15:58.7601319Z 	at org.keycloak.quarkus.runtime.storage.infinispan.CacheManagerFactory.lambda$new$1(CacheManagerFactory.java:127)
Quarkus UT (windows-latest)	Run unit tests	2024-11-27T11:15:58.7603072Z 	at org.keycloak.quarkus.runtime.storage.infinispan.CacheManagerFactory.getOrCreateEmbeddedCacheManager(CacheManagerFactory.java:163)
Quarkus UT (windows-latest)	Run unit tests	2024-11-27T11:15:58.7605224Z 	at org.keycloak.quarkus.runtime.storage.infinispan.CacheManagerFactory_Uq0wIYR2uOCznFEYZOJeeAi-Obg_Synthetic_ClientProxy.getOrCreateEmbeddedCacheManager(Unknown Source)
Quarkus UT (windows-latest)	Run unit tests	2024-11-27T11:15:58.7607453Z 	at org.keycloak.quarkus.runtime.storage.infinispan.QuarkusCacheManagerProvider.getEmbeddedCacheManager(QuarkusCacheManagerProvider.java:32)
Quarkus UT (windows-latest)	Run unit tests	2024-11-27T11:15:58.7609587Z 	at org.keycloak.connections.infinispan.DefaultInfinispanConnectionProviderFactory.lazyInit(DefaultInfinispanConnectionProviderFactory.java:210)
Quarkus UT (windows-latest)	Run unit tests	2024-11-27T11:15:58.7612391Z 	at org.keycloak.connections.infinispan.DefaultInfinispanConnectionProviderFactory.create(DefaultInfinispanConnectionProviderFactory.java:118)
Quarkus UT (windows-latest)	Run unit tests	2024-11-27T11:15:58.7614600Z 	at org.keycloak.connections.infinispan.DefaultInfinispanConnectionProviderFactory.create(DefaultInfinispanConnectionProviderFactory.java:99)
Quarkus UT (windows-latest)	Run unit tests	2024-11-27T11:15:58.7616387Z 	at org.keycloak.services.DefaultKeycloakSession.getOrCreateProvider(DefaultKeycloakSession.java:184)
Quarkus UT (windows-latest)	Run unit tests	2024-11-27T11:15:58.7617664Z 	at org.keycloak.services.DefaultKeycloakSession.getProvider(DefaultKeycloakSession.java:173)
Quarkus UT (windows-latest)	Run unit tests	2024-11-27T11:15:58.7619507Z 	at org.keycloak.models.cache.infinispan.InfinispanCacheRealmProviderFactory.lazyInit(InfinispanCacheRealmProviderFactory.java:55)
Quarkus UT (windows-latest)	Run unit tests	2024-11-27T11:15:58.7620953Z 	at org.keycloak.models.cache.infinispan.InfinispanCacheRealmProviderFactory.create(InfinispanCacheRealmProviderFactory.java:47)
Quarkus UT (windows-latest)	Run unit tests	2024-11-27T11:15:58.7621903Z 	at org.keycloak.models.cache.infinispan.InfinispanCacheRealmProviderFactory.create(InfinispanCacheRealmProviderFactory.java:37)
Quarkus UT (windows-latest)	Run unit tests	2024-11-27T11:15:58.7622753Z 	at org.keycloak.services.DefaultKeycloakSession.getOrCreateProvider(DefaultKeycloakSession.java:184)
Quarkus UT (windows-latest)	Run unit tests	2024-11-27T11:15:58.7623412Z 	at org.keycloak.services.DefaultKeycloakSession.getProvider(DefaultKeycloakSession.java:173)
Quarkus UT (windows-latest)	Run unit tests	2024-11-27T11:15:58.7624180Z 	at org.keycloak.storage.datastore.DefaultDatastoreProvider.getRealmProvider(DefaultDatastoreProvider.java:156)
Quarkus UT (windows-latest)	Run unit tests	2024-11-27T11:15:58.7624922Z 	at org.keycloak.storage.datastore.DefaultDatastoreProvider.realms(DefaultDatastoreProvider.java:234)
Quarkus UT (windows-latest)	Run unit tests	2024-11-27T11:15:58.7625560Z 	at org.keycloak.services.DefaultKeycloakSession.realms(DefaultKeycloakSession.java:258)
Quarkus UT (windows-latest)	Run unit tests	2024-11-27T11:15:58.7626107Z 	at org.keycloak.migration.migrators.MigrateTo1_2_0.migrate(MigrateTo1_2_0.java:69)
Quarkus UT (windows-latest)	Run unit tests	2024-11-27T11:15:58.7626719Z 	at org.keycloak.storage.datastore.DefaultMigrationManager.migrate(DefaultMigrationManager.java:157)
Quarkus UT (windows-latest)	Run unit tests	2024-11-27T11:15:58.7627373Z 	at org.keycloak.migration.MigrationModelManager.migrate(MigrationModelManager.java:33)
Quarkus UT (windows-latest)	Run unit tests	2024-11-27T11:15:58.7628232Z 	at org.keycloak.quarkus.runtime.storage.database.jpa.QuarkusJpaConnectionProviderFactory.migrateModel(QuarkusJpaConnectionProviderFactory.java:202)
Quarkus UT (windows-latest)	Run unit tests	2024-11-27T11:15:58.7629351Z 	at org.keycloak.quarkus.runtime.storage.database.jpa.QuarkusJpaConnectionProviderFactory.initSchema(QuarkusJpaConnectionProviderFactory.java:197)
Quarkus UT (windows-latest)	Run unit tests	2024-11-27T11:15:58.7630249Z 	at org.keycloak.models.utils.KeycloakModelUtils.lambda$runJobInTransaction$1(KeycloakModelUtils.java:314)
Quarkus UT (windows-latest)	Run unit tests	2024-11-27T11:15:58.7630970Z 	at org.keycloak.models.utils.KeycloakModelUtils.runJobInTransactionWithResult(KeycloakModelUtils.java:433)
Quarkus UT (windows-latest)	Run unit tests	2024-11-27T11:15:58.7631678Z 	at org.keycloak.models.utils.KeycloakModelUtils.runJobInTransaction(KeycloakModelUtils.java:313)
Quarkus UT (windows-latest)	Run unit tests	2024-11-27T11:15:58.7632330Z 	at org.keycloak.models.utils.KeycloakModelUtils.runJobInTransaction(KeycloakModelUtils.java:303)
Quarkus UT (windows-latest)	Run unit tests	2024-11-27T11:15:58.7633396Z 	at org.keycloak.quarkus.runtime.storage.database.jpa.QuarkusJpaConnectionProviderFactory.postInit(QuarkusJpaConnectionProviderFactory.java:130)
Quarkus UT (windows-latest)	Run unit tests	2024-11-27T11:15:58.7634363Z 	at org.keycloak.services.DefaultKeycloakSessionFactory.initializeProviders(DefaultKeycloakSessionFactory.java:167)
Quarkus UT (windows-latest)	Run unit tests	2024-11-27T11:15:58.7635187Z 	at org.keycloak.services.DefaultKeycloakSessionFactory.initializeProviders(DefaultKeycloakSessionFactory.java:164)
Quarkus UT (windows-latest)	Run unit tests	2024-11-27T11:15:58.7636002Z 	at org.keycloak.services.DefaultKeycloakSessionFactory.initializeProviders(DefaultKeycloakSessionFactory.java:164)
Quarkus UT (windows-latest)	Run unit tests	2024-11-27T11:15:58.7636832Z 	at org.keycloak.services.DefaultKeycloakSessionFactory.initProviderFactories(DefaultKeycloakSessionFactory.java:144)
Quarkus UT (windows-latest)	Run unit tests	2024-11-27T11:15:58.7637679Z 	at org.keycloak.services.DefaultKeycloakSessionFactory.initProviderFactories(DefaultKeycloakSessionFactory.java:125)
Quarkus UT (windows-latest)	Run unit tests	2024-11-27T11:15:58.7638518Z 	at org.keycloak.quarkus.runtime.integration.QuarkusKeycloakSessionFactory.init(QuarkusKeycloakSessionFactory.java:87)
Quarkus UT (windows-latest)	Run unit tests	2024-11-27T11:15:58.7639444Z 	at org.keycloak.quarkus.runtime.integration.jaxrs.QuarkusKeycloakApplication.createSessionFactory(QuarkusKeycloakApplication.java:67)
Quarkus UT (windows-latest)	Run unit tests	2024-11-27T11:15:58.7640267Z 	at org.keycloak.services.resources.KeycloakApplication.startup(KeycloakApplication.java:89)
Quarkus UT (windows-latest)	Run unit tests	2024-11-27T11:15:58.7641052Z 	at org.keycloak.quarkus.runtime.integration.jaxrs.QuarkusKeycloakApplication.onStartupEvent(QuarkusKeycloakApplication.java:52)
Quarkus UT (windows-latest)	Run unit tests	2024-11-27T11:15:58.7642059Z 	at org.keycloak.quarkus.runtime.integration.jaxrs.QuarkusKeycloakApplication_Observer_onStartupEvent_GNZ8m5QenZ9h9VNelo7awjUZFDE.notify(Unknown Source)
Quarkus UT (windows-latest)	Run unit tests	2024-11-27T11:15:58.7642830Z 	at io.quarkus.arc.impl.EventImpl$Notifier.notifyObservers(EventImpl.java:351)
Quarkus UT (windows-latest)	Run unit tests	2024-11-27T11:15:58.7643390Z 	at io.quarkus.arc.impl.EventImpl$Notifier.notify(EventImpl.java:333)
Quarkus UT (windows-latest)	Run unit tests	2024-11-27T11:15:58.7643764Z 	at io.quarkus.arc.impl.EventImpl.fire(EventImpl.java:80)
Quarkus UT (windows-latest)	Run unit tests	2024-11-27T11:15:58.7644183Z 	at io.quarkus.arc.runtime.ArcRecorder.fireLifecycleEvent(ArcRecorder.java:156)
Quarkus UT (windows-latest)	Run unit tests	2024-11-27T11:15:58.7644694Z 	at io.quarkus.arc.runtime.ArcRecorder.handleLifecycleEvents(ArcRecorder.java:107)
Quarkus UT (windows-latest)	Run unit tests	2024-11-27T11:15:58.7645358Z 	at io.quarkus.deployment.steps.LifecycleEventsBuildStep$startupEvent1144526294.deploy_0(Unknown Source)
Quarkus UT (windows-latest)	Run unit tests	2024-11-27T11:15:58.7646063Z 	at io.quarkus.deployment.steps.LifecycleEventsBuildStep$startupEvent1144526294.deploy(Unknown Source)
Quarkus UT (windows-latest)	Run unit tests	2024-11-27T11:15:58.7646580Z 	at io.quarkus.runner.ApplicationImpl.doStart(Unknown Source)
Quarkus UT (windows-latest)	Run unit tests	2024-11-27T11:15:58.7646961Z 	at io.quarkus.runtime.Application.start(Application.java:101)
Quarkus UT (windows-latest)	Run unit tests	2024-11-27T11:15:58.7647507Z 	at java.base/jdk.internal.reflect.DirectMethodHandleAccessor.invoke(DirectMethodHandleAccessor.java:103)
Quarkus UT (windows-latest)	Run unit tests	2024-11-27T11:15:58.7648047Z 	at java.base/java.lang.reflect.Method.invoke(Method.java:580)
Quarkus UT (windows-latest)	Run unit tests	2024-11-27T11:15:58.7648488Z 	at io.quarkus.runner.bootstrap.StartupActionImpl.run(StartupActionImpl.java:305)
Quarkus UT (windows-latest)	Run unit tests	2024-11-27T11:15:58.7648968Z 	at io.quarkus.test.QuarkusUnitTest.beforeAll(QuarkusUnitTest.java:661)
Quarkus UT (windows-latest)	Run unit tests	2024-11-27T11:15:58.7649655Z 	at org.junit.jupiter.engine.descriptor.ClassBasedTestDescriptor.lambda$invokeBeforeAllCallbacks$12(ClassBasedTestDescriptor.java:396)
Quarkus UT (windows-latest)	Run unit tests	2024-11-27T11:15:58.7650489Z 	at org.junit.platform.engine.support.hierarchical.ThrowableCollector.execute(ThrowableCollector.java:73)
Quarkus UT (windows-latest)	Run unit tests	2024-11-27T11:15:58.7651311Z 	at org.junit.jupiter.engine.descriptor.ClassBasedTestDescriptor.invokeBeforeAllCallbacks(ClassBasedTestDescriptor.java:396)
Quarkus UT (windows-latest)	Run unit tests	2024-11-27T11:15:58.7652123Z 	at org.junit.jupiter.engine.descriptor.ClassBasedTestDescriptor.before(ClassBasedTestDescriptor.java:212)
Quarkus UT (windows-latest)	Run unit tests	2024-11-27T11:15:58.7652848Z 	at org.junit.jupiter.engine.descriptor.ClassBasedTestDescriptor.before(ClassBasedTestDescriptor.java:85)
Quarkus UT (windows-latest)	Run unit tests	2024-11-27T11:15:58.7653590Z 	at org.junit.platform.engine.support.hierarchical.NodeTestTask.lambda$executeRecursively$6(NodeTestTask.java:148)
Quarkus UT (windows-latest)	Run unit tests	2024-11-27T11:15:58.7654331Z 	at org.junit.platform.engine.support.hierarchical.ThrowableCollector.execute(ThrowableCollector.java:73)
Quarkus UT (windows-latest)	Run unit tests	2024-11-27T11:15:58.7656031Z 	at org.junit.platform.engine.support.hierarchical.NodeTestTask.lambda$executeRecursively$8(NodeTestTask.java:141)
Quarkus UT (windows-latest)	Run unit tests	2024-11-27T11:15:58.7657226Z 	at org.junit.platform.engine.support.hierarchical.Node.around(Node.java:137)
Quarkus UT (windows-latest)	Run unit tests	2024-11-27T11:15:58.7658107Z 	at org.junit.platform.engine.support.hierarchical.NodeTestTask.lambda$executeRecursively$9(NodeTestTask.java:139)
Quarkus UT (windows-latest)	Run unit tests	2024-11-27T11:15:58.7658859Z 	at org.junit.platform.engine.support.hierarchical.ThrowableCollector.execute(ThrowableCollector.java:73)
Quarkus UT (windows-latest)	Run unit tests	2024-11-27T11:15:58.7659584Z 	at org.junit.platform.engine.support.hierarchical.NodeTestTask.executeRecursively(NodeTestTask.java:138)
Quarkus UT (windows-latest)	Run unit tests	2024-11-27T11:15:58.7660283Z 	at org.junit.platform.engine.support.hierarchical.NodeTestTask.execute(NodeTestTask.java:95)
Quarkus UT (windows-latest)	Run unit tests	2024-11-27T11:15:58.7660788Z 	at java.base/java.util.ArrayList.forEach(ArrayList.java:1596)
Quarkus UT (windows-latest)	Run unit tests	2024-11-27T11:15:58.7661570Z 	at org.junit.platform.engine.support.hierarchical.SameThreadHierarchicalTestExecutorService.invokeAll(SameThreadHierarchicalTestExecutorService.java:41)
Quarkus UT (windows-latest)	Run unit tests	2024-11-27T11:15:58.7662546Z 	at org.junit.platform.engine.support.hierarchical.NodeTestTask.lambda$executeRecursively$6(NodeTestTask.java:155)
Quarkus UT (windows-latest)	Run unit tests	2024-11-27T11:15:58.7663289Z 	at org.junit.platform.engine.support.hierarchical.ThrowableCollector.execute(ThrowableCollector.java:73)
Quarkus UT (windows-latest)	Run unit tests	2024-11-27T11:15:58.7664028Z 	at org.junit.platform.engine.support.hierarchical.NodeTestTask.lambda$executeRecursively$8(NodeTestTask.java:141)
Quarkus UT (windows-latest)	Run unit tests	2024-11-27T11:15:58.7664659Z 	at org.junit.platform.engine.support.hierarchical.Node.around(Node.java:137)
Quarkus UT (windows-latest)	Run unit tests	2024-11-27T11:15:58.7665282Z 	at org.junit.platform.engine.support.hierarchical.NodeTestTask.lambda$executeRecursively$9(NodeTestTask.java:139)
Quarkus UT (windows-latest)	Run unit tests	2024-11-27T11:15:58.7666210Z 	at org.junit.platform.engine.support.hierarchical.ThrowableCollector.execute(ThrowableCollector.java:73)
Quarkus UT (windows-latest)	Run unit tests	2024-11-27T11:15:58.7666924Z 	at org.junit.platform.engine.support.hierarchical.NodeTestTask.executeRecursively(NodeTestTask.java:138)
Quarkus UT (windows-latest)	Run unit tests	2024-11-27T11:15:58.7667593Z 	at org.junit.platform.engine.support.hierarchical.NodeTestTask.execute(NodeTestTask.java:95)
Quarkus UT (windows-latest)	Run unit tests	2024-11-27T11:15:58.7668482Z 	at org.junit.platform.engine.support.hierarchical.SameThreadHierarchicalTestExecutorService.submit(SameThreadHierarchicalTestExecutorService.java:35)
Quarkus UT (windows-latest)	Run unit tests	2024-11-27T11:15:58.7669469Z 	at org.junit.platform.engine.support.hierarchical.HierarchicalTestExecutor.execute(HierarchicalTestExecutor.java:57)
Quarkus UT (windows-latest)	Run unit tests	2024-11-27T11:15:58.7670285Z 	at org.junit.platform.engine.support.hierarchical.HierarchicalTestEngine.execute(HierarchicalTestEngine.java:54)
Quarkus UT (windows-latest)	Run unit tests	2024-11-27T11:15:58.7671061Z 	at org.junit.platform.launcher.core.EngineExecutionOrchestrator.execute(EngineExecutionOrchestrator.java:198)
Quarkus UT (windows-latest)	Run unit tests	2024-11-27T11:15:58.7671815Z 	at org.junit.platform.launcher.core.EngineExecutionOrchestrator.execute(EngineExecutionOrchestrator.java:169)
Quarkus UT (windows-latest)	Run unit tests	2024-11-27T11:15:58.7672558Z 	at org.junit.platform.launcher.core.EngineExecutionOrchestrator.execute(EngineExecutionOrchestrator.java:93)
Quarkus UT (windows-latest)	Run unit tests	2024-11-27T11:15:58.7673334Z 	at org.junit.platform.launcher.core.EngineExecutionOrchestrator.lambda$execute$0(EngineExecutionOrchestrator.java:58)
Quarkus UT (windows-latest)	Run unit tests	2024-11-27T11:15:58.7674193Z 	at org.junit.platform.launcher.core.EngineExecutionOrchestrator.withInterceptedStreams(EngineExecutionOrchestrator.java:141)
Quarkus UT (windows-latest)	Run unit tests	2024-11-27T11:15:58.7675017Z 	at org.junit.platform.launcher.core.EngineExecutionOrchestrator.execute(EngineExecutionOrchestrator.java:57)
Quarkus UT (windows-latest)	Run unit tests	2024-11-27T11:15:58.7675659Z 	at org.junit.platform.launcher.core.DefaultLauncher.execute(DefaultLauncher.java:103)
Quarkus UT (windows-latest)	Run unit tests	2024-11-27T11:15:58.7676205Z 	at org.junit.platform.launcher.core.DefaultLauncher.execute(DefaultLauncher.java:85)
Quarkus UT (windows-latest)	Run unit tests	2024-11-27T11:15:58.7676777Z 	at org.junit.platform.launcher.core.DelegatingLauncher.execute(DelegatingLauncher.java:47)
Quarkus UT (windows-latest)	Run unit tests	2024-11-27T11:15:58.7677357Z 	at org.apache.maven.surefire.junitplatform.LazyLauncher.execute(LazyLauncher.java:55)
Quarkus UT (windows-latest)	Run unit tests	2024-11-27T11:15:58.7678001Z 	at org.apache.maven.surefire.junitplatform.JUnitPlatformProvider.execute(JUnitPlatformProvider.java:223)
Quarkus UT (windows-latest)	Run unit tests	2024-11-27T11:15:58.7678867Z 	at org.apache.maven.surefire.junitplatform.JUnitPlatformProvider.invokeAllTests(JUnitPlatformProvider.java:175)
Quarkus UT (windows-latest)	Run unit tests	2024-11-27T11:15:58.7679619Z 	at org.apache.maven.surefire.junitplatform.JUnitPlatformProvider.invoke(JUnitPlatformProvider.java:139)
Quarkus UT (windows-latest)	Run unit tests	2024-11-27T11:15:58.7680286Z 	at org.apache.maven.surefire.booter.ForkedBooter.runSuitesInProcess(ForkedBooter.java:456)
Quarkus UT (windows-latest)	Run unit tests	2024-11-27T11:15:58.7680837Z 	at org.apache.maven.surefire.booter.ForkedBooter.execute(ForkedBooter.java:169)
Quarkus UT (windows-latest)	Run unit tests	2024-11-27T11:15:58.7681329Z 	at org.apache.maven.surefire.booter.ForkedBooter.run(ForkedBooter.java:595)
Quarkus UT (windows-latest)	Run unit tests	2024-11-27T11:15:58.7681807Z 	at org.apache.maven.surefire.booter.ForkedBooter.main(ForkedBooter.java:581)
Quarkus UT (windows-latest)	Run unit tests	2024-11-27T11:15:58.7682435Z Caused by: java.lang.IllegalStateException: fv-az653-80-15372: failed to find an available port in ports [57800, 57801, 57802, 57803]
Quarkus UT (windows-latest)	Run unit tests	2024-11-27T11:15:58.7683043Z 	at org.jgroups.protocols.FD_SOCK2.createServer(FD_SOCK2.java:330)
Quarkus UT (windows-latest)	Run unit tests	2024-11-27T11:15:58.7683416Z 	at org.jgroups.protocols.FD_SOCK2.start(FD_SOCK2.java:163)
Quarkus UT (windows-latest)	Run unit tests	2024-11-27T11:15:58.7683807Z 	at org.jgroups.stack.ProtocolStack.startStack(ProtocolStack.java:910)
Quarkus UT (windows-latest)	Run unit tests	2024-11-27T11:15:58.7684200Z 	at org.jgroups.JChannel.startStack(JChannel.java:936)
Quarkus UT (windows-latest)	Run unit tests	2024-11-27T11:15:58.7684524Z 	at org.jgroups.JChannel._preConnect(JChannel.java:814)
Quarkus UT (windows-latest)	Run unit tests	2024-11-27T11:15:58.7684843Z 	at org.jgroups.JChannel.connect(JChannel.java:328)
Quarkus UT (windows-latest)	Run unit tests	2024-11-27T11:15:58.7685143Z 	at org.jgroups.JChannel.connect(JChannel.java:321)
Quarkus UT (windows-latest)	Run unit tests	2024-11-27T11:15:58.7685718Z 	at org.infinispan.remoting.transport.jgroups.JGroupsTransport.startJGroupsChannelIfNeeded(JGroupsTransport.java:581)
Quarkus UT (windows-latest)	Run unit tests	2024-11-27T11:15:58.7686261Z 	... 110 more
Quarkus UT (windows-latest)	Run unit tests	2024-11-27T11:15:58.7686471Z 
Quarkus UT (windows-latest)	Run unit tests	2024-11-27T11:15:58.7686738Z 2024-11-27 11:15:58,676 INFO  [com.arjuna.ats.jbossatx] (main) ARJUNA032014: Stopping transaction recovery manager
Quarkus UT (windows-latest)	Run unit tests	2024-11-27T11:15:59.0279035Z [ERROR] Tests run: 1, Failures: 0, Errors: 1, Skipped: 0, Time elapsed: 24.07 s <<< FAILURE! - in test.org.keycloak.quarkus.services.health.KeycloakMetricsConfigurationTest
Quarkus UT (windows-latest)	Run unit tests	2024-11-27T11:15:59.0285394Z [ERROR] test.org.keycloak.quarkus.services.health.KeycloakMetricsConfigurationTest  Time elapsed: 24.07 s  <<< ERROR!
Quarkus UT (windows-latest)	Run unit tests	2024-11-27T11:15:59.0288864Z java.lang.RuntimeException: java.lang.RuntimeException: Failed to start quarkus
Quarkus UT (windows-latest)	Run unit tests	2024-11-27T11:15:59.0289966Z 	at io.quarkus.test.QuarkusUnitTest.beforeAll(QuarkusUnitTest.java:708)
Quarkus UT (windows-latest)	Run unit tests	2024-11-27T11:15:59.0290876Z 	at java.base/java.util.ArrayList.forEach(ArrayList.java:1596)
Quarkus UT (windows-latest)	Run unit tests	2024-11-27T11:15:59.0291674Z Caused by: java.lang.RuntimeException: Failed to start quarkus
Quarkus UT (windows-latest)	Run unit tests	2024-11-27T11:15:59.0292492Z 	at io.quarkus.runner.ApplicationImpl.doStart(Unknown Source)
Quarkus UT (windows-latest)	Run unit tests	2024-11-27T11:15:59.0293353Z 	at io.quarkus.runtime.Application.start(Application.java:101)
Quarkus UT (windows-latest)	Run unit tests	2024-11-27T11:15:59.0294141Z 	at java.base/java.lang.reflect.Method.invoke(Method.java:580)
Quarkus UT (windows-latest)	Run unit tests	2024-11-27T11:15:59.0295024Z 	at io.quarkus.runner.bootstrap.StartupActionImpl.run(StartupActionImpl.java:305)
Quarkus UT (windows-latest)	Run unit tests	2024-11-27T11:15:59.0295890Z 	at io.quarkus.test.QuarkusUnitTest.beforeAll(QuarkusUnitTest.java:661)
Quarkus UT (windows-latest)	Run unit tests	2024-11-27T11:15:59.0296468Z 	... 1 more
Quarkus UT (windows-latest)	Run unit tests	2024-11-27T11:15:59.0297197Z Caused by: org.infinispan.manager.EmbeddedCacheManagerStartupException: Unable to start JGroups Channel
Quarkus UT (windows-latest)	Run unit tests	2024-11-27T11:15:59.0298352Z 	at org.infinispan.manager.DefaultCacheManager.internalStart(DefaultCacheManager.java:781)
Quarkus UT (windows-latest)	Run unit tests	2024-11-27T11:15:59.0305638Z 	at org.infinispan.manager.DefaultCacheManager.start(DefaultCacheManager.java:746)
Quarkus UT (windows-latest)	Run unit tests	2024-11-27T11:15:59.0306702Z 	at org.infinispan.manager.DefaultCacheManager.<init>(DefaultCacheManager.java:412)
Quarkus UT (windows-latest)	Run unit tests	2024-11-27T11:15:59.0308151Z 	at org.keycloak.quarkus.runtime.storage.infinispan.CacheManagerFactory.startEmbeddedCacheManager(CacheManagerFactory.java:366)
Quarkus UT (windows-latest)	Run unit tests	2024-11-27T11:15:59.0310268Z 	at org.keycloak.quarkus.runtime.storage.infinispan.CacheManagerFactory.lambda$new$1(CacheManagerFactory.java:127)
Quarkus UT (windows-latest)	Run unit tests	2024-11-27T11:15:59.0312078Z 	at org.keycloak.quarkus.runtime.storage.infinispan.CacheManagerFactory.getOrCreateEmbeddedCacheManager(CacheManagerFactory.java:163)
Quarkus UT (windows-latest)	Run unit tests	2024-11-27T11:15:59.0314502Z 	at org.keycloak.quarkus.runtime.storage.infinispan.CacheManagerFactory_Uq0wIYR2uOCznFEYZOJeeAi-Obg_Synthetic_ClientProxy.getOrCreateEmbeddedCacheManager(Unknown Source)
Quarkus UT (windows-latest)	Run unit tests	2024-11-27T11:15:59.0316628Z 	at org.keycloak.quarkus.runtime.storage.infinispan.QuarkusCacheManagerProvider.getEmbeddedCacheManager(QuarkusCacheManagerProvider.java:32)
Quarkus UT (windows-latest)	Run unit tests	2024-11-27T11:15:59.0318744Z 	at org.keycloak.connections.infinispan.DefaultInfinispanConnectionProviderFactory.lazyInit(DefaultInfinispanConnectionProviderFactory.java:210)
Quarkus UT (windows-latest)	Run unit tests	2024-11-27T11:15:59.0338861Z 	at org.keycloak.connections.infinispan.DefaultInfinispanConnectionProviderFactory.create(DefaultInfinispanConnectionProviderFactory.java:118)
Quarkus UT (windows-latest)	Run unit tests	2024-11-27T11:15:59.0778107Z 	at org.keycloak.connections.infinispan.DefaultInfinispanConnectionProviderFactory.create(DefaultInfinispanConnectionProviderFactory.java:99)
Quarkus UT (windows-latest)	Run unit tests	2024-11-27T11:15:59.0922026Z 	at org.keycloak.services.DefaultKeycloakSession.getOrCreateProvider(DefaultKeycloakSession.java:184)
Quarkus UT (windows-latest)	Run unit tests	2024-11-27T11:15:59.0923417Z 	at org.keycloak.services.DefaultKeycloakSession.getProvider(DefaultKeycloakSession.java:173)
Quarkus UT (windows-latest)	Run unit tests	2024-11-27T11:15:59.0924959Z 	at org.keycloak.models.cache.infinispan.InfinispanCacheRealmProviderFactory.lazyInit(InfinispanCacheRealmProviderFactory.java:55)
Quarkus UT (windows-latest)	Run unit tests	2024-11-27T11:15:59.0926817Z 	at org.keycloak.models.cache.infinispan.InfinispanCacheRealmProviderFactory.create(InfinispanCacheRealmProviderFactory.java:47)
Quarkus UT (windows-latest)	Run unit tests	2024-11-27T11:15:59.0928679Z 	at org.keycloak.models.cache.infinispan.InfinispanCacheRealmProviderFactory.create(InfinispanCacheRealmProviderFactory.java:37)
Quarkus UT (windows-latest)	Run unit tests	2024-11-27T11:15:59.0930255Z 	at org.keycloak.services.DefaultKeycloakSession.getOrCreateProvider(DefaultKeycloakSession.java:184)
Quarkus UT (windows-latest)	Run unit tests	2024-11-27T11:15:59.0931915Z 	at org.keycloak.services.DefaultKeycloakSession.getProvider(DefaultKeycloakSession.java:173)
Quarkus UT (windows-latest)	Run unit tests	2024-11-27T11:15:59.0933282Z 	at org.keycloak.storage.datastore.DefaultDatastoreProvider.getRealmProvider(DefaultDatastoreProvider.java:156)
Quarkus UT (windows-latest)	Run unit tests	2024-11-27T11:15:59.0934728Z 	at org.keycloak.storage.datastore.DefaultDatastoreProvider.realms(DefaultDatastoreProvider.java:234)
Quarkus UT (windows-latest)	Run unit tests	2024-11-27T11:15:59.0935933Z 	at org.keycloak.services.DefaultKeycloakSession.realms(DefaultKeycloakSession.java:258)
Quarkus UT (windows-latest)	Run unit tests	2024-11-27T11:15:59.0936962Z 	at org.keycloak.migration.migrators.MigrateTo1_2_0.migrate(MigrateTo1_2_0.java:69)
Quarkus UT (windows-latest)	Run unit tests	2024-11-27T11:15:59.0938085Z 	at org.keycloak.storage.datastore.DefaultMigrationManager.migrate(DefaultMigrationManager.java:157)
Quarkus UT (windows-latest)	Run unit tests	2024-11-27T11:15:59.0939284Z 	at org.keycloak.migration.MigrationModelManager.migrate(MigrationModelManager.java:33)
Quarkus UT (windows-latest)	Run unit tests	2024-11-27T11:15:59.0940928Z 	at org.keycloak.quarkus.runtime.storage.database.jpa.QuarkusJpaConnectionProviderFactory.migrateModel(QuarkusJpaConnectionProviderFactory.java:202)
Quarkus UT (windows-latest)	Run unit tests	2024-11-27T11:15:59.0943148Z 	at org.keycloak.quarkus.runtime.storage.database.jpa.QuarkusJpaConnectionProviderFactory.initSchema(QuarkusJpaConnectionProviderFactory.java:197)
Quarkus UT (windows-latest)	Run unit tests	2024-11-27T11:15:59.0944909Z 	at org.keycloak.models.utils.KeycloakModelUtils.lambda$runJobInTransaction$1(KeycloakModelUtils.java:314)
Quarkus UT (windows-latest)	Run unit tests	2024-11-27T11:15:59.0946392Z 	at org.keycloak.models.utils.KeycloakModelUtils.runJobInTransactionWithResult(KeycloakModelUtils.java:433)
Quarkus UT (windows-latest)	Run unit tests	2024-11-27T11:15:59.0947758Z 	at org.keycloak.models.utils.KeycloakModelUtils.runJobInTransaction(KeycloakModelUtils.java:313)
Quarkus UT (windows-latest)	Run unit tests	2024-11-27T11:15:59.0949029Z 	at org.keycloak.models.utils.KeycloakModelUtils.runJobInTransaction(KeycloakModelUtils.java:303)
Quarkus UT (windows-latest)	Run unit tests	2024-11-27T11:15:59.1076066Z 	at org.keycloak.quarkus.runtime.storage.database.jpa.QuarkusJpaConnectionProviderFactory.postInit(QuarkusJpaConnectionProviderFactory.java:130)
Quarkus UT (windows-latest)	Run unit tests	2024-11-27T11:15:59.1078266Z 	at org.keycloak.services.DefaultKeycloakSessionFactory.initializeProviders(DefaultKeycloakSessionFactory.java:167)
Quarkus UT (windows-latest)	Run unit tests	2024-11-27T11:15:59.1079947Z 	at org.keycloak.services.DefaultKeycloakSessionFactory.initializeProviders(DefaultKeycloakSessionFactory.java:164)
Quarkus UT (windows-latest)	Run unit tests	2024-11-27T11:15:59.1081556Z 	at org.keycloak.services.DefaultKeycloakSessionFactory.initializeProviders(DefaultKeycloakSessionFactory.java:164)
Quarkus UT (windows-latest)	Run unit tests	2024-11-27T11:15:59.1083436Z 	at org.keycloak.services.DefaultKeycloakSessionFactory.initProviderFactories(DefaultKeycloakSessionFactory.java:144)
Quarkus UT (windows-latest)	Run unit tests	2024-11-27T11:15:59.1084969Z 	at org.keycloak.services.DefaultKeycloakSessionFactory.initProviderFactories(DefaultKeycloakSessionFactory.java:125)
Quarkus UT (windows-latest)	Run unit tests	2024-11-27T11:15:59.1086510Z 	at org.keycloak.quarkus.runtime.integration.QuarkusKeycloakSessionFactory.init(QuarkusKeycloakSessionFactory.java:87)
Quarkus UT (windows-latest)	Run unit tests	2024-11-27T11:15:59.1088168Z 	at org.keycloak.quarkus.runtime.integration.jaxrs.QuarkusKeycloakApplication.createSessionFactory(QuarkusKeycloakApplication.java:67)
Quarkus UT (windows-latest)	Run unit tests	2024-11-27T11:15:59.1089694Z 	at org.keycloak.services.resources.KeycloakApplication.startup(KeycloakApplication.java:89)
Quarkus UT (windows-latest)	Run unit tests	2024-11-27T11:15:59.1091099Z 	at org.keycloak.quarkus.runtime.integration.jaxrs.QuarkusKeycloakApplication.onStartupEvent(QuarkusKeycloakApplication.java:52)
Quarkus UT (windows-latest)	Run unit tests	2024-11-27T11:15:59.1092934Z 	at org.keycloak.quarkus.runtime.integration.jaxrs.QuarkusKeycloakApplication_Observer_onStartupEvent_GNZ8m5QenZ9h9VNelo7awjUZFDE.notify(Unknown Source)
Quarkus UT (windows-latest)	Run unit tests	2024-11-27T11:15:59.1094313Z 	at io.quarkus.arc.impl.EventImpl$Notifier.notifyObservers(EventImpl.java:351)
Quarkus UT (windows-latest)	Run unit tests	2024-11-27T11:15:59.1095050Z 	at io.quarkus.arc.impl.EventImpl$Notifier.notify(EventImpl.java:333)
Quarkus UT (windows-latest)	Run unit tests	2024-11-27T11:15:59.1095702Z 	at io.quarkus.arc.impl.EventImpl.fire(EventImpl.java:80)
Quarkus UT (windows-latest)	Run unit tests	2024-11-27T11:15:59.1096414Z 	at io.quarkus.arc.runtime.ArcRecorder.fireLifecycleEvent(ArcRecorder.java:156)
Quarkus UT (windows-latest)	Run unit tests	2024-11-27T11:15:59.1097346Z 	at io.quarkus.arc.runtime.ArcRecorder.handleLifecycleEvents(ArcRecorder.java:107)
Quarkus UT (windows-latest)	Run unit tests	2024-11-27T11:15:59.1098442Z 	at io.quarkus.deployment.steps.LifecycleEventsBuildStep$startupEvent1144526294.deploy_0(Unknown Source)
Quarkus UT (windows-latest)	Run unit tests	2024-11-27T11:15:59.1100923Z 	at io.quarkus.deployment.steps.LifecycleEventsBuildStep$startupEvent1144526294.deploy(Unknown Source)
Quarkus UT (windows-latest)	Run unit tests	2024-11-27T11:15:59.1101721Z 	... 6 more
Quarkus UT (windows-latest)	Run unit tests	2024-11-27T11:15:59.1102231Z Caused by: org.infinispan.commons.CacheException: Unable to start JGroups Channel
Quarkus UT (windows-latest)	Run unit tests	2024-11-27T11:15:59.1103496Z 	at org.infinispan.remoting.transport.jgroups.JGroupsTransport.startJGroupsChannelIfNeeded(JGroupsTransport.java:583)
Quarkus UT (windows-latest)	Run unit tests	2024-11-27T11:15:59.1107354Z 	at org.infinispan.remoting.transport.jgroups.JGroupsTransport.start(JGroupsTransport.java:456)
Quarkus UT (windows-latest)	Run unit tests	2024-11-27T11:15:59.1113059Z 	at org.infinispan.remoting.transport.jgroups.CorePackageImpl$2.start(CorePackageImpl.java:64)
Quarkus UT (windows-latest)	Run unit tests	2024-11-27T11:15:59.1115618Z 	at org.infinispan.remoting.transport.jgroups.CorePackageImpl$2.start(CorePackageImpl.java:49)
Quarkus UT (windows-latest)	Run unit tests	2024-11-27T11:15:59.1116972Z 	at org.infinispan.factories.impl.BasicComponentRegistryImpl.invokeStart(BasicComponentRegistryImpl.java:616)
Quarkus UT (windows-latest)	Run unit tests	2024-11-27T11:15:59.1118808Z 	at org.infinispan.factories.impl.BasicComponentRegistryImpl.doStartWrapper(BasicComponentRegistryImpl.java:607)
Quarkus UT (windows-latest)	Run unit tests	2024-11-27T11:15:59.1120368Z 	at org.infinispan.factories.impl.BasicComponentRegistryImpl.startWrapper(BasicComponentRegistryImpl.java:576)
Quarkus UT (windows-latest)	Run unit tests	2024-11-27T11:15:59.1121955Z 	at org.infinispan.factories.impl.BasicComponentRegistryImpl$ComponentWrapper.running(BasicComponentRegistryImpl.java:807)
Quarkus UT (windows-latest)	Run unit tests	2024-11-27T11:15:59.1123540Z 	at org.infinispan.factories.impl.BasicComponentRegistryImpl.startDependencies(BasicComponentRegistryImpl.java:634)
Quarkus UT (windows-latest)	Run unit tests	2024-11-27T11:15:59.1125124Z 	at org.infinispan.factories.impl.BasicComponentRegistryImpl.doStartWrapper(BasicComponentRegistryImpl.java:598)
Quarkus UT (windows-latest)	Run unit tests	2024-11-27T11:15:59.1126638Z 	at org.infinispan.factories.impl.BasicComponentRegistryImpl.startWrapper(BasicComponentRegistryImpl.java:576)
Quarkus UT (windows-latest)	Run unit tests	2024-11-27T11:15:59.1128190Z 	at org.infinispan.factories.impl.BasicComponentRegistryImpl$ComponentWrapper.running(BasicComponentRegistryImpl.java:807)
Quarkus UT (windows-latest)	Run unit tests	2024-11-27T11:15:59.1143778Z 	at org.infinispan.factories.GlobalComponentRegistry.preStart(GlobalComponentRegistry.java:307)
Quarkus UT (windows-latest)	Run unit tests	2024-11-27T11:15:59.1145108Z 	at org.infinispan.factories.AbstractComponentRegistry.start(AbstractComponentRegistry.java:241)
Quarkus UT (windows-latest)	Run unit tests	2024-11-27T11:15:59.1146341Z 	at org.infinispan.manager.DefaultCacheManager.internalStart(DefaultCacheManager.java:778)
Quarkus UT (windows-latest)	Run unit tests	2024-11-27T11:15:59.1147411Z 	... 53 more
Quarkus UT (windows-latest)	Run unit tests	2024-11-27T11:15:59.1148187Z Caused by: java.lang.IllegalStateException: fv-az653-80-15372: failed to find an available port in ports [57800, 57801, 57802, 57803]
Quarkus UT (windows-latest)	Run unit tests	2024-11-27T11:15:59.1149209Z 	at org.jgroups.protocols.FD_SOCK2.createServer(FD_SOCK2.java:330)
Quarkus UT (windows-latest)	Run unit tests	2024-11-27T11:15:59.1149843Z 	at org.jgroups.protocols.FD_SOCK2.start(FD_SOCK2.java:163)
Quarkus UT (windows-latest)	Run unit tests	2024-11-27T11:15:59.1150543Z 	at org.jgroups.stack.ProtocolStack.startStack(ProtocolStack.java:910)
Quarkus UT (windows-latest)	Run unit tests	2024-11-27T11:15:59.1151255Z 	at org.jgroups.JChannel.startStack(JChannel.java:936)
Quarkus UT (windows-latest)	Run unit tests	2024-11-27T11:15:59.1151845Z 	at org.jgroups.JChannel._preConnect(JChannel.java:814)
Quarkus UT (windows-latest)	Run unit tests	2024-11-27T11:15:59.1152418Z 	at org.jgroups.JChannel.connect(JChannel.java:328)
Quarkus UT (windows-latest)	Run unit tests	2024-11-27T11:15:59.1152961Z 	at org.jgroups.JChannel.connect(JChannel.java:321)
Quarkus UT (windows-latest)	Run unit tests	2024-11-27T11:15:59.1154073Z 	at org.infinispan.remoting.transport.jgroups.JGroupsTransport.startJGroupsChannelIfNeeded(JGroupsTransport.java:581)
Quarkus UT (windows-latest)	Run unit tests	2024-11-27T11:15:59.1155118Z 	... 67 more
Quarkus UT (windows-latest)	Run unit tests	2024-11-27T11:15:59.1155277Z 
Quarkus UT (windows-latest)	Run unit tests	2024-11-27T11:15:59.1155787Z [INFO] Running test.org.keycloak.quarkus.services.health.KeycloakNegativeHealthCheckTest
Quarkus UT (windows-latest)	Run unit tests	2024-11-27T11:16:09.8788810Z 2024-11-27 11:16:09,862 INFO  [org.keycloak.quarkus.runtime.storage.database.liquibase.QuarkusJpaUpdaterProvider] (main) Initializing database schema. Using changelog META-INF/jpa-changelog-master.xml
Quarkus UT (windows-latest)	Run unit tests	2024-11-27T11:16:12.4244688Z 2024-11-27 11:16:12,315 WARN  [io.agroal.pool] (main) Datasource '<default>': JDBC resources leaked: 1 ResultSet(s) and 0 Statement(s)
Quarkus UT (windows-latest)	Run unit tests	2024-11-27T11:16:12.7527650Z 2024-11-27 11:16:12,720 INFO  [org.keycloak.quarkus.runtime.storage.infinispan.CacheManagerFactory] (main) Starting Infinispan embedded cache manager
Quarkus UT (windows-latest)	Run unit tests	2024-11-27T11:16:13.0808428Z 2024-11-27 11:16:13,033 INFO  [org.infinispan.CONTAINER] (main) ISPN000556: Starting user marshaller 'org.infinispan.commons.marshall.ImmutableProtoStreamMarshaller'
Quarkus UT (windows-latest)	Run unit tests	2024-11-27T11:16:13.3002628Z 2024-11-27 11:16:13,252 WARN  [org.jgroups.stack.Configurator] (main) JGRP000014: ThreadPool.thread_dumps_threshold has been deprecated: ignored
Quarkus UT (windows-latest)	Run unit tests	2024-11-27T11:16:13.3004700Z 2024-11-27 11:16:13,252 INFO  [org.infinispan.CLUSTER] (main) ISPN000078: Starting JGroups channel `ISPN` with stack `jdbc-ping`
Quarkus UT (windows-latest)	Run unit tests	2024-11-27T11:16:13.3006134Z 2024-11-27 11:16:13,252 INFO  [org.jgroups.JChannel] (main) local_addr: 67e0a101-224a-4972-bc37-3acfcfa98067, name: fv-az653-80-40555
Quarkus UT (windows-latest)	Run unit tests	2024-11-27T11:16:13.3007645Z 2024-11-27 11:16:13,267 ERROR [org.infinispan.CONFIG] (main) ISPN000660: DefaultCacheManager start failed, stopping any running components: org.infinispan.commons.CacheException: Unable to start JGroups Channel
Quarkus UT (windows-latest)	Run unit tests	2024-11-27T11:16:13.3008762Z 	at org.infinispan.remoting.transport.jgroups.JGroupsTransport.startJGroupsChannelIfNeeded(JGroupsTransport.java:583)
Quarkus UT (windows-latest)	Run unit tests	2024-11-27T11:16:13.3009572Z 	at org.infinispan.remoting.transport.jgroups.JGroupsTransport.start(JGroupsTransport.java:456)
Quarkus UT (windows-latest)	Run unit tests	2024-11-27T11:16:13.3011347Z 	at org.infinispan.remoting.transport.jgroups.CorePackageImpl$2.start(CorePackageImpl.java:64)
Quarkus UT (windows-latest)	Run unit tests	2024-11-27T11:16:13.3013076Z 	at org.infinispan.remoting.transport.jgroups.CorePackageImpl$2.start(CorePackageImpl.java:49)
Quarkus UT (windows-latest)	Run unit tests	2024-11-27T11:16:13.3015501Z 	at org.infinispan.factories.impl.BasicComponentRegistryImpl.invokeStart(BasicComponentRegistryImpl.java:616)
Quarkus UT (windows-latest)	Run unit tests	2024-11-27T11:16:13.3020918Z 	at org.infinispan.factories.impl.BasicComponentRegistryImpl.doStartWrapper(BasicComponentRegistryImpl.java:607)
Quarkus UT (windows-latest)	Run unit tests	2024-11-27T11:16:13.3022431Z 	at org.infinispan.factories.impl.BasicComponentRegistryImpl.startWrapper(BasicComponentRegistryImpl.java:576)
Quarkus UT (windows-latest)	Run unit tests	2024-11-27T11:16:13.3023963Z 	at org.infinispan.factories.impl.BasicComponentRegistryImpl$ComponentWrapper.running(BasicComponentRegistryImpl.java:807)
Quarkus UT (windows-latest)	Run unit tests	2024-11-27T11:16:13.3025515Z 	at org.infinispan.factories.impl.BasicComponentRegistryImpl.startDependencies(BasicComponentRegistryImpl.java:634)
Quarkus UT (windows-latest)	Run unit tests	2024-11-27T11:16:13.3027006Z 	at org.infinispan.factories.impl.BasicComponentRegistryImpl.doStartWrapper(BasicComponentRegistryImpl.java:598)
Quarkus UT (windows-latest)	Run unit tests	2024-11-27T11:16:13.3028172Z 	at org.infinispan.factories.impl.BasicComponentRegistryImpl.startWrapper(BasicComponentRegistryImpl.java:576)
Quarkus UT (windows-latest)	Run unit tests	2024-11-27T11:16:13.3028996Z 	at org.infinispan.factories.impl.BasicComponentRegistryImpl$ComponentWrapper.running(BasicComponentRegistryImpl.java:807)
Quarkus UT (windows-latest)	Run unit tests	2024-11-27T11:16:13.3030012Z 	at org.infinispan.factories.GlobalComponentRegistry.preStart(GlobalComponentRegistry.java:307)
Quarkus UT (windows-latest)	Run unit tests	2024-11-27T11:16:13.3031076Z 	at org.infinispan.factories.AbstractComponentRegistry.start(AbstractComponentRegistry.java:241)
Quarkus UT (windows-latest)	Run unit tests	2024-11-27T11:16:13.3032247Z 	at org.infinispan.manager.DefaultCacheManager.internalStart(DefaultCacheManager.java:778)
Quarkus UT (windows-latest)	Run unit tests	2024-11-27T11:16:13.3033297Z 	at org.infinispan.manager.DefaultCacheManager.start(DefaultCacheManager.java:746)
Quarkus UT (windows-latest)	Run unit tests	2024-11-27T11:16:13.3033843Z 	at org.infinispan.manager.DefaultCacheManager.<init>(DefaultCacheManager.java:412)
Quarkus UT (windows-latest)	Run unit tests	2024-11-27T11:16:13.3034582Z 	at org.keycloak.quarkus.runtime.storage.infinispan.CacheManagerFactory.startEmbeddedCacheManager(CacheManagerFactory.java:366)
Quarkus UT (windows-latest)	Run unit tests	2024-11-27T11:16:13.3035468Z 	at org.keycloak.quarkus.runtime.storage.infinispan.CacheManagerFactory.lambda$new$1(CacheManagerFactory.java:127)
Quarkus UT (windows-latest)	Run unit tests	2024-11-27T11:16:13.3036377Z 	at org.keycloak.quarkus.runtime.storage.infinispan.CacheManagerFactory.getOrCreateEmbeddedCacheManager(CacheManagerFactory.java:163)
Quarkus UT (windows-latest)	Run unit tests	2024-11-27T11:16:13.3037522Z 	at org.keycloak.quarkus.runtime.storage.infinispan.CacheManagerFactory_Uq0wIYR2uOCznFEYZOJeeAi-Obg_Synthetic_ClientProxy.getOrCreateEmbeddedCacheManager(Unknown Source)
Quarkus UT (windows-latest)	Run unit tests	2024-11-27T11:16:13.3038673Z 	at org.keycloak.quarkus.runtime.storage.infinispan.QuarkusCacheManagerProvider.getEmbeddedCacheManager(QuarkusCacheManagerProvider.java:32)
Quarkus UT (windows-latest)	Run unit tests	2024-11-27T11:16:13.3040017Z 	at org.keycloak.connections.infinispan.DefaultInfinispanConnectionProviderFactory.lazyInit(DefaultInfinispanConnectionProviderFactory.java:210)
Quarkus UT (windows-latest)	Run unit tests	2024-11-27T11:16:13.3041112Z 	at org.keycloak.connections.infinispan.DefaultInfinispanConnectionProviderFactory.create(DefaultInfinispanConnectionProviderFactory.java:118)
Quarkus UT (windows-latest)	Run unit tests	2024-11-27T11:16:13.3042209Z 	at org.keycloak.connections.infinispan.DefaultInfinispanConnectionProviderFactory.create(DefaultInfinispanConnectionProviderFactory.java:99)
Quarkus UT (windows-latest)	Run unit tests	2024-11-27T11:16:13.3043109Z 	at org.keycloak.services.DefaultKeycloakSession.getOrCreateProvider(DefaultKeycloakSession.java:184)
Quarkus UT (windows-latest)	Run unit tests	2024-11-27T11:16:13.3043781Z 	at org.keycloak.services.DefaultKeycloakSession.getProvider(DefaultKeycloakSession.java:173)
Quarkus UT (windows-latest)	Run unit tests	2024-11-27T11:16:13.3044584Z 	at org.keycloak.models.cache.infinispan.InfinispanCacheRealmProviderFactory.lazyInit(InfinispanCacheRealmProviderFactory.java:55)
Quarkus UT (windows-latest)	Run unit tests	2024-11-27T11:16:13.3045538Z 	at org.keycloak.models.cache.infinispan.InfinispanCacheRealmProviderFactory.create(InfinispanCacheRealmProviderFactory.java:47)
Quarkus UT (windows-latest)	Run unit tests	2024-11-27T11:16:13.3046487Z 	at org.keycloak.models.cache.infinispan.InfinispanCacheRealmProviderFactory.create(InfinispanCacheRealmProviderFactory.java:37)
Quarkus UT (windows-latest)	Run unit tests	2024-11-27T11:16:13.3047304Z 	at org.keycloak.services.DefaultKeycloakSession.getOrCreateProvider(DefaultKeycloakSession.java:184)
Quarkus UT (windows-latest)	Run unit tests	2024-11-27T11:16:13.3048037Z 	at org.keycloak.services.DefaultKeycloakSession.getProvider(DefaultKeycloakSession.java:173)
Quarkus UT (windows-latest)	Run unit tests	2024-11-27T11:16:13.3048754Z 	at org.keycloak.storage.datastore.DefaultDatastoreProvider.getRealmProvider(DefaultDatastoreProvider.java:156)
Quarkus UT (windows-latest)	Run unit tests	2024-11-27T11:16:13.3049501Z 	at org.keycloak.storage.datastore.DefaultDatastoreProvider.realms(DefaultDatastoreProvider.java:234)
Quarkus UT (windows-latest)	Run unit tests	2024-11-27T11:16:13.3050146Z 	at org.keycloak.services.DefaultKeycloakSession.realms(DefaultKeycloakSession.java:258)
Quarkus UT (windows-latest)	Run unit tests	2024-11-27T11:16:13.3050699Z 	at org.keycloak.migration.migrators.MigrateTo1_2_0.migrate(MigrateTo1_2_0.java:69)
Quarkus UT (windows-latest)	Run unit tests	2024-11-27T11:16:13.3051305Z 	at org.keycloak.storage.datastore.DefaultMigrationManager.migrate(DefaultMigrationManager.java:157)
Quarkus UT (windows-latest)	Run unit tests	2024-11-27T11:16:13.3051935Z 	at org.keycloak.migration.MigrationModelManager.migrate(MigrationModelManager.java:33)
Quarkus UT (windows-latest)	Run unit tests	2024-11-27T11:16:13.3052793Z 	at org.keycloak.quarkus.runtime.storage.database.jpa.QuarkusJpaConnectionProviderFactory.migrateModel(QuarkusJpaConnectionProviderFactory.java:202)
Quarkus UT (windows-latest)	Run unit tests	2024-11-27T11:16:13.3054084Z 	at org.keycloak.quarkus.runtime.storage.database.jpa.QuarkusJpaConnectionProviderFactory.initSchema(QuarkusJpaConnectionProviderFactory.java:197)
Quarkus UT (windows-latest)	Run unit tests	2024-11-27T11:16:13.3054995Z 	at org.keycloak.models.utils.KeycloakModelUtils.lambda$runJobInTransaction$1(KeycloakModelUtils.java:314)
Quarkus UT (windows-latest)	Run unit tests	2024-11-27T11:16:13.3055730Z 	at org.keycloak.models.utils.KeycloakModelUtils.runJobInTransactionWithResult(KeycloakModelUtils.java:433)
Quarkus UT (windows-latest)	Run unit tests	2024-11-27T11:16:13.3056446Z 	at org.keycloak.models.utils.KeycloakModelUtils.runJobInTransaction(KeycloakModelUtils.java:313)
Quarkus UT (windows-latest)	Run unit tests	2024-11-27T11:16:13.3057108Z 	at org.keycloak.models.utils.KeycloakModelUtils.runJobInTransaction(KeycloakModelUtils.java:303)
Quarkus UT (windows-latest)	Run unit tests	2024-11-27T11:16:13.3057977Z 	at org.keycloak.quarkus.runtime.storage.database.jpa.QuarkusJpaConnectionProviderFactory.postInit(QuarkusJpaConnectionProviderFactory.java:130)
Quarkus UT (windows-latest)	Run unit tests	2024-11-27T11:16:13.3058935Z 	at org.keycloak.services.DefaultKeycloakSessionFactory.initializeProviders(DefaultKeycloakSessionFactory.java:167)
Quarkus UT (windows-latest)	Run unit tests	2024-11-27T11:16:13.3059763Z 	at org.keycloak.services.DefaultKeycloakSessionFactory.initializeProviders(DefaultKeycloakSessionFactory.java:164)
Quarkus UT (windows-latest)	Run unit tests	2024-11-27T11:16:13.3060599Z 	at org.keycloak.services.DefaultKeycloakSessionFactory.initProviderFactories(DefaultKeycloakSessionFactory.java:144)
Quarkus UT (windows-latest)	Run unit tests	2024-11-27T11:16:13.3061440Z 	at org.keycloak.services.DefaultKeycloakSessionFactory.initProviderFactories(DefaultKeycloakSessionFactory.java:125)
Quarkus UT (windows-latest)	Run unit tests	2024-11-27T11:16:13.3062284Z 	at org.keycloak.quarkus.runtime.integration.QuarkusKeycloakSessionFactory.init(QuarkusKeycloakSessionFactory.java:87)
Quarkus UT (windows-latest)	Run unit tests	2024-11-27T11:16:13.3063370Z 	at org.keycloak.quarkus.runtime.integration.jaxrs.QuarkusKeycloakApplication.createSessionFactory(QuarkusKeycloakApplication.java:67)
Quarkus UT (windows-latest)	Run unit tests	2024-11-27T11:16:13.3064191Z 	at org.keycloak.services.resources.KeycloakApplication.startup(KeycloakApplication.java:89)
Quarkus UT (windows-latest)	Run unit tests	2024-11-27T11:16:13.3064980Z 	at org.keycloak.quarkus.runtime.integration.jaxrs.QuarkusKeycloakApplication.onStartupEvent(QuarkusKeycloakApplication.java:52)
Quarkus UT (windows-latest)	Run unit tests	2024-11-27T11:16:13.3065996Z 	at org.keycloak.quarkus.runtime.integration.jaxrs.QuarkusKeycloakApplication_Observer_onStartupEvent_GNZ8m5QenZ9h9VNelo7awjUZFDE.notify(Unknown Source)
Quarkus UT (windows-latest)	Run unit tests	2024-11-27T11:16:13.3066763Z 	at io.quarkus.arc.impl.EventImpl$Notifier.notifyObservers(EventImpl.java:351)
Quarkus UT (windows-latest)	Run unit tests	2024-11-27T11:16:13.3067203Z 	at io.quarkus.arc.impl.EventImpl$Notifier.notify(EventImpl.java:333)
Quarkus UT (windows-latest)	Run unit tests	2024-11-27T11:16:13.3067579Z 	at io.quarkus.arc.impl.EventImpl.fire(EventImpl.java:80)
Quarkus UT (windows-latest)	Run unit tests	2024-11-27T11:16:13.3068006Z 	at io.quarkus.arc.runtime.ArcRecorder.fireLifecycleEvent(ArcRecorder.java:156)
Quarkus UT (windows-latest)	Run unit tests	2024-11-27T11:16:13.3068525Z 	at io.quarkus.arc.runtime.ArcRecorder.handleLifecycleEvents(ArcRecorder.java:107)
Quarkus UT (windows-latest)	Run unit tests	2024-11-27T11:16:13.3069125Z 	at io.quarkus.deployment.steps.LifecycleEventsBuildStep$startupEvent1144526294.deploy_0(Unknown Source)
Quarkus UT (windows-latest)	Run unit tests	2024-11-27T11:16:13.3069795Z 	at io.quarkus.deployment.steps.LifecycleEventsBuildStep$startupEvent1144526294.deploy(Unknown Source)
Quarkus UT (windows-latest)	Run unit tests	2024-11-27T11:16:13.3070312Z 	at io.quarkus.runner.ApplicationImpl.doStart(Unknown Source)
Quarkus UT (windows-latest)	Run unit tests	2024-11-27T11:16:13.3070694Z 	at io.quarkus.runtime.Application.start(Application.java:101)
Quarkus UT (windows-latest)	Run unit tests	2024-11-27T11:16:13.3071240Z 	at java.base/jdk.internal.reflect.DirectMethodHandleAccessor.invoke(DirectMethodHandleAccessor.java:103)
Quarkus UT (windows-latest)	Run unit tests	2024-11-27T11:16:13.3071778Z 	at java.base/java.lang.reflect.Method.invoke(Method.java:580)
Quarkus UT (windows-latest)	Run unit tests	2024-11-27T11:16:13.3072214Z 	at io.quarkus.runner.bootstrap.StartupActionImpl.run(StartupActionImpl.java:305)
Quarkus UT (windows-latest)	Run unit tests	2024-11-27T11:16:13.3072692Z 	at io.quarkus.test.QuarkusUnitTest.beforeAll(QuarkusUnitTest.java:661)
Quarkus UT (windows-latest)	Run unit tests	2024-11-27T11:16:13.3073384Z 	at org.junit.jupiter.engine.descriptor.ClassBasedTestDescriptor.lambda$invokeBeforeAllCallbacks$12(ClassBasedTestDescriptor.java:396)
Quarkus UT (windows-latest)	Run unit tests	2024-11-27T11:16:13.3074219Z 	at org.junit.platform.engine.support.hierarchical.ThrowableCollector.execute(ThrowableCollector.java:73)
Quarkus UT (windows-latest)	Run unit tests	2024-11-27T11:16:13.3075034Z 	at org.junit.jupiter.engine.descriptor.ClassBasedTestDescriptor.invokeBeforeAllCallbacks(ClassBasedTestDescriptor.java:396)
Quarkus UT (windows-latest)	Run unit tests	2024-11-27T11:16:13.3075978Z 	at org.junit.jupiter.engine.descriptor.ClassBasedTestDescriptor.before(ClassBasedTestDescriptor.java:212)
Quarkus UT (windows-latest)	Run unit tests	2024-11-27T11:16:13.3076699Z 	at org.junit.jupiter.engine.descriptor.ClassBasedTestDescriptor.before(ClassBasedTestDescriptor.java:85)
Quarkus UT (windows-latest)	Run unit tests	2024-11-27T11:16:13.3077434Z 	at org.junit.platform.engine.support.hierarchical.NodeTestTask.lambda$executeRecursively$6(NodeTestTask.java:148)
Quarkus UT (windows-latest)	Run unit tests	2024-11-27T11:16:13.3078178Z 	at org.junit.platform.engine.support.hierarchical.ThrowableCollector.execute(ThrowableCollector.java:73)
Quarkus UT (windows-latest)	Run unit tests	2024-11-27T11:16:13.3078917Z 	at org.junit.platform.engine.support.hierarchical.NodeTestTask.lambda$executeRecursively$8(NodeTestTask.java:141)
Quarkus UT (windows-latest)	Run unit tests	2024-11-27T11:16:13.3079547Z 	at org.junit.platform.engine.support.hierarchical.Node.around(Node.java:137)
Quarkus UT (windows-latest)	Run unit tests	2024-11-27T11:16:13.3080176Z 	at org.junit.platform.engine.support.hierarchical.NodeTestTask.lambda$executeRecursively$9(NodeTestTask.java:139)
Quarkus UT (windows-latest)	Run unit tests	2024-11-27T11:16:13.3080923Z 	at org.junit.platform.engine.support.hierarchical.ThrowableCollector.execute(ThrowableCollector.java:73)
Quarkus UT (windows-latest)	Run unit tests	2024-11-27T11:16:13.3081647Z 	at org.junit.platform.engine.support.hierarchical.NodeTestTask.executeRecursively(NodeTestTask.java:138)
Quarkus UT (windows-latest)	Run unit tests	2024-11-27T11:16:13.3082325Z 	at org.junit.platform.engine.support.hierarchical.NodeTestTask.execute(NodeTestTask.java:95)
Quarkus UT (windows-latest)	Run unit tests	2024-11-27T11:16:13.3082825Z 	at java.base/java.util.ArrayList.forEach(ArrayList.java:1596)
Quarkus UT (windows-latest)	Run unit tests	2024-11-27T11:16:13.3083601Z 	at org.junit.platform.engine.support.hierarchical.SameThreadHierarchicalTestExecutorService.invokeAll(SameThreadHierarchicalTestExecutorService.java:41)
Quarkus UT (windows-latest)	Run unit tests	2024-11-27T11:16:13.3084710Z 	at org.junit.platform.engine.support.hierarchical.NodeTestTask.lambda$executeRecursively$6(NodeTestTask.java:155)
Quarkus UT (windows-latest)	Run unit tests	2024-11-27T11:16:13.3085451Z 	at org.junit.platform.engine.support.hierarchical.ThrowableCollector.execute(ThrowableCollector.java:73)
Quarkus UT (windows-latest)	Run unit tests	2024-11-27T11:16:13.3086202Z 	at org.junit.platform.engine.support.hierarchical.NodeTestTask.lambda$executeRecursively$8(NodeTestTask.java:141)
Quarkus UT (windows-latest)	Run unit tests	2024-11-27T11:16:13.3086825Z 	at org.junit.platform.engine.support.hierarchical.Node.around(Node.java:137)
Quarkus UT (windows-latest)	Run unit tests	2024-11-27T11:16:13.3087454Z 	at org.junit.platform.engine.support.hierarchical.NodeTestTask.lambda$executeRecursively$9(NodeTestTask.java:139)
Quarkus UT (windows-latest)	Run unit tests	2024-11-27T11:16:13.3088196Z 	at org.junit.platform.engine.support.hierarchical.ThrowableCollector.execute(ThrowableCollector.java:73)
Quarkus UT (windows-latest)	Run unit tests	2024-11-27T11:16:13.3088925Z 	at org.junit.platform.engine.support.hierarchical.NodeTestTask.executeRecursively(NodeTestTask.java:138)
Quarkus UT (windows-latest)	Run unit tests	2024-11-27T11:16:13.3089601Z 	at org.junit.platform.engine.support.hierarchical.NodeTestTask.execute(NodeTestTask.java:95)
Quarkus UT (windows-latest)	Run unit tests	2024-11-27T11:16:13.3090495Z 	at org.junit.platform.engine.support.hierarchical.SameThreadHierarchicalTestExecutorService.submit(SameThreadHierarchicalTestExecutorService.java:35)
Quarkus UT (windows-latest)	Run unit tests	2024-11-27T11:16:13.3091496Z 	at org.junit.platform.engine.support.hierarchical.HierarchicalTestExecutor.execute(HierarchicalTestExecutor.java:57)
Quarkus UT (windows-latest)	Run unit tests	2024-11-27T11:16:13.3092321Z 	at org.junit.platform.engine.support.hierarchical.HierarchicalTestEngine.execute(HierarchicalTestEngine.java:54)
Quarkus UT (windows-latest)	Run unit tests	2024-11-27T11:16:13.3093210Z 	at org.junit.platform.launcher.core.EngineExecutionOrchestrator.execute(EngineExecutionOrchestrator.java:198)
Quarkus UT (windows-latest)	Run unit tests	2024-11-27T11:16:13.3093976Z 	at org.junit.platform.launcher.core.EngineExecutionOrchestrator.execute(EngineExecutionOrchestrator.java:169)
Quarkus UT (windows-latest)	Run unit tests	2024-11-27T11:16:13.3094731Z 	at org.junit.platform.launcher.core.EngineExecutionOrchestrator.execute(EngineExecutionOrchestrator.java:93)
Quarkus UT (windows-latest)	Run unit tests	2024-11-27T11:16:13.3095525Z 	at org.junit.platform.launcher.core.EngineExecutionOrchestrator.lambda$execute$0(EngineExecutionOrchestrator.java:58)
Quarkus UT (windows-latest)	Run unit tests	2024-11-27T11:16:13.3096391Z 	at org.junit.platform.launcher.core.EngineExecutionOrchestrator.withInterceptedStreams(EngineExecutionOrchestrator.java:141)
Quarkus UT (windows-latest)	Run unit tests	2024-11-27T11:16:13.3097231Z 	at org.junit.platform.launcher.core.EngineExecutionOrchestrator.execute(EngineExecutionOrchestrator.java:57)
Quarkus UT (windows-latest)	Run unit tests	2024-11-27T11:16:13.3098023Z 	at org.junit.platform.launcher.core.DefaultLauncher.execute(DefaultLauncher.java:103)
Quarkus UT (windows-latest)	Run unit tests	2024-11-27T11:16:13.3098590Z 	at org.junit.platform.launcher.core.DefaultLauncher.execute(DefaultLauncher.java:85)
Quarkus UT (windows-latest)	Run unit tests	2024-11-27T11:16:13.3099167Z 	at org.junit.platform.launcher.core.DelegatingLauncher.execute(DelegatingLauncher.java:47)
Quarkus UT (windows-latest)	Run unit tests	2024-11-27T11:16:13.3099752Z 	at org.apache.maven.surefire.junitplatform.LazyLauncher.execute(LazyLauncher.java:55)
Quarkus UT (windows-latest)	Run unit tests	2024-11-27T11:16:13.3100405Z 	at org.apache.maven.surefire.junitplatform.JUnitPlatformProvider.execute(JUnitPlatformProvider.java:223)
Quarkus UT (windows-latest)	Run unit tests	2024-11-27T11:16:13.3101176Z 	at org.apache.maven.surefire.junitplatform.JUnitPlatformProvider.invokeAllTests(JUnitPlatformProvider.java:175)
Quarkus UT (windows-latest)	Run unit tests	2024-11-27T11:16:13.3101939Z 	at org.apache.maven.surefire.junitplatform.JUnitPlatformProvider.invoke(JUnitPlatformProvider.java:139)
Quarkus UT (windows-latest)	Run unit tests	2024-11-27T11:16:13.3102600Z 	at org.apache.maven.surefire.booter.ForkedBooter.runSuitesInProcess(ForkedBooter.java:456)
Quarkus UT (windows-latest)	Run unit tests	2024-11-27T11:16:13.3103166Z 	at org.apache.maven.surefire.booter.ForkedBooter.execute(ForkedBooter.java:169)
Quarkus UT (windows-latest)	Run unit tests	2024-11-27T11:16:13.3103655Z 	at org.apache.maven.surefire.booter.ForkedBooter.run(ForkedBooter.java:595)
Quarkus UT (windows-latest)	Run unit tests	2024-11-27T11:16:13.3104135Z 	at org.apache.maven.surefire.booter.ForkedBooter.main(ForkedBooter.java:581)
Quarkus UT (windows-latest)	Run unit tests	2024-11-27T11:16:13.3104753Z Caused by: java.lang.IllegalStateException: fv-az653-80-40555: failed to find an available port in ports [57800, 57801, 57802, 57803]
Quarkus UT (windows-latest)	Run unit tests	2024-11-27T11:16:13.3105333Z 	at org.jgroups.protocols.FD_SOCK2.createServer(FD_SOCK2.java:330)
Quarkus UT (windows-latest)	Run unit tests	2024-11-27T11:16:13.3105708Z 	at org.jgroups.protocols.FD_SOCK2.start(FD_SOCK2.java:163)
Quarkus UT (windows-latest)	Run unit tests	2024-11-27T11:16:13.3106217Z 	at org.jgroups.stack.ProtocolStack.startStack(ProtocolStack.java:910)
Quarkus UT (windows-latest)	Run unit tests	2024-11-27T11:16:13.3106599Z 	at org.jgroups.JChannel.startStack(JChannel.java:936)
Quarkus UT (windows-latest)	Run unit tests	2024-11-27T11:16:13.3106918Z 	at org.jgroups.JChannel._preConnect(JChannel.java:814)
Quarkus UT (windows-latest)	Run unit tests	2024-11-27T11:16:13.3107226Z 	at org.jgroups.JChannel.connect(JChannel.java:328)
Quarkus UT (windows-latest)	Run unit tests	2024-11-27T11:16:13.3107526Z 	at org.jgroups.JChannel.connect(JChannel.java:321)
Quarkus UT (windows-latest)	Run unit tests	2024-11-27T11:16:13.3108103Z 	at org.infinispan.remoting.transport.jgroups.JGroupsTransport.startJGroupsChannelIfNeeded(JGroupsTransport.java:581)
Quarkus UT (windows-latest)	Run unit tests	2024-11-27T11:16:13.3108640Z 	... 109 more
Quarkus UT (windows-latest)	Run unit tests	2024-11-27T11:16:13.3108734Z 
Quarkus UT (windows-latest)	Run unit tests	2024-11-27T11:16:13.3108998Z 2024-11-27 11:16:13,267 INFO  [com.arjuna.ats.jbossatx] (main) ARJUNA032014: Stopping transaction recovery manager
Quarkus UT (windows-latest)	Run unit tests	2024-11-27T11:16:13.4236595Z [ERROR] Tests run: 1, Failures: 0, Errors: 1, Skipped: 0, Time elapsed: 14.514 s <<< FAILURE! - in test.org.keycloak.quarkus.services.health.KeycloakNegativeHealthCheckTest
Quarkus UT (windows-latest)	Run unit tests	2024-11-27T11:16:13.4239832Z [ERROR] test.org.keycloak.quarkus.services.health.KeycloakNegativeHealthCheckTest  Time elapsed: 14.514 s  <<< ERROR!
Quarkus UT (windows-latest)	Run unit tests	2024-11-27T11:16:13.4241695Z java.lang.RuntimeException: java.lang.RuntimeException: Failed to start quarkus
Quarkus UT (windows-latest)	Run unit tests	2024-11-27T11:16:13.4243076Z 	at io.quarkus.test.QuarkusUnitTest.beforeAll(QuarkusUnitTest.java:708)
Quarkus UT (windows-latest)	Run unit tests	2024-11-27T11:16:13.4244605Z 	at java.base/java.util.ArrayList.forEach(ArrayList.java:1596)
Quarkus UT (windows-latest)	Run unit tests	2024-11-27T11:16:13.4245504Z Caused by: java.lang.RuntimeException: Failed to start quarkus
Quarkus UT (windows-latest)	Run unit tests	2024-11-27T11:16:13.4246569Z 	at io.quarkus.runner.ApplicationImpl.doStart(Unknown Source)
Quarkus UT (windows-latest)	Run unit tests	2024-11-27T11:16:13.4247679Z 	at io.quarkus.runtime.Application.start(Application.java:101)
Quarkus UT (windows-latest)	Run unit tests	2024-11-27T11:16:13.4248511Z 	at java.base/java.lang.reflect.Method.invoke(Method.java:580)
Quarkus UT (windows-latest)	Run unit tests	2024-11-27T11:16:13.4250059Z 	at io.quarkus.runner.bootstrap.StartupActionImpl.run(StartupActionImpl.java:305)
Quarkus UT (windows-latest)	Run unit tests	2024-11-27T11:16:13.4251004Z 	at io.quarkus.test.QuarkusUnitTest.beforeAll(QuarkusUnitTest.java:661)
Quarkus UT (windows-latest)	Run unit tests	2024-11-27T11:16:13.4251627Z 	... 1 more
Quarkus UT (windows-latest)	Run unit tests	2024-11-27T11:16:13.4252621Z Caused by: org.infinispan.manager.EmbeddedCacheManagerStartupException: Unable to start JGroups Channel
Quarkus UT (windows-latest)	Run unit tests	2024-11-27T11:16:13.4253876Z 	at org.infinispan.manager.DefaultCacheManager.internalStart(DefaultCacheManager.java:781)
Quarkus UT (windows-latest)	Run unit tests	2024-11-27T11:16:13.4255416Z 	at org.infinispan.manager.DefaultCacheManager.start(DefaultCacheManager.java:746)
Quarkus UT (windows-latest)	Run unit tests	2024-11-27T11:16:13.4256432Z 	at org.infinispan.manager.DefaultCacheManager.<init>(DefaultCacheManager.java:412)
Quarkus UT (windows-latest)	Run unit tests	2024-11-27T11:16:13.4257843Z 	at org.keycloak.quarkus.runtime.storage.infinispan.CacheManagerFactory.startEmbeddedCacheManager(CacheManagerFactory.java:366)
Quarkus UT (windows-latest)	Run unit tests	2024-11-27T11:16:13.4259462Z 	at org.keycloak.quarkus.runtime.storage.infinispan.CacheManagerFactory.lambda$new$1(CacheManagerFactory.java:127)
Quarkus UT (windows-latest)	Run unit tests	2024-11-27T11:16:13.4261151Z 	at org.keycloak.quarkus.runtime.storage.infinispan.CacheManagerFactory.getOrCreateEmbeddedCacheManager(CacheManagerFactory.java:163)
Quarkus UT (windows-latest)	Run unit tests	2024-11-27T11:16:13.4263252Z 	at org.keycloak.quarkus.runtime.storage.infinispan.CacheManagerFactory_Uq0wIYR2uOCznFEYZOJeeAi-Obg_Synthetic_ClientProxy.getOrCreateEmbeddedCacheManager(Unknown Source)
Quarkus UT (windows-latest)	Run unit tests	2024-11-27T11:16:13.4265460Z 	at org.keycloak.quarkus.runtime.storage.infinispan.QuarkusCacheManagerProvider.getEmbeddedCacheManager(QuarkusCacheManagerProvider.java:32)
Quarkus UT (windows-latest)	Run unit tests	2024-11-27T11:16:13.4267733Z 	at org.keycloak.connections.infinispan.DefaultInfinispanConnectionProviderFactory.lazyInit(DefaultInfinispanConnectionProviderFactory.java:210)
Quarkus UT (windows-latest)	Run unit tests	2024-11-27T11:16:13.4268923Z 	at org.keycloak.connections.infinispan.DefaultInfinispanConnectionProviderFactory.create(DefaultInfinispanConnectionProviderFactory.java:118)
Quarkus UT (windows-latest)	Run unit tests	2024-11-27T11:16:13.4270064Z 	at org.keycloak.connections.infinispan.DefaultInfinispanConnectionProviderFactory.create(DefaultInfinispanConnectionProviderFactory.java:99)
Quarkus UT (windows-latest)	Run unit tests	2024-11-27T11:16:13.4270976Z 	at org.keycloak.services.DefaultKeycloakSession.getOrCreateProvider(DefaultKeycloakSession.java:184)
Quarkus UT (windows-latest)	Run unit tests	2024-11-27T11:16:13.4271887Z 	at org.keycloak.services.DefaultKeycloakSession.getProvider(DefaultKeycloakSession.java:173)
Quarkus UT (windows-latest)	Run unit tests	2024-11-27T11:16:13.4272692Z 	at org.keycloak.models.cache.infinispan.InfinispanCacheRealmProviderFactory.lazyInit(InfinispanCacheRealmProviderFactory.java:55)
Quarkus UT (windows-latest)	Run unit tests	2024-11-27T11:16:13.4274504Z 	at org.keycloak.models.cache.infinispan.InfinispanCacheRealmProviderFactory.create(InfinispanCacheRealmProviderFactory.java:47)
Quarkus UT (windows-latest)	Run unit tests	2024-11-27T11:16:13.4275708Z 	at org.keycloak.models.cache.infinispan.InfinispanCacheRealmProviderFactory.create(InfinispanCacheRealmProviderFactory.java:37)
Quarkus UT (windows-latest)	Run unit tests	2024-11-27T11:16:13.4276534Z 	at org.keycloak.services.DefaultKeycloakSession.getOrCreateProvider(DefaultKeycloakSession.java:184)
Quarkus UT (windows-latest)	Run unit tests	2024-11-27T11:16:13.4277196Z 	at org.keycloak.services.DefaultKeycloakSession.getProvider(DefaultKeycloakSession.java:173)
Quarkus UT (windows-latest)	Run unit tests	2024-11-27T11:16:13.4277910Z 	at org.keycloak.storage.datastore.DefaultDatastoreProvider.getRealmProvider(DefaultDatastoreProvider.java:156)
Quarkus UT (windows-latest)	Run unit tests	2024-11-27T11:16:13.4278661Z 	at org.keycloak.storage.datastore.DefaultDatastoreProvider.realms(DefaultDatastoreProvider.java:234)
Quarkus UT (windows-latest)	Run unit tests	2024-11-27T11:16:13.4279295Z 	at org.keycloak.services.DefaultKeycloakSession.realms(DefaultKeycloakSession.java:258)
Quarkus UT (windows-latest)	Run unit tests	2024-11-27T11:16:13.4279840Z 	at org.keycloak.migration.migrators.MigrateTo1_2_0.migrate(MigrateTo1_2_0.java:69)
Quarkus UT (windows-latest)	Run unit tests	2024-11-27T11:16:13.4280454Z 	at org.keycloak.storage.datastore.DefaultMigrationManager.migrate(DefaultMigrationManager.java:157)
Quarkus UT (windows-latest)	Run unit tests	2024-11-27T11:16:13.4281087Z 	at org.keycloak.migration.MigrationModelManager.migrate(MigrationModelManager.java:33)
Quarkus UT (windows-latest)	Run unit tests	2024-11-27T11:16:13.4281950Z 	at org.keycloak.quarkus.runtime.storage.database.jpa.QuarkusJpaConnectionProviderFactory.migrateModel(QuarkusJpaConnectionProviderFactory.java:202)
Quarkus UT (windows-latest)	Run unit tests	2024-11-27T11:16:13.4283075Z 	at org.keycloak.quarkus.runtime.storage.database.jpa.QuarkusJpaConnectionProviderFactory.initSchema(QuarkusJpaConnectionProviderFactory.java:197)
Quarkus UT (windows-latest)	Run unit tests	2024-11-27T11:16:13.4284000Z 	at org.keycloak.models.utils.KeycloakModelUtils.lambda$runJobInTransaction$1(KeycloakModelUtils.java:314)
Quarkus UT (windows-latest)	Run unit tests	2024-11-27T11:16:13.4284791Z 	at org.keycloak.models.utils.KeycloakModelUtils.runJobInTransactionWithResult(KeycloakModelUtils.java:433)
Quarkus UT (windows-latest)	Run unit tests	2024-11-27T11:16:13.4285511Z 	at org.keycloak.models.utils.KeycloakModelUtils.runJobInTransaction(KeycloakModelUtils.java:313)
Quarkus UT (windows-latest)	Run unit tests	2024-11-27T11:16:13.4286396Z 	at org.keycloak.models.utils.KeycloakModelUtils.runJobInTransaction(KeycloakModelUtils.java:303)
Quarkus UT (windows-latest)	Run unit tests	2024-11-27T11:16:13.4287274Z 	at org.keycloak.quarkus.runtime.storage.database.jpa.QuarkusJpaConnectionProviderFactory.postInit(QuarkusJpaConnectionProviderFactory.java:130)
Quarkus UT (windows-latest)	Run unit tests	2024-11-27T11:16:13.4288240Z 	at org.keycloak.services.DefaultKeycloakSessionFactory.initializeProviders(DefaultKeycloakSessionFactory.java:167)
Quarkus UT (windows-latest)	Run unit tests	2024-11-27T11:16:13.4289067Z 	at org.keycloak.services.DefaultKeycloakSessionFactory.initializeProviders(DefaultKeycloakSessionFactory.java:164)
Quarkus UT (windows-latest)	Run unit tests	2024-11-27T11:16:13.4289893Z 	at org.keycloak.services.DefaultKeycloakSessionFactory.initProviderFactories(DefaultKeycloakSessionFactory.java:144)
Quarkus UT (windows-latest)	Run unit tests	2024-11-27T11:16:13.4291158Z 	at org.keycloak.services.DefaultKeycloakSessionFactory.initProviderFactories(DefaultKeycloakSessionFactory.java:125)
Quarkus UT (windows-latest)	Run unit tests	2024-11-27T11:16:13.4292821Z 	at org.keycloak.quarkus.runtime.integration.QuarkusKeycloakSessionFactory.init(QuarkusKeycloakSessionFactory.java:87)
Quarkus UT (windows-latest)	Run unit tests	2024-11-27T11:16:13.4294666Z 	at org.keycloak.quarkus.runtime.integration.jaxrs.QuarkusKeycloakApplication.createSessionFactory(QuarkusKeycloakApplication.java:67)
Quarkus UT (windows-latest)	Run unit tests	2024-11-27T11:16:13.4296769Z 	at org.keycloak.services.resources.KeycloakApplication.startup(KeycloakApplication.java:89)
Quarkus UT (windows-latest)	Run unit tests	2024-11-27T11:16:13.4297613Z 	at org.keycloak.quarkus.runtime.integration.jaxrs.QuarkusKeycloakApplication.onStartupEvent(QuarkusKeycloakApplication.java:52)
Quarkus UT (windows-latest)	Run unit tests	2024-11-27T11:16:13.4298623Z 	at org.keycloak.quarkus.runtime.integration.jaxrs.QuarkusKeycloakApplication_Observer_onStartupEvent_GNZ8m5QenZ9h9VNelo7awjUZFDE.notify(Unknown Source)
Quarkus UT (windows-latest)	Run unit tests	2024-11-27T11:16:13.4299400Z 	at io.quarkus.arc.impl.EventImpl$Notifier.notifyObservers(EventImpl.java:351)
Quarkus UT (windows-latest)	Run unit tests	2024-11-27T11:16:13.4300084Z 	at io.quarkus.arc.impl.EventImpl$Notifier.notify(EventImpl.java:333)
Quarkus UT (windows-latest)	Run unit tests	2024-11-27T11:16:13.4300460Z 	at io.quarkus.arc.impl.EventImpl.fire(EventImpl.java:80)
Quarkus UT (windows-latest)	Run unit tests	2024-11-27T11:16:13.4300885Z 	at io.quarkus.arc.runtime.ArcRecorder.fireLifecycleEvent(ArcRecorder.java:156)
Quarkus UT (windows-latest)	Run unit tests	2024-11-27T11:16:13.4301406Z 	at io.quarkus.arc.runtime.ArcRecorder.handleLifecycleEvents(ArcRecorder.java:107)
Quarkus UT (windows-latest)	Run unit tests	2024-11-27T11:16:13.4302007Z 	at io.quarkus.deployment.steps.LifecycleEventsBuildStep$startupEvent1144526294.deploy_0(Unknown Source)
Quarkus UT (windows-latest)	Run unit tests	2024-11-27T11:16:13.4302677Z 	at io.quarkus.deployment.steps.LifecycleEventsBuildStep$startupEvent1144526294.deploy(Unknown Source)
Quarkus UT (windows-latest)	Run unit tests	2024-11-27T11:16:13.4303102Z 	... 6 more
Quarkus UT (windows-latest)	Run unit tests	2024-11-27T11:16:13.4303401Z Caused by: org.infinispan.commons.CacheException: Unable to start JGroups Channel
Quarkus UT (windows-latest)	Run unit tests	2024-11-27T11:16:13.4304083Z 	at org.infinispan.remoting.transport.jgroups.JGroupsTransport.startJGroupsChannelIfNeeded(JGroupsTransport.java:583)
Quarkus UT (windows-latest)	Run unit tests	2024-11-27T11:16:13.4304844Z 	at org.infinispan.remoting.transport.jgroups.JGroupsTransport.start(JGroupsTransport.java:456)
Quarkus UT (windows-latest)	Run unit tests	2024-11-27T11:16:13.4305478Z 	at org.infinispan.remoting.transport.jgroups.CorePackageImpl$2.start(CorePackageImpl.java:64)
Quarkus UT (windows-latest)	Run unit tests	2024-11-27T11:16:13.4306090Z 	at org.infinispan.remoting.transport.jgroups.CorePackageImpl$2.start(CorePackageImpl.java:49)
Quarkus UT (windows-latest)	Run unit tests	2024-11-27T11:16:13.4306786Z 	at org.infinispan.factories.impl.BasicComponentRegistryImpl.invokeStart(BasicComponentRegistryImpl.java:616)
Quarkus UT (windows-latest)	Run unit tests	2024-11-27T11:16:13.4307576Z 	at org.infinispan.factories.impl.BasicComponentRegistryImpl.doStartWrapper(BasicComponentRegistryImpl.java:607)
Quarkus UT (windows-latest)	Run unit tests	2024-11-27T11:16:13.4308359Z 	at org.infinispan.factories.impl.BasicComponentRegistryImpl.startWrapper(BasicComponentRegistryImpl.java:576)
Quarkus UT (windows-latest)	Run unit tests	2024-11-27T11:16:13.4309242Z 	at org.infinispan.factories.impl.BasicComponentRegistryImpl$ComponentWrapper.running(BasicComponentRegistryImpl.java:807)
Quarkus UT (windows-latest)	Run unit tests	2024-11-27T11:16:13.4456693Z 	at org.infinispan.factories.impl.BasicComponentRegistryImpl.startDependencies(BasicComponentRegistryImpl.java:634)
Quarkus UT (windows-latest)	Run unit tests	2024-11-27T11:16:13.4514835Z 	at org.infinispan.factories.impl.BasicComponentRegistryImpl.doStartWrapper(BasicComponentRegistryImpl.java:598)
Quarkus UT (windows-latest)	Run unit tests	2024-11-27T11:16:13.4516324Z 	at org.infinispan.factories.impl.BasicComponentRegistryImpl.startWrapper(BasicComponentRegistryImpl.java:576)
Quarkus UT (windows-latest)	Run unit tests	2024-11-27T11:16:13.4518247Z 	at org.infinispan.factories.impl.BasicComponentRegistryImpl$ComponentWrapper.running(BasicComponentRegistryImpl.java:807)
Quarkus UT (windows-latest)	Run unit tests	2024-11-27T11:16:13.4520092Z 	at org.infinispan.factories.GlobalComponentRegistry.preStart(GlobalComponentRegistry.java:307)
Quarkus UT (windows-latest)	Run unit tests	2024-11-27T11:16:13.4531181Z 	at org.infinispan.factories.AbstractComponentRegistry.start(AbstractComponentRegistry.java:241)
Quarkus UT (windows-latest)	Run unit tests	2024-11-27T11:16:13.4532302Z 	at org.infinispan.manager.DefaultCacheManager.internalStart(DefaultCacheManager.java:778)
Quarkus UT (windows-latest)	Run unit tests	2024-11-27T11:16:13.4532985Z 	... 52 more
Quarkus UT (windows-latest)	Run unit tests	2024-11-27T11:16:13.4561482Z Caused by: java.lang.IllegalStateException: fv-az653-80-40555: failed to find an available port in ports [57800, 57801, 57802, 57803]
Quarkus UT (windows-latest)	Run unit tests	2024-11-27T11:16:13.4562767Z 	at org.jgroups.protocols.FD_SOCK2.createServer(FD_SOCK2.java:330)
Quarkus UT (windows-latest)	Run unit tests	2024-11-27T11:16:13.4563437Z 	at org.jgroups.protocols.FD_SOCK2.start(FD_SOCK2.java:163)
Quarkus UT (windows-latest)	Run unit tests	2024-11-27T11:16:13.4564125Z 	at org.jgroups.stack.ProtocolStack.startStack(ProtocolStack.java:910)
Quarkus UT (windows-latest)	Run unit tests	2024-11-27T11:16:13.4564848Z 	at org.jgroups.JChannel.startStack(JChannel.java:936)
Quarkus UT (windows-latest)	Run unit tests	2024-11-27T11:16:13.4565426Z 	at org.jgroups.JChannel._preConnect(JChannel.java:814)
Quarkus UT (windows-latest)	Run unit tests	2024-11-27T11:16:13.4565973Z 	at org.jgroups.JChannel.connect(JChannel.java:328)
Quarkus UT (windows-latest)	Run unit tests	2024-11-27T11:16:13.4566596Z 	at org.jgroups.JChannel.connect(JChannel.java:321)
Quarkus UT (windows-latest)	Run unit tests	2024-11-27T11:16:13.4567695Z 	at org.infinispan.remoting.transport.jgroups.JGroupsTransport.startJGroupsChannelIfNeeded(JGroupsTransport.java:581)
Quarkus UT (windows-latest)	Run unit tests	2024-11-27T11:16:13.4568709Z 	... 66 more
Quarkus UT (windows-latest)	Run unit tests	2024-11-27T11:16:13.4568877Z 
Quarkus UT (windows-latest)	Run unit tests	2024-11-27T11:16:13.4569354Z [INFO] Running test.org.keycloak.quarkus.services.health.KeycloakPathConfigurationTest
Quarkus UT (windows-latest)	Run unit tests	2024-11-27T11:16:23.7684974Z 2024-11-27 11:16:23,671 INFO  [org.keycloak.quarkus.runtime.storage.database.liquibase.QuarkusJpaUpdaterProvider] (main) Initializing database schema. Using changelog META-INF/jpa-changelog-master.xml
Quarkus UT (windows-latest)	Run unit tests	2024-11-27T11:16:26.0236114Z 2024-11-27 11:16:25,922 WARN  [io.agroal.pool] (main) Datasource '<default>': JDBC resources leaked: 1 ResultSet(s) and 0 Statement(s)
Quarkus UT (windows-latest)	Run unit tests	2024-11-27T11:16:26.4276547Z 2024-11-27 11:16:26,373 INFO  [org.keycloak.quarkus.runtime.storage.infinispan.CacheManagerFactory] (main) Starting Infinispan embedded cache manager
Quarkus UT (windows-latest)	Run unit tests	2024-11-27T11:16:26.7316285Z 2024-11-27 11:16:26,719 INFO  [org.infinispan.CONTAINER] (main) ISPN000556: Starting user marshaller 'org.infinispan.commons.marshall.ImmutableProtoStreamMarshaller'
Quarkus UT (windows-latest)	Run unit tests	2024-11-27T11:16:26.9333241Z 2024-11-27 11:16:26,912 WARN  [org.jgroups.stack.Configurator] (main) JGRP000014: ThreadPool.thread_dumps_threshold has been deprecated: ignored
Quarkus UT (windows-latest)	Run unit tests	2024-11-27T11:16:26.9334684Z 2024-11-27 11:16:26,921 INFO  [org.infinispan.CLUSTER] (main) ISPN000078: Starting JGroups channel `ISPN` with stack `jdbc-ping`
Quarkus UT (windows-latest)	Run unit tests	2024-11-27T11:16:26.9335449Z 2024-11-27 11:16:26,922 INFO  [org.jgroups.JChannel] (main) local_addr: 4175cf1e-2d66-4a5e-af4b-1036cad200e2, name: fv-az653-80-36361
Quarkus UT (windows-latest)	Run unit tests	2024-11-27T11:16:26.9336434Z 2024-11-27 11:16:26,926 ERROR [org.infinispan.CONFIG] (main) ISPN000660: DefaultCacheManager start failed, stopping any running components: org.infinispan.commons.CacheException: Unable to start JGroups Channel
Quarkus UT (windows-latest)	Run unit tests	2024-11-27T11:16:26.9338125Z 	at org.infinispan.remoting.transport.jgroups.JGroupsTransport.startJGroupsChannelIfNeeded(JGroupsTransport.java:583)
Quarkus UT (windows-latest)	Run unit tests	2024-11-27T11:16:26.9338932Z 	at org.infinispan.remoting.transport.jgroups.JGroupsTransport.start(JGroupsTransport.java:456)
Quarkus UT (windows-latest)	Run unit tests	2024-11-27T11:16:26.9339601Z 	at org.infinispan.remoting.transport.jgroups.CorePackageImpl$2.start(CorePackageImpl.java:64)
Quarkus UT (windows-latest)	Run unit tests	2024-11-27T11:16:26.9340239Z 	at org.infinispan.remoting.transport.jgroups.CorePackageImpl$2.start(CorePackageImpl.java:49)
Quarkus UT (windows-latest)	Run unit tests	2024-11-27T11:16:26.9340974Z 	at org.infinispan.factories.impl.BasicComponentRegistryImpl.invokeStart(BasicComponentRegistryImpl.java:616)
Quarkus UT (windows-latest)	Run unit tests	2024-11-27T11:16:26.9341795Z 	at org.infinispan.factories.impl.BasicComponentRegistryImpl.doStartWrapper(BasicComponentRegistryImpl.java:607)
Quarkus UT (windows-latest)	Run unit tests	2024-11-27T11:16:26.9342629Z 	at org.infinispan.factories.impl.BasicComponentRegistryImpl.startWrapper(BasicComponentRegistryImpl.java:576)
Quarkus UT (windows-latest)	Run unit tests	2024-11-27T11:16:26.9344644Z 	at org.infinispan.factories.impl.BasicComponentRegistryImpl$ComponentWrapper.running(BasicComponentRegistryImpl.java:807)
Quarkus UT (windows-latest)	Run unit tests	2024-11-27T11:16:26.9345491Z 	at org.infinispan.factories.impl.BasicComponentRegistryImpl.startDependencies(BasicComponentRegistryImpl.java:634)
Quarkus UT (windows-latest)	Run unit tests	2024-11-27T11:16:26.9346302Z 	at org.infinispan.factories.impl.BasicComponentRegistryImpl.doStartWrapper(BasicComponentRegistryImpl.java:598)
Quarkus UT (windows-latest)	Run unit tests	2024-11-27T11:16:26.9347500Z 	at org.infinispan.factories.impl.BasicComponentRegistryImpl.startWrapper(BasicComponentRegistryImpl.java:576)
Quarkus UT (windows-latest)	Run unit tests	2024-11-27T11:16:26.9348537Z 	at org.infinispan.factories.impl.BasicComponentRegistryImpl$ComponentWrapper.running(BasicComponentRegistryImpl.java:807)
Quarkus UT (windows-latest)	Run unit tests	2024-11-27T11:16:26.9349296Z 	at org.infinispan.factories.GlobalComponentRegistry.preStart(GlobalComponentRegistry.java:307)
Quarkus UT (windows-latest)	Run unit tests	2024-11-27T11:16:26.9349958Z 	at org.infinispan.factories.AbstractComponentRegistry.start(AbstractComponentRegistry.java:241)
Quarkus UT (windows-latest)	Run unit tests	2024-11-27T11:16:26.9350597Z 	at org.infinispan.manager.DefaultCacheManager.internalStart(DefaultCacheManager.java:778)
Quarkus UT (windows-latest)	Run unit tests	2024-11-27T11:16:26.9351162Z 	at org.infinispan.manager.DefaultCacheManager.start(DefaultCacheManager.java:746)
Quarkus UT (windows-latest)	Run unit tests	2024-11-27T11:16:26.9351696Z 	at org.infinispan.manager.DefaultCacheManager.<init>(DefaultCacheManager.java:412)
Quarkus UT (windows-latest)	Run unit tests	2024-11-27T11:16:26.9352428Z 	at org.keycloak.quarkus.runtime.storage.infinispan.CacheManagerFactory.startEmbeddedCacheManager(CacheManagerFactory.java:366)
Quarkus UT (windows-latest)	Run unit tests	2024-11-27T11:16:26.9353307Z 	at org.keycloak.quarkus.runtime.storage.infinispan.CacheManagerFactory.lambda$new$1(CacheManagerFactory.java:127)
Quarkus UT (windows-latest)	Run unit tests	2024-11-27T11:16:26.9354434Z 	at org.keycloak.quarkus.runtime.storage.infinispan.CacheManagerFactory.getOrCreateEmbeddedCacheManager(CacheManagerFactory.java:163)
Quarkus UT (windows-latest)	Run unit tests	2024-11-27T11:16:26.9355541Z 	at org.keycloak.quarkus.runtime.storage.infinispan.CacheManagerFactory_Uq0wIYR2uOCznFEYZOJeeAi-Obg_Synthetic_ClientProxy.getOrCreateEmbeddedCacheManager(Unknown Source)
Quarkus UT (windows-latest)	Run unit tests	2024-11-27T11:16:26.9356680Z 	at org.keycloak.quarkus.runtime.storage.infinispan.QuarkusCacheManagerProvider.getEmbeddedCacheManager(QuarkusCacheManagerProvider.java:32)
Quarkus UT (windows-latest)	Run unit tests	2024-11-27T11:16:26.9358326Z 	at org.keycloak.connections.infinispan.DefaultInfinispanConnectionProviderFactory.lazyInit(DefaultInfinispanConnectionProviderFactory.java:210)
Quarkus UT (windows-latest)	Run unit tests	2024-11-27T11:16:26.9359432Z 	at org.keycloak.connections.infinispan.DefaultInfinispanConnectionProviderFactory.create(DefaultInfinispanConnectionProviderFactory.java:118)
Quarkus UT (windows-latest)	Run unit tests	2024-11-27T11:16:26.9360502Z 	at org.keycloak.connections.infinispan.DefaultInfinispanConnectionProviderFactory.create(DefaultInfinispanConnectionProviderFactory.java:99)
Quarkus UT (windows-latest)	Run unit tests	2024-11-27T11:16:26.9361393Z 	at org.keycloak.services.DefaultKeycloakSession.getOrCreateProvider(DefaultKeycloakSession.java:184)
Quarkus UT (windows-latest)	Run unit tests	2024-11-27T11:16:26.9362051Z 	at org.keycloak.services.DefaultKeycloakSession.getProvider(DefaultKeycloakSession.java:173)
Quarkus UT (windows-latest)	Run unit tests	2024-11-27T11:16:26.9362847Z 	at org.keycloak.models.cache.infinispan.InfinispanCacheRealmProviderFactory.lazyInit(InfinispanCacheRealmProviderFactory.java:55)
Quarkus UT (windows-latest)	Run unit tests	2024-11-27T11:16:26.9363802Z 	at org.keycloak.models.cache.infinispan.InfinispanCacheRealmProviderFactory.create(InfinispanCacheRealmProviderFactory.java:47)
Quarkus UT (windows-latest)	Run unit tests	2024-11-27T11:16:26.9364740Z 	at org.keycloak.models.cache.infinispan.InfinispanCacheRealmProviderFactory.create(InfinispanCacheRealmProviderFactory.java:37)
Quarkus UT (windows-latest)	Run unit tests	2024-11-27T11:16:26.9365559Z 	at org.keycloak.services.DefaultKeycloakSession.getOrCreateProvider(DefaultKeycloakSession.java:184)
Quarkus UT (windows-latest)	Run unit tests	2024-11-27T11:16:26.9366214Z 	at org.keycloak.services.DefaultKeycloakSession.getProvider(DefaultKeycloakSession.java:173)
Quarkus UT (windows-latest)	Run unit tests	2024-11-27T11:16:26.9366926Z 	at org.keycloak.storage.datastore.DefaultDatastoreProvider.getRealmProvider(DefaultDatastoreProvider.java:156)
Quarkus UT (windows-latest)	Run unit tests	2024-11-27T11:16:26.9368153Z 	at org.keycloak.storage.datastore.DefaultDatastoreProvider.realms(DefaultDatastoreProvider.java:234)
Quarkus UT (windows-latest)	Run unit tests	2024-11-27T11:16:26.9368800Z 	at org.keycloak.services.DefaultKeycloakSession.realms(DefaultKeycloakSession.java:258)
Quarkus UT (windows-latest)	Run unit tests	2024-11-27T11:16:26.9369506Z 	at org.keycloak.migration.migrators.MigrateTo1_2_0.migrate(MigrateTo1_2_0.java:69)
Quarkus UT (windows-latest)	Run unit tests	2024-11-27T11:16:26.9370111Z 	at org.keycloak.storage.datastore.DefaultMigrationManager.migrate(DefaultMigrationManager.java:157)
Quarkus UT (windows-latest)	Run unit tests	2024-11-27T11:16:26.9370741Z 	at org.keycloak.migration.MigrationModelManager.migrate(MigrationModelManager.java:33)
Quarkus UT (windows-latest)	Run unit tests	2024-11-27T11:16:26.9371599Z 	at org.keycloak.quarkus.runtime.storage.database.jpa.QuarkusJpaConnectionProviderFactory.migrateModel(QuarkusJpaConnectionProviderFactory.java:202)
Quarkus UT (windows-latest)	Run unit tests	2024-11-27T11:16:26.9372723Z 	at org.keycloak.quarkus.runtime.storage.database.jpa.QuarkusJpaConnectionProviderFactory.initSchema(QuarkusJpaConnectionProviderFactory.java:197)
Quarkus UT (windows-latest)	Run unit tests	2024-11-27T11:16:26.9373628Z 	at org.keycloak.models.utils.KeycloakModelUtils.lambda$runJobInTransaction$1(KeycloakModelUtils.java:314)
Quarkus UT (windows-latest)	Run unit tests	2024-11-27T11:16:26.9374350Z 	at org.keycloak.models.utils.KeycloakModelUtils.runJobInTransactionWithResult(KeycloakModelUtils.java:433)
Quarkus UT (windows-latest)	Run unit tests	2024-11-27T11:16:26.9375065Z 	at org.keycloak.models.utils.KeycloakModelUtils.runJobInTransaction(KeycloakModelUtils.java:313)
Quarkus UT (windows-latest)	Run unit tests	2024-11-27T11:16:26.9375719Z 	at org.keycloak.models.utils.KeycloakModelUtils.runJobInTransaction(KeycloakModelUtils.java:303)
Quarkus UT (windows-latest)	Run unit tests	2024-11-27T11:16:26.9376598Z 	at org.keycloak.quarkus.runtime.storage.database.jpa.QuarkusJpaConnectionProviderFactory.postInit(QuarkusJpaConnectionProviderFactory.java:130)
Quarkus UT (windows-latest)	Run unit tests	2024-11-27T11:16:26.9379956Z 	at org.keycloak.services.DefaultKeycloakSessionFactory.initializeProviders(DefaultKeycloakSessionFactory.java:167)
Quarkus UT (windows-latest)	Run unit tests	2024-11-27T11:16:26.9382315Z 	at org.keycloak.services.DefaultKeycloakSessionFactory.initProviderFactories(DefaultKeycloakSessionFactory.java:144)
Quarkus UT (windows-latest)	Run unit tests	2024-11-27T11:16:26.9384216Z 	at org.keycloak.services.DefaultKeycloakSessionFactory.initProviderFactories(DefaultKeycloakSessionFactory.java:125)
Quarkus UT (windows-latest)	Run unit tests	2024-11-27T11:16:26.9385789Z 	at org.keycloak.quarkus.runtime.integration.QuarkusKeycloakSessionFactory.init(QuarkusKeycloakSessionFactory.java:87)
Quarkus UT (windows-latest)	Run unit tests	2024-11-27T11:16:26.9388051Z 	at org.keycloak.quarkus.runtime.integration.jaxrs.QuarkusKeycloakApplication.createSessionFactory(QuarkusKeycloakApplication.java:67)
Quarkus UT (windows-latest)	Run unit tests	2024-11-27T11:16:26.9389643Z 	at org.keycloak.services.resources.KeycloakApplication.startup(KeycloakApplication.java:89)
Quarkus UT (windows-latest)	Run unit tests	2024-11-27T11:16:26.9391159Z 	at org.keycloak.quarkus.runtime.integration.jaxrs.QuarkusKeycloakApplication.onStartupEvent(QuarkusKeycloakApplication.java:52)
Quarkus UT (windows-latest)	Run unit tests	2024-11-27T11:16:26.9393087Z 	at org.keycloak.quarkus.runtime.integration.jaxrs.QuarkusKeycloakApplication_Observer_onStartupEvent_GNZ8m5QenZ9h9VNelo7awjUZFDE.notify(Unknown Source)
Quarkus UT (windows-latest)	Run unit tests	2024-11-27T11:16:26.9394570Z 	at io.quarkus.arc.impl.EventImpl$Notifier.notifyObservers(EventImpl.java:351)
Quarkus UT (windows-latest)	Run unit tests	2024-11-27T11:16:26.9395368Z 	at io.quarkus.arc.impl.EventImpl$Notifier.notify(EventImpl.java:333)
Quarkus UT (windows-latest)	Run unit tests	2024-11-27T11:16:26.9396043Z 	at io.quarkus.arc.impl.EventImpl.fire(EventImpl.java:80)
Quarkus UT (windows-latest)	Run unit tests	2024-11-27T11:16:26.9396852Z 	at io.quarkus.arc.runtime.ArcRecorder.fireLifecycleEvent(ArcRecorder.java:156)
Quarkus UT (windows-latest)	Run unit tests	2024-11-27T11:16:26.9397962Z 	at io.quarkus.arc.runtime.ArcRecorder.handleLifecycleEvents(ArcRecorder.java:107)
Quarkus UT (windows-latest)	Run unit tests	2024-11-27T11:16:26.9399017Z 	at io.quarkus.deployment.steps.LifecycleEventsBuildStep$startupEvent1144526294.deploy_0(Unknown Source)
Quarkus UT (windows-latest)	Run unit tests	2024-11-27T11:16:26.9400268Z 	at io.quarkus.deployment.steps.LifecycleEventsBuildStep$startupEvent1144526294.deploy(Unknown Source)
Quarkus UT (windows-latest)	Run unit tests	2024-11-27T11:16:26.9401242Z 	at io.quarkus.runner.ApplicationImpl.doStart(Unknown Source)
Quarkus UT (windows-latest)	Run unit tests	2024-11-27T11:16:26.9401903Z 	at io.quarkus.runtime.Application.start(Application.java:101)
Quarkus UT (windows-latest)	Run unit tests	2024-11-27T11:16:26.9402866Z 	at java.base/jdk.internal.reflect.DirectMethodHandleAccessor.invoke(DirectMethodHandleAccessor.java:103)
Quarkus UT (windows-latest)	Run unit tests	2024-11-27T11:16:26.9403868Z 	at java.base/java.lang.reflect.Method.invoke(Method.java:580)
Quarkus UT (windows-latest)	Run unit tests	2024-11-27T11:16:26.9404682Z 	at io.quarkus.runner.bootstrap.StartupActionImpl.run(StartupActionImpl.java:305)
Quarkus UT (windows-latest)	Run unit tests	2024-11-27T11:16:26.9405581Z 	at io.quarkus.test.QuarkusUnitTest.beforeAll(QuarkusUnitTest.java:661)
Quarkus UT (windows-latest)	Run unit tests	2024-11-27T11:16:26.9407148Z 	at org.junit.jupiter.engine.descriptor.ClassBasedTestDescriptor.lambda$invokeBeforeAllCallbacks$12(ClassBasedTestDescriptor.java:396)
Quarkus UT (windows-latest)	Run unit tests	2024-11-27T11:16:26.9408959Z 	at org.junit.platform.engine.support.hierarchical.ThrowableCollector.execute(ThrowableCollector.java:73)
Quarkus UT (windows-latest)	Run unit tests	2024-11-27T11:16:26.9410525Z 	at org.junit.jupiter.engine.descriptor.ClassBasedTestDescriptor.invokeBeforeAllCallbacks(ClassBasedTestDescriptor.java:396)
Quarkus UT (windows-latest)	Run unit tests	2024-11-27T11:16:26.9412110Z 	at org.junit.jupiter.engine.descriptor.ClassBasedTestDescriptor.before(ClassBasedTestDescriptor.java:212)
Quarkus UT (windows-latest)	Run unit tests	2024-11-27T11:16:26.9413481Z 	at org.junit.jupiter.engine.descriptor.ClassBasedTestDescriptor.before(ClassBasedTestDescriptor.java:85)
Quarkus UT (windows-latest)	Run unit tests	2024-11-27T11:16:26.9414896Z 	at org.junit.platform.engine.support.hierarchical.NodeTestTask.lambda$executeRecursively$6(NodeTestTask.java:148)
Quarkus UT (windows-latest)	Run unit tests	2024-11-27T11:16:26.9416301Z 	at org.junit.platform.engine.support.hierarchical.ThrowableCollector.execute(ThrowableCollector.java:73)
Quarkus UT (windows-latest)	Run unit tests	2024-11-27T11:16:26.9417894Z 	at org.junit.platform.engine.support.hierarchical.NodeTestTask.lambda$executeRecursively$8(NodeTestTask.java:141)
Quarkus UT (windows-latest)	Run unit tests	2024-11-27T11:16:26.9419108Z 	at org.junit.platform.engine.support.hierarchical.Node.around(Node.java:137)
Quarkus UT (windows-latest)	Run unit tests	2024-11-27T11:16:26.9420291Z 	at org.junit.platform.engine.support.hierarchical.NodeTestTask.lambda$executeRecursively$9(NodeTestTask.java:139)
Quarkus UT (windows-latest)	Run unit tests	2024-11-27T11:16:26.9421726Z 	at org.junit.platform.engine.support.hierarchical.ThrowableCollector.execute(ThrowableCollector.java:73)
Quarkus UT (windows-latest)	Run unit tests	2024-11-27T11:16:26.9423140Z 	at org.junit.platform.engine.support.hierarchical.NodeTestTask.executeRecursively(NodeTestTask.java:138)
Quarkus UT (windows-latest)	Run unit tests	2024-11-27T11:16:26.9424740Z 	at org.junit.platform.engine.support.hierarchical.NodeTestTask.execute(NodeTestTask.java:95)
Quarkus UT (windows-latest)	Run unit tests	2024-11-27T11:16:26.9425679Z 	at java.base/java.util.ArrayList.forEach(ArrayList.java:1596)
Quarkus UT (windows-latest)	Run unit tests	2024-11-27T11:16:26.9427190Z 	at org.junit.platform.engine.support.hierarchical.SameThreadHierarchicalTestExecutorService.invokeAll(SameThreadHierarchicalTestExecutorService.java:41)
Quarkus UT (windows-latest)	Run unit tests	2024-11-27T11:16:26.9429397Z 	at org.junit.platform.engine.support.hierarchical.NodeTestTask.lambda$executeRecursively$6(NodeTestTask.java:155)
Quarkus UT (windows-latest)	Run unit tests	2024-11-27T11:16:26.9430759Z 	at org.junit.platform.engine.support.hierarchical.ThrowableCollector.execute(ThrowableCollector.java:73)
Quarkus UT (windows-latest)	Run unit tests	2024-11-27T11:16:26.9431606Z 	at org.junit.platform.engine.support.hierarchical.NodeTestTask.lambda$executeRecursively$8(NodeTestTask.java:141)
Quarkus UT (windows-latest)	Run unit tests	2024-11-27T11:16:26.9432251Z 	at org.junit.platform.engine.support.hierarchical.Node.around(Node.java:137)
Quarkus UT (windows-latest)	Run unit tests	2024-11-27T11:16:26.9432890Z 	at org.junit.platform.engine.support.hierarchical.NodeTestTask.lambda$executeRecursively$9(NodeTestTask.java:139)
Quarkus UT (windows-latest)	Run unit tests	2024-11-27T11:16:26.9433645Z 	at org.junit.platform.engine.support.hierarchical.ThrowableCollector.execute(ThrowableCollector.java:73)
Quarkus UT (windows-latest)	Run unit tests	2024-11-27T11:16:26.9434364Z 	at org.junit.platform.engine.support.hierarchical.NodeTestTask.executeRecursively(NodeTestTask.java:138)
Quarkus UT (windows-latest)	Run unit tests	2024-11-27T11:16:26.9435041Z 	at org.junit.platform.engine.support.hierarchical.NodeTestTask.execute(NodeTestTask.java:95)
Quarkus UT (windows-latest)	Run unit tests	2024-11-27T11:16:26.9435961Z 	at org.junit.platform.engine.support.hierarchical.SameThreadHierarchicalTestExecutorService.submit(SameThreadHierarchicalTestExecutorService.java:35)
Quarkus UT (windows-latest)	Run unit tests	2024-11-27T11:16:26.9436958Z 	at org.junit.platform.engine.support.hierarchical.HierarchicalTestExecutor.execute(HierarchicalTestExecutor.java:57)
Quarkus UT (windows-latest)	Run unit tests	2024-11-27T11:16:26.9439114Z 	at org.junit.platform.engine.support.hierarchical.HierarchicalTestEngine.execute(HierarchicalTestEngine.java:54)
Quarkus UT (windows-latest)	Run unit tests	2024-11-27T11:16:26.9440555Z 	at org.junit.platform.launcher.core.EngineExecutionOrchestrator.execute(EngineExecutionOrchestrator.java:198)
Quarkus UT (windows-latest)	Run unit tests	2024-11-27T11:16:26.9441935Z 	at org.junit.platform.launcher.core.EngineExecutionOrchestrator.execute(EngineExecutionOrchestrator.java:169)
Quarkus UT (windows-latest)	Run unit tests	2024-11-27T11:16:26.9443404Z 	at org.junit.platform.launcher.core.EngineExecutionOrchestrator.execute(EngineExecutionOrchestrator.java:93)
Quarkus UT (windows-latest)	Run unit tests	2024-11-27T11:16:26.9445151Z 	at org.junit.platform.launcher.core.EngineExecutionOrchestrator.lambda$execute$0(EngineExecutionOrchestrator.java:58)
Quarkus UT (windows-latest)	Run unit tests	2024-11-27T11:16:26.9447005Z 	at org.junit.platform.launcher.core.EngineExecutionOrchestrator.withInterceptedStreams(EngineExecutionOrchestrator.java:141)
Quarkus UT (windows-latest)	Run unit tests	2024-11-27T11:16:26.9449016Z 	at org.junit.platform.launcher.core.EngineExecutionOrchestrator.execute(EngineExecutionOrchestrator.java:57)
Quarkus UT (windows-latest)	Run unit tests	2024-11-27T11:16:26.9450111Z 	at org.junit.platform.launcher.core.DefaultLauncher.execute(DefaultLauncher.java:103)
Quarkus UT (windows-latest)	Run unit tests	2024-11-27T11:16:26.9455289Z 	at org.junit.platform.launcher.core.DefaultLauncher.execute(DefaultLauncher.java:85)
Quarkus UT (windows-latest)	Run unit tests	2024-11-27T11:16:26.9456408Z 	at org.junit.platform.launcher.core.DelegatingLauncher.execute(DelegatingLauncher.java:47)
Quarkus UT (windows-latest)	Run unit tests	2024-11-27T11:16:26.9457651Z 	at org.apache.maven.surefire.junitplatform.LazyLauncher.execute(LazyLauncher.java:55)
Quarkus UT (windows-latest)	Run unit tests	2024-11-27T11:16:26.9458891Z 	at org.apache.maven.surefire.junitplatform.JUnitPlatformProvider.execute(JUnitPlatformProvider.java:223)
Quarkus UT (windows-latest)	Run unit tests	2024-11-27T11:16:26.9460340Z 	at org.apache.maven.surefire.junitplatform.JUnitPlatformProvider.invokeAllTests(JUnitPlatformProvider.java:175)
Quarkus UT (windows-latest)	Run unit tests	2024-11-27T11:16:26.9461728Z 	at org.apache.maven.surefire.junitplatform.JUnitPlatformProvider.invoke(JUnitPlatformProvider.java:139)
Quarkus UT (windows-latest)	Run unit tests	2024-11-27T11:16:26.9462919Z 	at org.apache.maven.surefire.booter.ForkedBooter.runSuitesInProcess(ForkedBooter.java:456)
Quarkus UT (windows-latest)	Run unit tests	2024-11-27T11:16:26.9463969Z 	at org.apache.maven.surefire.booter.ForkedBooter.execute(ForkedBooter.java:169)
Quarkus UT (windows-latest)	Run unit tests	2024-11-27T11:16:26.9464882Z 	at org.apache.maven.surefire.booter.ForkedBooter.run(ForkedBooter.java:595)
Quarkus UT (windows-latest)	Run unit tests	2024-11-27T11:16:26.9465781Z 	at org.apache.maven.surefire.booter.ForkedBooter.main(ForkedBooter.java:581)
Quarkus UT (windows-latest)	Run unit tests	2024-11-27T11:16:26.9467741Z Caused by: java.lang.IllegalStateException: fv-az653-80-36361: failed to find an available port in ports [57800, 57801, 57802, 57803]
Quarkus UT (windows-latest)	Run unit tests	2024-11-27T11:16:26.9468786Z 	at org.jgroups.protocols.FD_SOCK2.createServer(FD_SOCK2.java:330)
Quarkus UT (windows-latest)	Run unit tests	2024-11-27T11:16:26.9469423Z 	at org.jgroups.protocols.FD_SOCK2.start(FD_SOCK2.java:163)
Quarkus UT (windows-latest)	Run unit tests	2024-11-27T11:16:26.9470114Z 	at org.jgroups.stack.ProtocolStack.startStack(ProtocolStack.java:910)
Quarkus UT (windows-latest)	Run unit tests	2024-11-27T11:16:26.9470810Z 	at org.jgroups.JChannel.startStack(JChannel.java:936)
Quarkus UT (windows-latest)	Run unit tests	2024-11-27T11:16:26.9471385Z 	at org.jgroups.JChannel._preConnect(JChannel.java:814)
Quarkus UT (windows-latest)	Run unit tests	2024-11-27T11:16:26.9471943Z 	at org.jgroups.JChannel.connect(JChannel.java:328)
Quarkus UT (windows-latest)	Run unit tests	2024-11-27T11:16:26.9472475Z 	at org.jgroups.JChannel.connect(JChannel.java:321)
Quarkus UT (windows-latest)	Run unit tests	2024-11-27T11:16:26.9473580Z 	at org.infinispan.remoting.transport.jgroups.JGroupsTransport.startJGroupsChannelIfNeeded(JGroupsTransport.java:581)
Quarkus UT (windows-latest)	Run unit tests	2024-11-27T11:16:26.9474593Z 	... 108 more
Quarkus UT (windows-latest)	Run unit tests	2024-11-27T11:16:26.9474763Z 
Quarkus UT (windows-latest)	Run unit tests	2024-11-27T11:16:27.0489255Z 2024-11-27 11:16:26,936 INFO  [com.arjuna.ats.jbossatx] (main) ARJUNA032014: Stopping transaction recovery manager
Quarkus UT (windows-latest)	Run unit tests	2024-11-27T11:16:27.1003791Z [ERROR] Tests run: 1, Failures: 0, Errors: 1, Skipped: 0, Time elapsed: 13.653 s <<< FAILURE! - in test.org.keycloak.quarkus.services.health.KeycloakPathConfigurationTest
Quarkus UT (windows-latest)	Run unit tests	2024-11-27T11:16:27.1035514Z [ERROR] test.org.keycloak.quarkus.services.health.KeycloakPathConfigurationTest  Time elapsed: 13.653 s  <<< ERROR!
Quarkus UT (windows-latest)	Run unit tests	2024-11-27T11:16:27.1037857Z java.lang.RuntimeException: java.lang.RuntimeException: Failed to start quarkus
Quarkus UT (windows-latest)	Run unit tests	2024-11-27T11:16:27.1038776Z 	at io.quarkus.test.QuarkusUnitTest.beforeAll(QuarkusUnitTest.java:708)
Quarkus UT (windows-latest)	Run unit tests	2024-11-27T11:16:27.1039525Z 	at java.base/java.util.ArrayList.forEach(ArrayList.java:1596)
Quarkus UT (windows-latest)	Run unit tests	2024-11-27T11:16:27.1040210Z Caused by: java.lang.RuntimeException: Failed to start quarkus
Quarkus UT (windows-latest)	Run unit tests	2024-11-27T11:16:27.1040867Z 	at io.quarkus.runner.ApplicationImpl.doStart(Unknown Source)
Quarkus UT (windows-latest)	Run unit tests	2024-11-27T11:16:27.1041590Z 	at io.quarkus.runtime.Application.start(Application.java:101)
Quarkus UT (windows-latest)	Run unit tests	2024-11-27T11:16:27.1042633Z 	at java.base/java.lang.reflect.Method.invoke(Method.java:580)
Quarkus UT (windows-latest)	Run unit tests	2024-11-27T11:16:27.1043490Z 	at io.quarkus.runner.bootstrap.StartupActionImpl.run(StartupActionImpl.java:305)
Quarkus UT (windows-latest)	Run unit tests	2024-11-27T11:16:27.1049608Z 	at io.quarkus.test.QuarkusUnitTest.beforeAll(QuarkusUnitTest.java:661)
Quarkus UT (windows-latest)	Run unit tests	2024-11-27T11:16:27.1055698Z 	... 1 more
Quarkus UT (windows-latest)	Run unit tests	2024-11-27T11:16:27.1056613Z Caused by: org.infinispan.manager.EmbeddedCacheManagerStartupException: Unable to start JGroups Channel
Quarkus UT (windows-latest)	Run unit tests	2024-11-27T11:16:27.1057782Z 	at org.infinispan.manager.DefaultCacheManager.internalStart(DefaultCacheManager.java:781)
Quarkus UT (windows-latest)	Run unit tests	2024-11-27T11:16:27.1058829Z 	at org.infinispan.manager.DefaultCacheManager.start(DefaultCacheManager.java:746)
Quarkus UT (windows-latest)	Run unit tests	2024-11-27T11:16:27.1083043Z 	at org.infinispan.manager.DefaultCacheManager.<init>(DefaultCacheManager.java:412)
Quarkus UT (windows-latest)	Run unit tests	2024-11-27T11:16:27.1097198Z 	at org.keycloak.quarkus.runtime.storage.infinispan.CacheManagerFactory.startEmbeddedCacheManager(CacheManagerFactory.java:366)
Quarkus UT (windows-latest)	Run unit tests	2024-11-27T11:16:27.1099087Z 	at org.keycloak.quarkus.runtime.storage.infinispan.CacheManagerFactory.lambda$new$1(CacheManagerFactory.java:127)
Quarkus UT (windows-latest)	Run unit tests	2024-11-27T11:16:27.1100859Z 	at org.keycloak.quarkus.runtime.storage.infinispan.CacheManagerFactory.getOrCreateEmbeddedCacheManager(CacheManagerFactory.java:163)
Quarkus UT (windows-latest)	Run unit tests	2024-11-27T11:16:27.1103137Z 	at org.keycloak.quarkus.runtime.storage.infinispan.CacheManagerFactory_Uq0wIYR2uOCznFEYZOJeeAi-Obg_Synthetic_ClientProxy.getOrCreateEmbeddedCacheManager(Unknown Source)
Quarkus UT (windows-latest)	Run unit tests	2024-11-27T11:16:27.1105344Z 	at org.keycloak.quarkus.runtime.storage.infinispan.QuarkusCacheManagerProvider.getEmbeddedCacheManager(QuarkusCacheManagerProvider.java:32)
Quarkus UT (windows-latest)	Run unit tests	2024-11-27T11:16:27.1107487Z 	at org.keycloak.connections.infinispan.DefaultInfinispanConnectionProviderFactory.lazyInit(DefaultInfinispanConnectionProviderFactory.java:210)
Quarkus UT (windows-latest)	Run unit tests	2024-11-27T11:16:27.1110696Z 	at org.keycloak.connections.infinispan.DefaultInfinispanConnectionProviderFactory.create(DefaultInfinispanConnectionProviderFactory.java:118)
Quarkus UT (windows-latest)	Run unit tests	2024-11-27T11:16:27.1113323Z 	at org.keycloak.connections.infinispan.DefaultInfinispanConnectionProviderFactory.create(DefaultInfinispanConnectionProviderFactory.java:99)
Quarkus UT (windows-latest)	Run unit tests	2024-11-27T11:16:27.1115129Z 	at org.keycloak.services.DefaultKeycloakSession.getOrCreateProvider(DefaultKeycloakSession.java:184)
Quarkus UT (windows-latest)	Run unit tests	2024-11-27T11:16:27.1116482Z 	at org.keycloak.services.DefaultKeycloakSession.getProvider(DefaultKeycloakSession.java:173)
Quarkus UT (windows-latest)	Run unit tests	2024-11-27T11:16:27.1118139Z 	at org.keycloak.models.cache.infinispan.InfinispanCacheRealmProviderFactory.lazyInit(InfinispanCacheRealmProviderFactory.java:55)
Quarkus UT (windows-latest)	Run unit tests	2024-11-27T11:16:27.1120089Z 	at org.keycloak.models.cache.infinispan.InfinispanCacheRealmProviderFactory.create(InfinispanCacheRealmProviderFactory.java:47)
Quarkus UT (windows-latest)	Run unit tests	2024-11-27T11:16:27.1121962Z 	at org.keycloak.models.cache.infinispan.InfinispanCacheRealmProviderFactory.create(InfinispanCacheRealmProviderFactory.java:37)
Quarkus UT (windows-latest)	Run unit tests	2024-11-27T11:16:27.1123583Z 	at org.keycloak.services.DefaultKeycloakSession.getOrCreateProvider(DefaultKeycloakSession.java:184)
Quarkus UT (windows-latest)	Run unit tests	2024-11-27T11:16:27.1124891Z 	at org.keycloak.services.DefaultKeycloakSession.getProvider(DefaultKeycloakSession.java:173)
Quarkus UT (windows-latest)	Run unit tests	2024-11-27T11:16:27.1126275Z 	at org.keycloak.storage.datastore.DefaultDatastoreProvider.getRealmProvider(DefaultDatastoreProvider.java:156)
Quarkus UT (windows-latest)	Run unit tests	2024-11-27T11:16:27.1127631Z 	at org.keycloak.storage.datastore.DefaultDatastoreProvider.realms(DefaultDatastoreProvider.java:234)
Quarkus UT (windows-latest)	Run unit tests	2024-11-27T11:16:27.1128868Z 	at org.keycloak.services.DefaultKeycloakSession.realms(DefaultKeycloakSession.java:258)
Quarkus UT (windows-latest)	Run unit tests	2024-11-27T11:16:27.1129918Z 	at org.keycloak.migration.migrators.MigrateTo1_2_0.migrate(MigrateTo1_2_0.java:69)
Quarkus UT (windows-latest)	Run unit tests	2024-11-27T11:16:27.1131081Z 	at org.keycloak.storage.datastore.DefaultMigrationManager.migrate(DefaultMigrationManager.java:157)
Quarkus UT (windows-latest)	Run unit tests	2024-11-27T11:16:27.1132693Z 	at org.keycloak.migration.MigrationModelManager.migrate(MigrationModelManager.java:33)
Quarkus UT (windows-latest)	Run unit tests	2024-11-27T11:16:27.1134411Z 	at org.keycloak.quarkus.runtime.storage.database.jpa.QuarkusJpaConnectionProviderFactory.migrateModel(QuarkusJpaConnectionProviderFactory.java:202)
Quarkus UT (windows-latest)	Run unit tests	2024-11-27T11:16:27.1136706Z 	at org.keycloak.quarkus.runtime.storage.database.jpa.QuarkusJpaConnectionProviderFactory.initSchema(QuarkusJpaConnectionProviderFactory.java:197)
Quarkus UT (windows-latest)	Run unit tests	2024-11-27T11:16:27.1138502Z 	at org.keycloak.models.utils.KeycloakModelUtils.lambda$runJobInTransaction$1(KeycloakModelUtils.java:314)
Quarkus UT (windows-latest)	Run unit tests	2024-11-27T11:16:27.1141122Z 	at org.keycloak.models.utils.KeycloakModelUtils.runJobInTransactionWithResult(KeycloakModelUtils.java:433)
Quarkus UT (windows-latest)	Run unit tests	2024-11-27T11:16:27.1142534Z 	at org.keycloak.models.utils.KeycloakModelUtils.runJobInTransaction(KeycloakModelUtils.java:313)
Quarkus UT (windows-latest)	Run unit tests	2024-11-27T11:16:27.1234129Z 	at org.keycloak.models.utils.KeycloakModelUtils.runJobInTransaction(KeycloakModelUtils.java:303)
Quarkus UT (windows-latest)	Run unit tests	2024-11-27T11:16:27.1273985Z 	at org.keycloak.quarkus.runtime.storage.database.jpa.QuarkusJpaConnectionProviderFactory.postInit(QuarkusJpaConnectionProviderFactory.java:130)
Quarkus UT (windows-latest)	Run unit tests	2024-11-27T11:16:27.1276015Z 	at org.keycloak.services.DefaultKeycloakSessionFactory.initializeProviders(DefaultKeycloakSessionFactory.java:167)
Quarkus UT (windows-latest)	Run unit tests	2024-11-27T11:16:27.1281900Z 	at org.keycloak.services.DefaultKeycloakSessionFactory.initProviderFactories(DefaultKeycloakSessionFactory.java:144)
Quarkus UT (windows-latest)	Run unit tests	2024-11-27T11:16:27.1283600Z 	at org.keycloak.services.DefaultKeycloakSessionFactory.initProviderFactories(DefaultKeycloakSessionFactory.java:125)
Quarkus UT (windows-latest)	Run unit tests	2024-11-27T11:16:27.1288574Z 	at org.keycloak.quarkus.runtime.integration.QuarkusKeycloakSessionFactory.init(QuarkusKeycloakSessionFactory.java:87)
Quarkus UT (windows-latest)	Run unit tests	2024-11-27T11:16:27.1290371Z 	at org.keycloak.quarkus.runtime.integration.jaxrs.QuarkusKeycloakApplication.createSessionFactory(QuarkusKeycloakApplication.java:67)
Quarkus UT (windows-latest)	Run unit tests	2024-11-27T11:16:27.1291926Z 	at org.keycloak.services.resources.KeycloakApplication.startup(KeycloakApplication.java:89)
Quarkus UT (windows-latest)	Run unit tests	2024-11-27T11:16:27.1293424Z 	at org.keycloak.quarkus.runtime.integration.jaxrs.QuarkusKeycloakApplication.onStartupEvent(QuarkusKeycloakApplication.java:52)
Quarkus UT (windows-latest)	Run unit tests	2024-11-27T11:16:27.1295790Z 	at org.keycloak.quarkus.runtime.integration.jaxrs.QuarkusKeycloakApplication_Observer_onStartupEvent_GNZ8m5QenZ9h9VNelo7awjUZFDE.notify(Unknown Source)
Quarkus UT (windows-latest)	Run unit tests	2024-11-27T11:16:27.1297214Z 	at io.quarkus.arc.impl.EventImpl$Notifier.notifyObservers(EventImpl.java:351)
Quarkus UT (windows-latest)	Run unit tests	2024-11-27T11:16:27.1298007Z 	at io.quarkus.arc.impl.EventImpl$Notifier.notify(EventImpl.java:333)
Quarkus UT (windows-latest)	Run unit tests	2024-11-27T11:16:27.1298704Z 	at io.quarkus.arc.impl.EventImpl.fire(EventImpl.java:80)
Quarkus UT (windows-latest)	Run unit tests	2024-11-27T11:16:27.1299477Z 	at io.quarkus.arc.runtime.ArcRecorder.fireLifecycleEvent(ArcRecorder.java:156)
Quarkus UT (windows-latest)	Run unit tests	2024-11-27T11:16:27.1300439Z 	at io.quarkus.arc.runtime.ArcRecorder.handleLifecycleEvents(ArcRecorder.java:107)
Quarkus UT (windows-latest)	Run unit tests	2024-11-27T11:16:27.1301571Z 	at io.quarkus.deployment.steps.LifecycleEventsBuildStep$startupEvent1144526294.deploy_0(Unknown Source)
Quarkus UT (windows-latest)	Run unit tests	2024-11-27T11:16:27.1302813Z 	at io.quarkus.deployment.steps.LifecycleEventsBuildStep$startupEvent1144526294.deploy(Unknown Source)
Quarkus UT (windows-latest)	Run unit tests	2024-11-27T11:16:27.1304652Z 	... 6 more
Quarkus UT (windows-latest)	Run unit tests	2024-11-27T11:16:27.1305341Z Caused by: org.infinispan.commons.CacheException: Unable to start JGroups Channel
Quarkus UT (windows-latest)	Run unit tests	2024-11-27T11:16:27.1306650Z 	at org.infinispan.remoting.transport.jgroups.JGroupsTransport.startJGroupsChannelIfNeeded(JGroupsTransport.java:583)
Quarkus UT (windows-latest)	Run unit tests	2024-11-27T11:16:27.1308092Z 	at org.infinispan.remoting.transport.jgroups.JGroupsTransport.start(JGroupsTransport.java:456)
Quarkus UT (windows-latest)	Run unit tests	2024-11-27T11:16:27.1309333Z 	at org.infinispan.remoting.transport.jgroups.CorePackageImpl$2.start(CorePackageImpl.java:64)
Quarkus UT (windows-latest)	Run unit tests	2024-11-27T11:16:27.1310514Z 	at org.infinispan.remoting.transport.jgroups.CorePackageImpl$2.start(CorePackageImpl.java:49)
Quarkus UT (windows-latest)	Run unit tests	2024-11-27T11:16:27.1311862Z 	at org.infinispan.factories.impl.BasicComponentRegistryImpl.invokeStart(BasicComponentRegistryImpl.java:616)
Quarkus UT (windows-latest)	Run unit tests	2024-11-27T11:16:27.1313385Z 	at org.infinispan.factories.impl.BasicComponentRegistryImpl.doStartWrapper(BasicComponentRegistryImpl.java:607)
Quarkus UT (windows-latest)	Run unit tests	2024-11-27T11:16:27.1314885Z 	at org.infinispan.factories.impl.BasicComponentRegistryImpl.startWrapper(BasicComponentRegistryImpl.java:576)
Quarkus UT (windows-latest)	Run unit tests	2024-11-27T11:16:27.1316479Z 	at org.infinispan.factories.impl.BasicComponentRegistryImpl$ComponentWrapper.running(BasicComponentRegistryImpl.java:807)
Quarkus UT (windows-latest)	Run unit tests	2024-11-27T11:16:27.1318125Z 	at org.infinispan.factories.impl.BasicComponentRegistryImpl.startDependencies(BasicComponentRegistryImpl.java:634)
Quarkus UT (windows-latest)	Run unit tests	2024-11-27T11:16:27.1320009Z 	at org.infinispan.factories.impl.BasicComponentRegistryImpl.doStartWrapper(BasicComponentRegistryImpl.java:598)
Quarkus UT (windows-latest)	Run unit tests	2024-11-27T11:16:27.1321460Z 	at org.infinispan.factories.impl.BasicComponentRegistryImpl.startWrapper(BasicComponentRegistryImpl.java:576)
Quarkus UT (windows-latest)	Run unit tests	2024-11-27T11:16:27.1322975Z 	at org.infinispan.factories.impl.BasicComponentRegistryImpl$ComponentWrapper.running(BasicComponentRegistryImpl.java:807)
Quarkus UT (windows-latest)	Run unit tests	2024-11-27T11:16:27.1324399Z 	at org.infinispan.factories.GlobalComponentRegistry.preStart(GlobalComponentRegistry.java:307)
Quarkus UT (windows-latest)	Run unit tests	2024-11-27T11:16:27.1325626Z 	at org.infinispan.factories.AbstractComponentRegistry.start(AbstractComponentRegistry.java:241)
Quarkus UT (windows-latest)	Run unit tests	2024-11-27T11:16:27.1326824Z 	at org.infinispan.manager.DefaultCacheManager.internalStart(DefaultCacheManager.java:778)
Quarkus UT (windows-latest)	Run unit tests	2024-11-27T11:16:27.1327554Z 	... 51 more
Quarkus UT (windows-latest)	Run unit tests	2024-11-27T11:16:27.1328322Z Caused by: java.lang.IllegalStateException: fv-az653-80-36361: failed to find an available port in ports [57800, 57801, 57802, 57803]
Quarkus UT (windows-latest)	Run unit tests	2024-11-27T11:16:27.1329364Z 	at org.jgroups.protocols.FD_SOCK2.createServer(FD_SOCK2.java:330)
Quarkus UT (windows-latest)	Run unit tests	2024-11-27T11:16:27.1330005Z 	at org.jgroups.protocols.FD_SOCK2.start(FD_SOCK2.java:163)
Quarkus UT (windows-latest)	Run unit tests	2024-11-27T11:16:27.1330682Z 	at org.jgroups.stack.ProtocolStack.startStack(ProtocolStack.java:910)
Quarkus UT (windows-latest)	Run unit tests	2024-11-27T11:16:27.1331361Z 	at org.jgroups.JChannel.startStack(JChannel.java:936)
Quarkus UT (windows-latest)	Run unit tests	2024-11-27T11:16:27.1331936Z 	at org.jgroups.JChannel._preConnect(JChannel.java:814)
Quarkus UT (windows-latest)	Run unit tests	2024-11-27T11:16:27.1332484Z 	at org.jgroups.JChannel.connect(JChannel.java:328)
Quarkus UT (windows-latest)	Run unit tests	2024-11-27T11:16:27.1333015Z 	at org.jgroups.JChannel.connect(JChannel.java:321)
Quarkus UT (windows-latest)	Run unit tests	2024-11-27T11:16:27.1334104Z 	at org.infinispan.remoting.transport.jgroups.JGroupsTransport.startJGroupsChannelIfNeeded(JGroupsTransport.java:581)
Quarkus UT (windows-latest)	Run unit tests	2024-11-27T11:16:27.1335583Z 	... 65 more
Quarkus UT (windows-latest)	Run unit tests	2024-11-27T11:16:27.1335754Z 
Quarkus UT (windows-latest)	Run unit tests	2024-11-27T11:16:27.1336233Z [INFO] Running test.org.keycloak.quarkus.services.health.KeycloakReadyHealthCheckTest
Quarkus UT (windows-latest)	Run unit tests	2024-11-27T11:16:37.1864645Z 2024-11-27 11:16:37,104 INFO  [org.keycloak.quarkus.runtime.storage.database.liquibase.QuarkusJpaUpdaterProvider] (main) Initializing database schema. Using changelog META-INF/jpa-changelog-master.xml
Quarkus UT (windows-latest)	Run unit tests	2024-11-27T11:16:39.3367690Z 2024-11-27 11:16:39,324 WARN  [io.agroal.pool] (main) Datasource '<default>': JDBC resources leaked: 1 ResultSet(s) and 0 Statement(s)
Quarkus UT (windows-latest)	Run unit tests	2024-11-27T11:16:39.7420431Z 2024-11-27 11:16:39,718 INFO  [org.keycloak.quarkus.runtime.storage.infinispan.CacheManagerFactory] (main) Starting Infinispan embedded cache manager
Quarkus UT (windows-latest)	Run unit tests	2024-11-27T11:16:40.0466559Z 2024-11-27 11:16:40,022 INFO  [org.infinispan.CONTAINER] (main) ISPN000556: Starting user marshaller 'org.infinispan.commons.marshall.ImmutableProtoStreamMarshaller'
Quarkus UT (windows-latest)	Run unit tests	2024-11-27T11:16:40.2549868Z 2024-11-27 11:16:40,196 WARN  [org.jgroups.stack.Configurator] (main) JGRP000014: ThreadPool.thread_dumps_threshold has been deprecated: ignored
Quarkus UT (windows-latest)	Run unit tests	2024-11-27T11:16:40.2551602Z 2024-11-27 11:16:40,205 INFO  [org.infinispan.CLUSTER] (main) ISPN000078: Starting JGroups channel `ISPN` with stack `jdbc-ping`
Quarkus UT (windows-latest)	Run unit tests	2024-11-27T11:16:40.2552807Z 2024-11-27 11:16:40,206 INFO  [org.jgroups.JChannel] (main) local_addr: 64a530e2-6d05-45cd-bc03-4b4d65e74816, name: fv-az653-80-49239
Quarkus UT (windows-latest)	Run unit tests	2024-11-27T11:16:40.2554431Z 2024-11-27 11:16:40,210 ERROR [org.infinispan.CONFIG] (main) ISPN000660: DefaultCacheManager start failed, stopping any running components: org.infinispan.commons.CacheException: Unable to start JGroups Channel
Quarkus UT (windows-latest)	Run unit tests	2024-11-27T11:16:40.2555879Z 	at org.infinispan.remoting.transport.jgroups.JGroupsTransport.startJGroupsChannelIfNeeded(JGroupsTransport.java:583)
Quarkus UT (windows-latest)	Run unit tests	2024-11-27T11:16:40.2556910Z 	at org.infinispan.remoting.transport.jgroups.JGroupsTransport.start(JGroupsTransport.java:456)
Quarkus UT (windows-latest)	Run unit tests	2024-11-27T11:16:40.2557793Z 	at org.infinispan.remoting.transport.jgroups.CorePackageImpl$2.start(CorePackageImpl.java:64)
Quarkus UT (windows-latest)	Run unit tests	2024-11-27T11:16:40.2558638Z 	at org.infinispan.remoting.transport.jgroups.CorePackageImpl$2.start(CorePackageImpl.java:49)
Quarkus UT (windows-latest)	Run unit tests	2024-11-27T11:16:40.2559617Z 	at org.infinispan.factories.impl.BasicComponentRegistryImpl.invokeStart(BasicComponentRegistryImpl.java:616)
Quarkus UT (windows-latest)	Run unit tests	2024-11-27T11:16:40.2561037Z 	at org.infinispan.factories.impl.BasicComponentRegistryImpl.doStartWrapper(BasicComponentRegistryImpl.java:607)
Quarkus UT (windows-latest)	Run unit tests	2024-11-27T11:16:40.2562137Z 	at org.infinispan.factories.impl.BasicComponentRegistryImpl.startWrapper(BasicComponentRegistryImpl.java:576)
Quarkus UT (windows-latest)	Run unit tests	2024-11-27T11:16:40.2563268Z 	at org.infinispan.factories.impl.BasicComponentRegistryImpl$ComponentWrapper.running(BasicComponentRegistryImpl.java:807)
Quarkus UT (windows-latest)	Run unit tests	2024-11-27T11:16:40.2564426Z 	at org.infinispan.factories.impl.BasicComponentRegistryImpl.startDependencies(BasicComponentRegistryImpl.java:634)
Quarkus UT (windows-latest)	Run unit tests	2024-11-27T11:16:40.2565369Z 	at org.infinispan.factories.impl.BasicComponentRegistryImpl.doStartWrapper(BasicComponentRegistryImpl.java:598)
Quarkus UT (windows-latest)	Run unit tests	2024-11-27T11:16:40.2566213Z 	at org.infinispan.factories.impl.BasicComponentRegistryImpl.startWrapper(BasicComponentRegistryImpl.java:576)
Quarkus UT (windows-latest)	Run unit tests	2024-11-27T11:16:40.2567030Z 	at org.infinispan.factories.impl.BasicComponentRegistryImpl$ComponentWrapper.running(BasicComponentRegistryImpl.java:807)
Quarkus UT (windows-latest)	Run unit tests	2024-11-27T11:16:40.2567798Z 	at org.infinispan.factories.GlobalComponentRegistry.preStart(GlobalComponentRegistry.java:307)
Quarkus UT (windows-latest)	Run unit tests	2024-11-27T11:16:40.2568458Z 	at org.infinispan.factories.AbstractComponentRegistry.start(AbstractComponentRegistry.java:241)
Quarkus UT (windows-latest)	Run unit tests	2024-11-27T11:16:40.2569087Z 	at org.infinispan.manager.DefaultCacheManager.internalStart(DefaultCacheManager.java:778)
Quarkus UT (windows-latest)	Run unit tests	2024-11-27T11:16:40.2569651Z 	at org.infinispan.manager.DefaultCacheManager.start(DefaultCacheManager.java:746)
Quarkus UT (windows-latest)	Run unit tests	2024-11-27T11:16:40.2570179Z 	at org.infinispan.manager.DefaultCacheManager.<init>(DefaultCacheManager.java:412)
Quarkus UT (windows-latest)	Run unit tests	2024-11-27T11:16:40.2570917Z 	at org.keycloak.quarkus.runtime.storage.infinispan.CacheManagerFactory.startEmbeddedCacheManager(CacheManagerFactory.java:366)
Quarkus UT (windows-latest)	Run unit tests	2024-11-27T11:16:40.2572850Z 	at org.keycloak.quarkus.runtime.storage.infinispan.CacheManagerFactory.lambda$new$1(CacheManagerFactory.java:127)
Quarkus UT (windows-latest)	Run unit tests	2024-11-27T11:16:40.2573762Z 	at org.keycloak.quarkus.runtime.storage.infinispan.CacheManagerFactory.getOrCreateEmbeddedCacheManager(CacheManagerFactory.java:163)
Quarkus UT (windows-latest)	Run unit tests	2024-11-27T11:16:40.2574883Z 	at org.keycloak.quarkus.runtime.storage.infinispan.CacheManagerFactory_Uq0wIYR2uOCznFEYZOJeeAi-Obg_Synthetic_ClientProxy.getOrCreateEmbeddedCacheManager(Unknown Source)
Quarkus UT (windows-latest)	Run unit tests	2024-11-27T11:16:40.2576023Z 	at org.keycloak.quarkus.runtime.storage.infinispan.QuarkusCacheManagerProvider.getEmbeddedCacheManager(QuarkusCacheManagerProvider.java:32)
Quarkus UT (windows-latest)	Run unit tests	2024-11-27T11:16:40.2577116Z 	at org.keycloak.connections.infinispan.DefaultInfinispanConnectionProviderFactory.lazyInit(DefaultInfinispanConnectionProviderFactory.java:210)
Quarkus UT (windows-latest)	Run unit tests	2024-11-27T11:16:40.2578215Z 	at org.keycloak.connections.infinispan.DefaultInfinispanConnectionProviderFactory.create(DefaultInfinispanConnectionProviderFactory.java:118)
Quarkus UT (windows-latest)	Run unit tests	2024-11-27T11:16:40.2579293Z 	at org.keycloak.connections.infinispan.DefaultInfinispanConnectionProviderFactory.create(DefaultInfinispanConnectionProviderFactory.java:99)
Quarkus UT (windows-latest)	Run unit tests	2024-11-27T11:16:40.2580178Z 	at org.keycloak.services.DefaultKeycloakSession.getOrCreateProvider(DefaultKeycloakSession.java:184)
Quarkus UT (windows-latest)	Run unit tests	2024-11-27T11:16:40.2580847Z 	at org.keycloak.services.DefaultKeycloakSession.getProvider(DefaultKeycloakSession.java:173)
Quarkus UT (windows-latest)	Run unit tests	2024-11-27T11:16:40.2581648Z 	at org.keycloak.models.cache.infinispan.InfinispanCacheRealmProviderFactory.lazyInit(InfinispanCacheRealmProviderFactory.java:55)
Quarkus UT (windows-latest)	Run unit tests	2024-11-27T11:16:40.2582602Z 	at org.keycloak.models.cache.infinispan.InfinispanCacheRealmProviderFactory.create(InfinispanCacheRealmProviderFactory.java:47)
Quarkus UT (windows-latest)	Run unit tests	2024-11-27T11:16:40.2583537Z 	at org.keycloak.models.cache.infinispan.InfinispanCacheRealmProviderFactory.create(InfinispanCacheRealmProviderFactory.java:37)
Quarkus UT (windows-latest)	Run unit tests	2024-11-27T11:16:40.2584357Z 	at org.keycloak.services.DefaultKeycloakSession.getOrCreateProvider(DefaultKeycloakSession.java:184)
Quarkus UT (windows-latest)	Run unit tests	2024-11-27T11:16:40.2585013Z 	at org.keycloak.services.DefaultKeycloakSession.getProvider(DefaultKeycloakSession.java:173)
Quarkus UT (windows-latest)	Run unit tests	2024-11-27T11:16:40.2585717Z 	at org.keycloak.storage.datastore.DefaultDatastoreProvider.getRealmProvider(DefaultDatastoreProvider.java:156)
Quarkus UT (windows-latest)	Run unit tests	2024-11-27T11:16:40.2586607Z 	at org.keycloak.storage.datastore.DefaultDatastoreProvider.realms(DefaultDatastoreProvider.java:234)
Quarkus UT (windows-latest)	Run unit tests	2024-11-27T11:16:40.2587243Z 	at org.keycloak.services.DefaultKeycloakSession.realms(DefaultKeycloakSession.java:258)
Quarkus UT (windows-latest)	Run unit tests	2024-11-27T11:16:40.2587792Z 	at org.keycloak.migration.migrators.MigrateTo1_2_0.migrate(MigrateTo1_2_0.java:69)
Quarkus UT (windows-latest)	Run unit tests	2024-11-27T11:16:40.2588388Z 	at org.keycloak.storage.datastore.DefaultMigrationManager.migrate(DefaultMigrationManager.java:157)
Quarkus UT (windows-latest)	Run unit tests	2024-11-27T11:16:40.2589019Z 	at org.keycloak.migration.MigrationModelManager.migrate(MigrationModelManager.java:33)
Quarkus UT (windows-latest)	Run unit tests	2024-11-27T11:16:40.2589880Z 	at org.keycloak.quarkus.runtime.storage.database.jpa.QuarkusJpaConnectionProviderFactory.migrateModel(QuarkusJpaConnectionProviderFactory.java:202)
Quarkus UT (windows-latest)	Run unit tests	2024-11-27T11:16:40.2591002Z 	at org.keycloak.quarkus.runtime.storage.database.jpa.QuarkusJpaConnectionProviderFactory.initSchema(QuarkusJpaConnectionProviderFactory.java:197)
Quarkus UT (windows-latest)	Run unit tests	2024-11-27T11:16:40.2591909Z 	at org.keycloak.models.utils.KeycloakModelUtils.lambda$runJobInTransaction$1(KeycloakModelUtils.java:314)
Quarkus UT (windows-latest)	Run unit tests	2024-11-27T11:16:40.2592633Z 	at org.keycloak.models.utils.KeycloakModelUtils.runJobInTransactionWithResult(KeycloakModelUtils.java:433)
Quarkus UT (windows-latest)	Run unit tests	2024-11-27T11:16:40.2593339Z 	at org.keycloak.models.utils.KeycloakModelUtils.runJobInTransaction(KeycloakModelUtils.java:313)
Quarkus UT (windows-latest)	Run unit tests	2024-11-27T11:16:40.2593994Z 	at org.keycloak.models.utils.KeycloakModelUtils.runJobInTransaction(KeycloakModelUtils.java:303)
Quarkus UT (windows-latest)	Run unit tests	2024-11-27T11:16:40.2594873Z 	at org.keycloak.quarkus.runtime.storage.database.jpa.QuarkusJpaConnectionProviderFactory.postInit(QuarkusJpaConnectionProviderFactory.java:130)
Quarkus UT (windows-latest)	Run unit tests	2024-11-27T11:16:40.2595966Z 	at org.keycloak.services.DefaultKeycloakSessionFactory.initializeProviders(DefaultKeycloakSessionFactory.java:167)
Quarkus UT (windows-latest)	Run unit tests	2024-11-27T11:16:40.2596791Z 	at org.keycloak.services.DefaultKeycloakSessionFactory.initializeProviders(DefaultKeycloakSessionFactory.java:164)
Quarkus UT (windows-latest)	Run unit tests	2024-11-27T11:16:40.2597634Z 	at org.keycloak.services.DefaultKeycloakSessionFactory.initProviderFactories(DefaultKeycloakSessionFactory.java:144)
Quarkus UT (windows-latest)	Run unit tests	2024-11-27T11:16:40.2598477Z 	at org.keycloak.services.DefaultKeycloakSessionFactory.initProviderFactories(DefaultKeycloakSessionFactory.java:125)
Quarkus UT (windows-latest)	Run unit tests	2024-11-27T11:16:40.2599318Z 	at org.keycloak.quarkus.runtime.integration.QuarkusKeycloakSessionFactory.init(QuarkusKeycloakSessionFactory.java:87)
Quarkus UT (windows-latest)	Run unit tests	2024-11-27T11:16:40.2600244Z 	at org.keycloak.quarkus.runtime.integration.jaxrs.QuarkusKeycloakApplication.createSessionFactory(QuarkusKeycloakApplication.java:67)
Quarkus UT (windows-latest)	Run unit tests	2024-11-27T11:16:40.2601066Z 	at org.keycloak.services.resources.KeycloakApplication.startup(KeycloakApplication.java:89)
Quarkus UT (windows-latest)	Run unit tests	2024-11-27T11:16:40.2601865Z 	at org.keycloak.quarkus.runtime.integration.jaxrs.QuarkusKeycloakApplication.onStartupEvent(QuarkusKeycloakApplication.java:52)
Quarkus UT (windows-latest)	Run unit tests	2024-11-27T11:16:40.2602874Z 	at org.keycloak.quarkus.runtime.integration.jaxrs.QuarkusKeycloakApplication_Observer_onStartupEvent_GNZ8m5QenZ9h9VNelo7awjUZFDE.notify(Unknown Source)
Quarkus UT (windows-latest)	Run unit tests	2024-11-27T11:16:40.2603644Z 	at io.quarkus.arc.impl.EventImpl$Notifier.notifyObservers(EventImpl.java:351)
Quarkus UT (windows-latest)	Run unit tests	2024-11-27T11:16:40.2604082Z 	at io.quarkus.arc.impl.EventImpl$Notifier.notify(EventImpl.java:333)
Quarkus UT (windows-latest)	Run unit tests	2024-11-27T11:16:40.2604449Z 	at io.quarkus.arc.impl.EventImpl.fire(EventImpl.java:80)
Quarkus UT (windows-latest)	Run unit tests	2024-11-27T11:16:40.2604888Z 	at io.quarkus.arc.runtime.ArcRecorder.fireLifecycleEvent(ArcRecorder.java:156)
Quarkus UT (windows-latest)	Run unit tests	2024-11-27T11:16:40.2605399Z 	at io.quarkus.arc.runtime.ArcRecorder.handleLifecycleEvents(ArcRecorder.java:107)
Quarkus UT (windows-latest)	Run unit tests	2024-11-27T11:16:40.2605994Z 	at io.quarkus.deployment.steps.LifecycleEventsBuildStep$startupEvent1144526294.deploy_0(Unknown Source)
Quarkus UT (windows-latest)	Run unit tests	2024-11-27T11:16:40.2606665Z 	at io.quarkus.deployment.steps.LifecycleEventsBuildStep$startupEvent1144526294.deploy(Unknown Source)
Quarkus UT (windows-latest)	Run unit tests	2024-11-27T11:16:40.2607184Z 	at io.quarkus.runner.ApplicationImpl.doStart(Unknown Source)
Quarkus UT (windows-latest)	Run unit tests	2024-11-27T11:16:40.2607560Z 	at io.quarkus.runtime.Application.start(Application.java:101)
Quarkus UT (windows-latest)	Run unit tests	2024-11-27T11:16:40.2608212Z 	at java.base/jdk.internal.reflect.DirectMethodHandleAccessor.invoke(DirectMethodHandleAccessor.java:103)
Quarkus UT (windows-latest)	Run unit tests	2024-11-27T11:16:40.2608749Z 	at java.base/java.lang.reflect.Method.invoke(Method.java:580)
Quarkus UT (windows-latest)	Run unit tests	2024-11-27T11:16:40.2609189Z 	at io.quarkus.runner.bootstrap.StartupActionImpl.run(StartupActionImpl.java:305)
Quarkus UT (windows-latest)	Run unit tests	2024-11-27T11:16:40.2609665Z 	at io.quarkus.test.QuarkusUnitTest.beforeAll(QuarkusUnitTest.java:661)
Quarkus UT (windows-latest)	Run unit tests	2024-11-27T11:16:40.2610347Z 	at org.junit.jupiter.engine.descriptor.ClassBasedTestDescriptor.lambda$invokeBeforeAllCallbacks$12(ClassBasedTestDescriptor.java:396)
Quarkus UT (windows-latest)	Run unit tests	2024-11-27T11:16:40.2611183Z 	at org.junit.platform.engine.support.hierarchical.ThrowableCollector.execute(ThrowableCollector.java:73)
Quarkus UT (windows-latest)	Run unit tests	2024-11-27T11:16:40.2612007Z 	at org.junit.jupiter.engine.descriptor.ClassBasedTestDescriptor.invokeBeforeAllCallbacks(ClassBasedTestDescriptor.java:396)
Quarkus UT (windows-latest)	Run unit tests	2024-11-27T11:16:40.2612830Z 	at org.junit.jupiter.engine.descriptor.ClassBasedTestDescriptor.before(ClassBasedTestDescriptor.java:212)
Quarkus UT (windows-latest)	Run unit tests	2024-11-27T11:16:40.2613562Z 	at org.junit.jupiter.engine.descriptor.ClassBasedTestDescriptor.before(ClassBasedTestDescriptor.java:85)
Quarkus UT (windows-latest)	Run unit tests	2024-11-27T11:16:40.2614303Z 	at org.junit.platform.engine.support.hierarchical.NodeTestTask.lambda$executeRecursively$6(NodeTestTask.java:148)
Quarkus UT (windows-latest)	Run unit tests	2024-11-27T11:16:40.2615046Z 	at org.junit.platform.engine.support.hierarchical.ThrowableCollector.execute(ThrowableCollector.java:73)
Quarkus UT (windows-latest)	Run unit tests	2024-11-27T11:16:40.2615787Z 	at org.junit.platform.engine.support.hierarchical.NodeTestTask.lambda$executeRecursively$8(NodeTestTask.java:141)
Quarkus UT (windows-latest)	Run unit tests	2024-11-27T11:16:40.2616418Z 	at org.junit.platform.engine.support.hierarchical.Node.around(Node.java:137)
Quarkus UT (windows-latest)	Run unit tests	2024-11-27T11:16:40.2617151Z 	at org.junit.platform.engine.support.hierarchical.NodeTestTask.lambda$executeRecursively$9(NodeTestTask.java:139)
Quarkus UT (windows-latest)	Run unit tests	2024-11-27T11:16:40.2617891Z 	at org.junit.platform.engine.support.hierarchical.ThrowableCollector.execute(ThrowableCollector.java:73)
Quarkus UT (windows-latest)	Run unit tests	2024-11-27T11:16:40.2618603Z 	at org.junit.platform.engine.support.hierarchical.NodeTestTask.executeRecursively(NodeTestTask.java:138)
Quarkus UT (windows-latest)	Run unit tests	2024-11-27T11:16:40.2619281Z 	at org.junit.platform.engine.support.hierarchical.NodeTestTask.execute(NodeTestTask.java:95)
Quarkus UT (windows-latest)	Run unit tests	2024-11-27T11:16:40.2619778Z 	at java.base/java.util.ArrayList.forEach(ArrayList.java:1596)
Quarkus UT (windows-latest)	Run unit tests	2024-11-27T11:16:40.2620555Z 	at org.junit.platform.engine.support.hierarchical.SameThreadHierarchicalTestExecutorService.invokeAll(SameThreadHierarchicalTestExecutorService.java:41)
Quarkus UT (windows-latest)	Run unit tests	2024-11-27T11:16:40.2621535Z 	at org.junit.platform.engine.support.hierarchical.NodeTestTask.lambda$executeRecursively$6(NodeTestTask.java:155)
Quarkus UT (windows-latest)	Run unit tests	2024-11-27T11:16:40.2622277Z 	at org.junit.platform.engine.support.hierarchical.ThrowableCollector.execute(ThrowableCollector.java:73)
Quarkus UT (windows-latest)	Run unit tests	2024-11-27T11:16:40.2623023Z 	at org.junit.platform.engine.support.hierarchical.NodeTestTask.lambda$executeRecursively$8(NodeTestTask.java:141)
Quarkus UT (windows-latest)	Run unit tests	2024-11-27T11:16:40.2623657Z 	at org.junit.platform.engine.support.hierarchical.Node.around(Node.java:137)
Quarkus UT (windows-latest)	Run unit tests	2024-11-27T11:16:40.2624284Z 	at org.junit.platform.engine.support.hierarchical.NodeTestTask.lambda$executeRecursively$9(NodeTestTask.java:139)
Quarkus UT (windows-latest)	Run unit tests	2024-11-27T11:16:40.2625029Z 	at org.junit.platform.engine.support.hierarchical.ThrowableCollector.execute(ThrowableCollector.java:73)
Quarkus UT (windows-latest)	Run unit tests	2024-11-27T11:16:40.2625753Z 	at org.junit.platform.engine.support.hierarchical.NodeTestTask.executeRecursively(NodeTestTask.java:138)
Quarkus UT (windows-latest)	Run unit tests	2024-11-27T11:16:40.2626430Z 	at org.junit.platform.engine.support.hierarchical.NodeTestTask.execute(NodeTestTask.java:95)
Quarkus UT (windows-latest)	Run unit tests	2024-11-27T11:16:40.2627324Z 	at org.junit.platform.engine.support.hierarchical.SameThreadHierarchicalTestExecutorService.submit(SameThreadHierarchicalTestExecutorService.java:35)
Quarkus UT (windows-latest)	Run unit tests	2024-11-27T11:16:40.2628325Z 	at org.junit.platform.engine.support.hierarchical.HierarchicalTestExecutor.execute(HierarchicalTestExecutor.java:57)
Quarkus UT (windows-latest)	Run unit tests	2024-11-27T11:16:40.2629143Z 	at org.junit.platform.engine.support.hierarchical.HierarchicalTestEngine.execute(HierarchicalTestEngine.java:54)
Quarkus UT (windows-latest)	Run unit tests	2024-11-27T11:16:40.2629926Z 	at org.junit.platform.launcher.core.EngineExecutionOrchestrator.execute(EngineExecutionOrchestrator.java:198)
Quarkus UT (windows-latest)	Run unit tests	2024-11-27T11:16:40.2630800Z 	at org.junit.platform.launcher.core.EngineExecutionOrchestrator.execute(EngineExecutionOrchestrator.java:169)
Quarkus UT (windows-latest)	Run unit tests	2024-11-27T11:16:40.2631554Z 	at org.junit.platform.launcher.core.EngineExecutionOrchestrator.execute(EngineExecutionOrchestrator.java:93)
Quarkus UT (windows-latest)	Run unit tests	2024-11-27T11:16:40.2632339Z 	at org.junit.platform.launcher.core.EngineExecutionOrchestrator.lambda$execute$0(EngineExecutionOrchestrator.java:58)
Quarkus UT (windows-latest)	Run unit tests	2024-11-27T11:16:40.2633202Z 	at org.junit.platform.launcher.core.EngineExecutionOrchestrator.withInterceptedStreams(EngineExecutionOrchestrator.java:141)
Quarkus UT (windows-latest)	Run unit tests	2024-11-27T11:16:40.2634041Z 	at org.junit.platform.launcher.core.EngineExecutionOrchestrator.execute(EngineExecutionOrchestrator.java:57)
Quarkus UT (windows-latest)	Run unit tests	2024-11-27T11:16:40.2634693Z 	at org.junit.platform.launcher.core.DefaultLauncher.execute(DefaultLauncher.java:103)
Quarkus UT (windows-latest)	Run unit tests	2024-11-27T11:16:40.2635249Z 	at org.junit.platform.launcher.core.DefaultLauncher.execute(DefaultLauncher.java:85)
Quarkus UT (windows-latest)	Run unit tests	2024-11-27T11:16:40.2635825Z 	at org.junit.platform.launcher.core.DelegatingLauncher.execute(DelegatingLauncher.java:47)
Quarkus UT (windows-latest)	Run unit tests	2024-11-27T11:16:40.2636403Z 	at org.apache.maven.surefire.junitplatform.LazyLauncher.execute(LazyLauncher.java:55)
Quarkus UT (windows-latest)	Run unit tests	2024-11-27T11:16:40.2637046Z 	at org.apache.maven.surefire.junitplatform.JUnitPlatformProvider.execute(JUnitPlatformProvider.java:223)
Quarkus UT (windows-latest)	Run unit tests	2024-11-27T11:16:40.2637808Z 	at org.apache.maven.surefire.junitplatform.JUnitPlatformProvider.invokeAllTests(JUnitPlatformProvider.java:175)
Quarkus UT (windows-latest)	Run unit tests	2024-11-27T11:16:40.2638560Z 	at org.apache.maven.surefire.junitplatform.JUnitPlatformProvider.invoke(JUnitPlatformProvider.java:139)
Quarkus UT (windows-latest)	Run unit tests	2024-11-27T11:16:40.2639324Z 	at org.apache.maven.surefire.booter.ForkedBooter.runSuitesInProcess(ForkedBooter.java:456)
Quarkus UT (windows-latest)	Run unit tests	2024-11-27T11:16:40.2639881Z 	at org.apache.maven.surefire.booter.ForkedBooter.execute(ForkedBooter.java:169)
Quarkus UT (windows-latest)	Run unit tests	2024-11-27T11:16:40.2640373Z 	at org.apache.maven.surefire.booter.ForkedBooter.run(ForkedBooter.java:595)
Quarkus UT (windows-latest)	Run unit tests	2024-11-27T11:16:40.2640855Z 	at org.apache.maven.surefire.booter.ForkedBooter.main(ForkedBooter.java:581)
Quarkus UT (windows-latest)	Run unit tests	2024-11-27T11:16:40.2641480Z Caused by: java.lang.IllegalStateException: fv-az653-80-49239: failed to find an available port in ports [57800, 57801, 57802, 57803]
Quarkus UT (windows-latest)	Run unit tests	2024-11-27T11:16:40.2642060Z 	at org.jgroups.protocols.FD_SOCK2.createServer(FD_SOCK2.java:330)
Quarkus UT (windows-latest)	Run unit tests	2024-11-27T11:16:40.2642423Z 	at org.jgroups.protocols.FD_SOCK2.start(FD_SOCK2.java:163)
Quarkus UT (windows-latest)	Run unit tests	2024-11-27T11:16:40.2642807Z 	at org.jgroups.stack.ProtocolStack.startStack(ProtocolStack.java:910)
Quarkus UT (windows-latest)	Run unit tests	2024-11-27T11:16:40.2643188Z 	at org.jgroups.JChannel.startStack(JChannel.java:936)
Quarkus UT (windows-latest)	Run unit tests	2024-11-27T11:16:40.2643508Z 	at org.jgroups.JChannel._preConnect(JChannel.java:814)
Quarkus UT (windows-latest)	Run unit tests	2024-11-27T11:16:40.2643822Z 	at org.jgroups.JChannel.connect(JChannel.java:328)
Quarkus UT (windows-latest)	Run unit tests	2024-11-27T11:16:40.2644119Z 	at org.jgroups.JChannel.connect(JChannel.java:321)
Quarkus UT (windows-latest)	Run unit tests	2024-11-27T11:16:40.2644707Z 	at org.infinispan.remoting.transport.jgroups.JGroupsTransport.startJGroupsChannelIfNeeded(JGroupsTransport.java:581)
Quarkus UT (windows-latest)	Run unit tests	2024-11-27T11:16:40.2645243Z 	... 109 more
Quarkus UT (windows-latest)	Run unit tests	2024-11-27T11:16:40.2645335Z 
Quarkus UT (windows-latest)	Run unit tests	2024-11-27T11:16:40.2645600Z 2024-11-27 11:16:40,220 INFO  [com.arjuna.ats.jbossatx] (main) ARJUNA032014: Stopping transaction recovery manager
Quarkus UT (windows-latest)	Run unit tests	2024-11-27T11:16:40.3402754Z [ERROR] Tests run: 1, Failures: 0, Errors: 1, Skipped: 0, Time elapsed: 13.253 s <<< FAILURE! - in test.org.keycloak.quarkus.services.health.KeycloakReadyHealthCheckTest
Quarkus UT (windows-latest)	Run unit tests	2024-11-27T11:16:40.3405298Z [ERROR] test.org.keycloak.quarkus.services.health.KeycloakReadyHealthCheckTest  Time elapsed: 13.253 s  <<< ERROR!
Quarkus UT (windows-latest)	Run unit tests	2024-11-27T11:16:40.3406617Z java.lang.RuntimeException: java.lang.RuntimeException: Failed to start quarkus
Quarkus UT (windows-latest)	Run unit tests	2024-11-27T11:16:40.3407538Z 	at io.quarkus.test.QuarkusUnitTest.beforeAll(QuarkusUnitTest.java:708)
Quarkus UT (windows-latest)	Run unit tests	2024-11-27T11:16:40.3408715Z 	at java.base/java.util.ArrayList.forEach(ArrayList.java:1596)
Quarkus UT (windows-latest)	Run unit tests	2024-11-27T11:16:40.3409997Z Caused by: java.lang.RuntimeException: Failed to start quarkus
Quarkus UT (windows-latest)	Run unit tests	2024-11-27T11:16:40.3410713Z 	at io.quarkus.runner.ApplicationImpl.doStart(Unknown Source)
Quarkus UT (windows-latest)	Run unit tests	2024-11-27T11:16:40.3411662Z 	at io.quarkus.runtime.Application.start(Application.java:101)
Quarkus UT (windows-latest)	Run unit tests	2024-11-27T11:16:40.3412291Z 	at java.base/java.lang.reflect.Method.invoke(Method.java:580)
Quarkus UT (windows-latest)	Run unit tests	2024-11-27T11:16:40.3416390Z 	at io.quarkus.runner.bootstrap.StartupActionImpl.run(StartupActionImpl.java:305)
Quarkus UT (windows-latest)	Run unit tests	2024-11-27T11:16:40.3417313Z 	at io.quarkus.test.QuarkusUnitTest.beforeAll(QuarkusUnitTest.java:661)
Quarkus UT (windows-latest)	Run unit tests	2024-11-27T11:16:40.3417905Z 	... 1 more
Quarkus UT (windows-latest)	Run unit tests	2024-11-27T11:16:40.3418638Z Caused by: org.infinispan.manager.EmbeddedCacheManagerStartupException: Unable to start JGroups Channel
Quarkus UT (windows-latest)	Run unit tests	2024-11-27T11:16:40.3419886Z 	at org.infinispan.manager.DefaultCacheManager.internalStart(DefaultCacheManager.java:781)
Quarkus UT (windows-latest)	Run unit tests	2024-11-27T11:16:40.3423871Z 	at org.infinispan.manager.DefaultCacheManager.start(DefaultCacheManager.java:746)
Quarkus UT (windows-latest)	Run unit tests	2024-11-27T11:16:40.3424924Z 	at org.infinispan.manager.DefaultCacheManager.<init>(DefaultCacheManager.java:412)
Quarkus UT (windows-latest)	Run unit tests	2024-11-27T11:16:40.3426298Z 	at org.keycloak.quarkus.runtime.storage.infinispan.CacheManagerFactory.startEmbeddedCacheManager(CacheManagerFactory.java:366)
Quarkus UT (windows-latest)	Run unit tests	2024-11-27T11:16:40.3428279Z 	at org.keycloak.quarkus.runtime.storage.infinispan.CacheManagerFactory.lambda$new$1(CacheManagerFactory.java:127)
Quarkus UT (windows-latest)	Run unit tests	2024-11-27T11:16:40.3436475Z 	at org.keycloak.quarkus.runtime.storage.infinispan.CacheManagerFactory.getOrCreateEmbeddedCacheManager(CacheManagerFactory.java:163)
Quarkus UT (windows-latest)	Run unit tests	2024-11-27T11:16:40.3437695Z 	at org.keycloak.quarkus.runtime.storage.infinispan.CacheManagerFactory_Uq0wIYR2uOCznFEYZOJeeAi-Obg_Synthetic_ClientProxy.getOrCreateEmbeddedCacheManager(Unknown Source)
Quarkus UT (windows-latest)	Run unit tests	2024-11-27T11:16:40.3438857Z 	at org.keycloak.quarkus.runtime.storage.infinispan.QuarkusCacheManagerProvider.getEmbeddedCacheManager(QuarkusCacheManagerProvider.java:32)
Quarkus UT (windows-latest)	Run unit tests	2024-11-27T11:16:40.3440256Z 	at org.keycloak.connections.infinispan.DefaultInfinispanConnectionProviderFactory.lazyInit(DefaultInfinispanConnectionProviderFactory.java:210)
Quarkus UT (windows-latest)	Run unit tests	2024-11-27T11:16:40.3441353Z 	at org.keycloak.connections.infinispan.DefaultInfinispanConnectionProviderFactory.create(DefaultInfinispanConnectionProviderFactory.java:118)
Quarkus UT (windows-latest)	Run unit tests	2024-11-27T11:16:40.3442432Z 	at org.keycloak.connections.infinispan.DefaultInfinispanConnectionProviderFactory.create(DefaultInfinispanConnectionProviderFactory.java:99)
Quarkus UT (windows-latest)	Run unit tests	2024-11-27T11:16:40.3443313Z 	at org.keycloak.services.DefaultKeycloakSession.getOrCreateProvider(DefaultKeycloakSession.java:184)
Quarkus UT (windows-latest)	Run unit tests	2024-11-27T11:16:40.3443977Z 	at org.keycloak.services.DefaultKeycloakSession.getProvider(DefaultKeycloakSession.java:173)
Quarkus UT (windows-latest)	Run unit tests	2024-11-27T11:16:40.3444768Z 	at org.keycloak.models.cache.infinispan.InfinispanCacheRealmProviderFactory.lazyInit(InfinispanCacheRealmProviderFactory.java:55)
Quarkus UT (windows-latest)	Run unit tests	2024-11-27T11:16:40.3445723Z 	at org.keycloak.models.cache.infinispan.InfinispanCacheRealmProviderFactory.create(InfinispanCacheRealmProviderFactory.java:47)
Quarkus UT (windows-latest)	Run unit tests	2024-11-27T11:16:40.3446649Z 	at org.keycloak.models.cache.infinispan.InfinispanCacheRealmProviderFactory.create(InfinispanCacheRealmProviderFactory.java:37)
Quarkus UT (windows-latest)	Run unit tests	2024-11-27T11:16:40.3447464Z 	at org.keycloak.services.DefaultKeycloakSession.getOrCreateProvider(DefaultKeycloakSession.java:184)
Quarkus UT (windows-latest)	Run unit tests	2024-11-27T11:16:40.3448123Z 	at org.keycloak.services.DefaultKeycloakSession.getProvider(DefaultKeycloakSession.java:173)
Quarkus UT (windows-latest)	Run unit tests	2024-11-27T11:16:40.3448829Z 	at org.keycloak.storage.datastore.DefaultDatastoreProvider.getRealmProvider(DefaultDatastoreProvider.java:156)
Quarkus UT (windows-latest)	Run unit tests	2024-11-27T11:16:40.3449564Z 	at org.keycloak.storage.datastore.DefaultDatastoreProvider.realms(DefaultDatastoreProvider.java:234)
Quarkus UT (windows-latest)	Run unit tests	2024-11-27T11:16:40.3450195Z 	at org.keycloak.services.DefaultKeycloakSession.realms(DefaultKeycloakSession.java:258)
Quarkus UT (windows-latest)	Run unit tests	2024-11-27T11:16:40.3450737Z 	at org.keycloak.migration.migrators.MigrateTo1_2_0.migrate(MigrateTo1_2_0.java:69)
Quarkus UT (windows-latest)	Run unit tests	2024-11-27T11:16:40.3451336Z 	at org.keycloak.storage.datastore.DefaultMigrationManager.migrate(DefaultMigrationManager.java:157)
Quarkus UT (windows-latest)	Run unit tests	2024-11-27T11:16:40.3451957Z 	at org.keycloak.migration.MigrationModelManager.migrate(MigrationModelManager.java:33)
Quarkus UT (windows-latest)	Run unit tests	2024-11-27T11:16:40.3452958Z 	at org.keycloak.quarkus.runtime.storage.database.jpa.QuarkusJpaConnectionProviderFactory.migrateModel(QuarkusJpaConnectionProviderFactory.java:202)
Quarkus UT (windows-latest)	Run unit tests	2024-11-27T11:16:40.3454074Z 	at org.keycloak.quarkus.runtime.storage.database.jpa.QuarkusJpaConnectionProviderFactory.initSchema(QuarkusJpaConnectionProviderFactory.java:197)
Quarkus UT (windows-latest)	Run unit tests	2024-11-27T11:16:40.3454969Z 	at org.keycloak.models.utils.KeycloakModelUtils.lambda$runJobInTransaction$1(KeycloakModelUtils.java:314)
Quarkus UT (windows-latest)	Run unit tests	2024-11-27T11:16:40.3455689Z 	at org.keycloak.models.utils.KeycloakModelUtils.runJobInTransactionWithResult(KeycloakModelUtils.java:433)
Quarkus UT (windows-latest)	Run unit tests	2024-11-27T11:16:40.3456398Z 	at org.keycloak.models.utils.KeycloakModelUtils.runJobInTransaction(KeycloakModelUtils.java:313)
Quarkus UT (windows-latest)	Run unit tests	2024-11-27T11:16:40.3457056Z 	at org.keycloak.models.utils.KeycloakModelUtils.runJobInTransaction(KeycloakModelUtils.java:303)
Quarkus UT (windows-latest)	Run unit tests	2024-11-27T11:16:40.3457930Z 	at org.keycloak.quarkus.runtime.storage.database.jpa.QuarkusJpaConnectionProviderFactory.postInit(QuarkusJpaConnectionProviderFactory.java:130)
Quarkus UT (windows-latest)	Run unit tests	2024-11-27T11:16:40.3458896Z 	at org.keycloak.services.DefaultKeycloakSessionFactory.initializeProviders(DefaultKeycloakSessionFactory.java:167)
Quarkus UT (windows-latest)	Run unit tests	2024-11-27T11:16:40.3459720Z 	at org.keycloak.services.DefaultKeycloakSessionFactory.initializeProviders(DefaultKeycloakSessionFactory.java:164)
Quarkus UT (windows-latest)	Run unit tests	2024-11-27T11:16:40.3460548Z 	at org.keycloak.services.DefaultKeycloakSessionFactory.initProviderFactories(DefaultKeycloakSessionFactory.java:144)
Quarkus UT (windows-latest)	Run unit tests	2024-11-27T11:16:40.3461393Z 	at org.keycloak.services.DefaultKeycloakSessionFactory.initProviderFactories(DefaultKeycloakSessionFactory.java:125)
Quarkus UT (windows-latest)	Run unit tests	2024-11-27T11:16:40.3462231Z 	at org.keycloak.quarkus.runtime.integration.QuarkusKeycloakSessionFactory.init(QuarkusKeycloakSessionFactory.java:87)
Quarkus UT (windows-latest)	Run unit tests	2024-11-27T11:16:40.3463298Z 	at org.keycloak.quarkus.runtime.integration.jaxrs.QuarkusKeycloakApplication.createSessionFactory(QuarkusKeycloakApplication.java:67)
Quarkus UT (windows-latest)	Run unit tests	2024-11-27T11:16:40.3464113Z 	at org.keycloak.services.resources.KeycloakApplication.startup(KeycloakApplication.java:89)
Quarkus UT (windows-latest)	Run unit tests	2024-11-27T11:16:40.3464924Z 	at org.keycloak.quarkus.runtime.integration.jaxrs.QuarkusKeycloakApplication.onStartupEvent(QuarkusKeycloakApplication.java:52)
Quarkus UT (windows-latest)	Run unit tests	2024-11-27T11:16:40.3465928Z 	at org.keycloak.quarkus.runtime.integration.jaxrs.QuarkusKeycloakApplication_Observer_onStartupEvent_GNZ8m5QenZ9h9VNelo7awjUZFDE.notify(Unknown Source)
Quarkus UT (windows-latest)	Run unit tests	2024-11-27T11:16:40.3466696Z 	at io.quarkus.arc.impl.EventImpl$Notifier.notifyObservers(EventImpl.java:351)
Quarkus UT (windows-latest)	Run unit tests	2024-11-27T11:16:40.3475395Z 	at io.quarkus.arc.impl.EventImpl$Notifier.notify(EventImpl.java:333)
Quarkus UT (windows-latest)	Run unit tests	2024-11-27T11:16:40.3475994Z 	at io.quarkus.arc.impl.EventImpl.fire(EventImpl.java:80)
Quarkus UT (windows-latest)	Run unit tests	2024-11-27T11:16:40.3476461Z 	at io.quarkus.arc.runtime.ArcRecorder.fireLifecycleEvent(ArcRecorder.java:156)
Quarkus UT (windows-latest)	Run unit tests	2024-11-27T11:16:40.3476989Z 	at io.quarkus.arc.runtime.ArcRecorder.handleLifecycleEvents(ArcRecorder.java:107)
Quarkus UT (windows-latest)	Run unit tests	2024-11-27T11:16:40.3477596Z 	at io.quarkus.deployment.steps.LifecycleEventsBuildStep$startupEvent1144526294.deploy_0(Unknown Source)
Quarkus UT (windows-latest)	Run unit tests	2024-11-27T11:16:40.3478281Z 	at io.quarkus.deployment.steps.LifecycleEventsBuildStep$startupEvent1144526294.deploy(Unknown Source)
Quarkus UT (windows-latest)	Run unit tests	2024-11-27T11:16:40.3478718Z 	... 6 more
Quarkus UT (windows-latest)	Run unit tests	2024-11-27T11:16:40.3479013Z Caused by: org.infinispan.commons.CacheException: Unable to start JGroups Channel
Quarkus UT (windows-latest)	Run unit tests	2024-11-27T11:16:40.3481085Z 	at org.infinispan.remoting.transport.jgroups.JGroupsTransport.startJGroupsChannelIfNeeded(JGroupsTransport.java:583)
Quarkus UT (windows-latest)	Run unit tests	2024-11-27T11:16:40.3482437Z 	at org.infinispan.remoting.transport.jgroups.JGroupsTransport.start(JGroupsTransport.java:456)
Quarkus UT (windows-latest)	Run unit tests	2024-11-27T11:16:40.3483536Z 	at org.infinispan.remoting.transport.jgroups.CorePackageImpl$2.start(CorePackageImpl.java:64)
Quarkus UT (windows-latest)	Run unit tests	2024-11-27T11:16:40.3487369Z 	at org.infinispan.remoting.transport.jgroups.CorePackageImpl$2.start(CorePackageImpl.java:49)
Quarkus UT (windows-latest)	Run unit tests	2024-11-27T11:16:40.3488686Z 	at org.infinispan.factories.impl.BasicComponentRegistryImpl.invokeStart(BasicComponentRegistryImpl.java:616)
Quarkus UT (windows-latest)	Run unit tests	2024-11-27T11:16:40.3490056Z 	at org.infinispan.factories.impl.BasicComponentRegistryImpl.doStartWrapper(BasicComponentRegistryImpl.java:607)
Quarkus UT (windows-latest)	Run unit tests	2024-11-27T11:16:40.3491465Z 	at org.infinispan.factories.impl.BasicComponentRegistryImpl.startWrapper(BasicComponentRegistryImpl.java:576)
Quarkus UT (windows-latest)	Run unit tests	2024-11-27T11:16:40.3492292Z 	at org.infinispan.factories.impl.BasicComponentRegistryImpl$ComponentWrapper.running(BasicComponentRegistryImpl.java:807)
Quarkus UT (windows-latest)	Run unit tests	2024-11-27T11:16:40.3493136Z 	at org.infinispan.factories.impl.BasicComponentRegistryImpl.startDependencies(BasicComponentRegistryImpl.java:634)
Quarkus UT (windows-latest)	Run unit tests	2024-11-27T11:16:40.3493951Z 	at org.infinispan.factories.impl.BasicComponentRegistryImpl.doStartWrapper(BasicComponentRegistryImpl.java:598)
Quarkus UT (windows-latest)	Run unit tests	2024-11-27T11:16:40.3494745Z 	at org.infinispan.factories.impl.BasicComponentRegistryImpl.startWrapper(BasicComponentRegistryImpl.java:576)
Quarkus UT (windows-latest)	Run unit tests	2024-11-27T11:16:40.3495589Z 	at org.infinispan.factories.impl.BasicComponentRegistryImpl$ComponentWrapper.running(BasicComponentRegistryImpl.java:807)
Quarkus UT (windows-latest)	Run unit tests	2024-11-27T11:16:40.3496358Z 	at org.infinispan.factories.GlobalComponentRegistry.preStart(GlobalComponentRegistry.java:307)
Quarkus UT (windows-latest)	Run unit tests	2024-11-27T11:16:40.3497214Z 	at org.infinispan.factories.AbstractComponentRegistry.start(AbstractComponentRegistry.java:241)
Quarkus UT (windows-latest)	Run unit tests	2024-11-27T11:16:40.3497853Z 	at org.infinispan.manager.DefaultCacheManager.internalStart(DefaultCacheManager.java:778)
Quarkus UT (windows-latest)	Run unit tests	2024-11-27T11:16:40.3498260Z 	... 52 more
Quarkus UT (windows-latest)	Run unit tests	2024-11-27T11:16:40.3498686Z Caused by: java.lang.IllegalStateException: fv-az653-80-49239: failed to find an available port in ports [57800, 57801, 57802, 57803]
Quarkus UT (windows-latest)	Run unit tests	2024-11-27T11:16:40.3499394Z 	at org.jgroups.protocols.FD_SOCK2.createServer(FD_SOCK2.java:330)
Quarkus UT (windows-latest)	Run unit tests	2024-11-27T11:16:40.3500309Z 	at org.jgroups.protocols.FD_SOCK2.start(FD_SOCK2.java:163)
Quarkus UT (windows-latest)	Run unit tests	2024-11-27T11:16:40.3501526Z 	at org.jgroups.stack.ProtocolStack.startStack(ProtocolStack.java:910)
Quarkus UT (windows-latest)	Run unit tests	2024-11-27T11:16:40.3501930Z 	at org.jgroups.JChannel.startStack(JChannel.java:936)
Quarkus UT (windows-latest)	Run unit tests	2024-11-27T11:16:40.3502264Z 	at org.jgroups.JChannel._preConnect(JChannel.java:814)
Quarkus UT (windows-latest)	Run unit tests	2024-11-27T11:16:40.3502584Z 	at org.jgroups.JChannel.connect(JChannel.java:328)
Quarkus UT (windows-latest)	Run unit tests	2024-11-27T11:16:40.3502898Z 	at org.jgroups.JChannel.connect(JChannel.java:321)
Quarkus UT (windows-latest)	Run unit tests	2024-11-27T11:16:40.3503479Z 	at org.infinispan.remoting.transport.jgroups.JGroupsTransport.startJGroupsChannelIfNeeded(JGroupsTransport.java:581)
Quarkus UT (windows-latest)	Run unit tests	2024-11-27T11:16:40.3504015Z 	... 66 more
Quarkus UT (windows-latest)	Run unit tests	2024-11-27T11:16:40.3504106Z 
Quarkus UT (windows-latest)	Run unit tests	2024-11-27T11:16:40.4629211Z [INFO] 
Quarkus UT (windows-latest)	Run unit tests	2024-11-27T11:16:40.4629703Z [INFO] Results:
Quarkus UT (windows-latest)	Run unit tests	2024-11-27T11:16:40.4630069Z [INFO] 
Quarkus UT (windows-latest)	Run unit tests	2024-11-27T11:16:40.4630369Z [ERROR] Errors: 
Quarkus UT (windows-latest)	Run unit tests	2024-11-27T11:16:40.4631712Z [ERROR]   KeycloakMetricsConfigurationTest � Runtime java.lang.RuntimeException: Failed to start quarkus
Quarkus UT (windows-latest)	Run unit tests	2024-11-27T11:16:40.4635297Z [ERROR]   KeycloakNegativeHealthCheckTest � Runtime java.lang.RuntimeException: Failed to start quarkus
Quarkus UT (windows-latest)	Run unit tests	2024-11-27T11:16:40.4637870Z [ERROR]   KeycloakPathConfigurationTest � Runtime java.lang.RuntimeException: Failed to start quarkus
Quarkus UT (windows-latest)	Run unit tests	2024-11-27T11:16:40.4639555Z [ERROR]   KeycloakReadyHealthCheckTest � Runtime java.lang.RuntimeException: Failed to start quarkus
Quarkus UT (windows-latest)	Run unit tests	2024-11-27T11:16:40.4640397Z [INFO] 
Quarkus UT (windows-latest)	Run unit tests	2024-11-27T11:16:40.4640891Z [ERROR] Tests run: 4, Failures: 0, Errors: 4, Skipped: 0
Quarkus UT (windows-latest)	Run unit tests	2024-11-27T11:16:40.4641388Z [INFO] 
Quarkus UT (windows-latest)	Run unit tests	2024-11-27T11:16:40.4667205Z [INFO] ------------------------------------------------------------------------
Quarkus UT (windows-latest)	Run unit tests	2024-11-27T11:16:40.4667737Z [INFO] Reactor Summary for Keycloak Quarkus Parent 999.0.0-SNAPSHOT:
Quarkus UT (windows-latest)	Run unit tests	2024-11-27T11:16:40.4668040Z [INFO] 
Quarkus UT (windows-latest)	Run unit tests	2024-11-27T11:16:40.4670886Z [INFO] Keycloak Quarkus Parent ............................ SUCCESS [  1.002 s]
Quarkus UT (windows-latest)	Run unit tests	2024-11-27T11:16:40.4671611Z [INFO] Keycloak Configuration API ......................... SUCCESS [  6.566 s]
Quarkus UT (windows-latest)	Run unit tests	2024-11-27T11:16:40.4672715Z [INFO] Keycloak Quarkus Server Extension .................. SUCCESS [ 17.485 s]
Quarkus UT (windows-latest)	Run unit tests	2024-11-27T11:16:40.4674273Z [INFO] Keycloak Quarkus Server Deployment ................. FAILURE [01:11 min]
Quarkus UT (windows-latest)	Run unit tests	2024-11-27T11:16:40.4675046Z [INFO] Keycloak Quarkus Server App ........................ SKIPPED
Quarkus UT (windows-latest)	Run unit tests	2024-11-27T11:16:40.4676238Z [INFO] ------------------------------------------------------------------------
Quarkus UT (windows-latest)	Run unit tests	2024-11-27T11:16:40.4677341Z [INFO] BUILD FAILURE
Quarkus UT (windows-latest)	Run unit tests	2024-11-27T11:16:40.4677891Z [INFO] ------------------------------------------------------------------------
Quarkus UT (windows-latest)	Run unit tests	2024-11-27T11:16:40.4678541Z [INFO] Total time:  01:36 min
Quarkus UT (windows-latest)	Run unit tests	2024-11-27T11:16:40.4678924Z [INFO] Finished at: 2024-11-27T11:16:40Z
Quarkus UT (windows-latest)	Run unit tests	2024-11-27T11:16:40.4679450Z [INFO] ------------------------------------------------------------------------
Quarkus UT (windows-latest)	Run unit tests	2024-11-27T11:16:40.4686455Z [ERROR] Failed to execute goal org.apache.maven.plugins:maven-surefire-plugin:3.0.0-M7:test (default-test) on project keycloak-quarkus-server-deployment: 
Quarkus UT (windows-latest)	Run unit tests	2024-11-27T11:16:40.4687653Z [ERROR] 
Quarkus UT (windows-latest)	Run unit tests	2024-11-27T11:16:40.4688843Z [ERROR] Please refer to D:\a\keycloak\keycloak\quarkus\deployment\target\surefire-reports for the individual test results.
Quarkus UT (windows-latest)	Run unit tests	2024-11-27T11:16:40.4690152Z [ERROR] Please refer to dump files (if any exist) [date].dump, [date]-jvmRun[N].dump and [date].dumpstream.
Quarkus UT (windows-latest)	Run unit tests	2024-11-27T11:16:40.4690888Z [ERROR] -> [Help 1]
Quarkus UT (windows-latest)	Run unit tests	2024-11-27T11:16:40.4691221Z [ERROR] 
Quarkus UT (windows-latest)	Run unit tests	2024-11-27T11:16:40.4691786Z [ERROR] To see the full stack trace of the errors, re-run Maven with the -e switch.
Quarkus UT (windows-latest)	Run unit tests	2024-11-27T11:16:40.4692633Z [ERROR] Re-run Maven using the -X switch to enable full debug logging.
Quarkus UT (windows-latest)	Run unit tests	2024-11-27T11:16:40.4693259Z [ERROR] 
Quarkus UT (windows-latest)	Run unit tests	2024-11-27T11:16:40.4693927Z [ERROR] For more information about the errors and possible solutions, please read the following articles:
Quarkus UT (windows-latest)	Run unit tests	2024-11-27T11:16:40.4695609Z [ERROR] [Help 1] http://cwiki.apache.org/confluence/display/MAVEN/MojoFailureException
Quarkus UT (windows-latest)	Run unit tests	2024-11-27T11:16:40.4696247Z [ERROR] 
Quarkus UT (windows-latest)	Run unit tests	2024-11-27T11:16:40.4696548Z [ERROR] After correcting the problems, you can resume the build with the command
Quarkus UT (windows-latest)	Run unit tests	2024-11-27T11:16:40.4697232Z [ERROR]   mvn <args> -rf :keycloak-quarkus-server-deployment
Quarkus UT (windows-latest)	Run unit tests	2024-11-27T11:16:40.5518723Z ##[error]Process completed with exit code 1.
Status Check - Keycloak CI	Run /./.github/actions/status-check	2024-11-27T11:49:15.4172368Z Prepare all required actions
Status Check - Keycloak CI	Run /./.github/actions/status-check	2024-11-27T11:49:15.4254523Z ##[group]Run ./.github/actions/status-check
Status Check - Keycloak CI	Run /./.github/actions/status-check	2024-11-27T11:49:15.4254992Z with:
Status Check - Keycloak CI	Run /./.github/actions/status-check	2024-11-27T11:49:15.4258957Z   jobs: {
Status Check - Keycloak CI	Run /./.github/actions/status-check	  "conditional": {
Status Check - Keycloak CI	Run /./.github/actions/status-check	    "result": "success",
Status Check - Keycloak CI	Run /./.github/actions/status-check	    "outputs": {
Status Check - Keycloak CI	Run /./.github/actions/status-check	      "ci": "true",
Status Check - Keycloak CI	Run /./.github/actions/status-check	      "ci-aurora": "false",
Status Check - Keycloak CI	Run /./.github/actions/status-check	      "ci-quarkus": "true",
Status Check - Keycloak CI	Run /./.github/actions/status-check	      "ci-sssd": "false",
Status Check - Keycloak CI	Run /./.github/actions/status-check	      "ci-store": "true",
Status Check - Keycloak CI	Run /./.github/actions/status-check	      "ci-webauthn": "true"
Status Check - Keycloak CI	Run /./.github/actions/status-check	    }
Status Check - Keycloak CI	Run /./.github/actions/status-check	  },
Status Check - Keycloak CI	Run /./.github/actions/status-check	  "build": {
Status Check - Keycloak CI	Run /./.github/actions/status-check	    "result": "success",
Status Check - Keycloak CI	Run /./.github/actions/status-check	    "outputs": {}
Status Check - Keycloak CI	Run /./.github/actions/status-check	  },
Status Check - Keycloak CI	Run /./.github/actions/status-check	  "unit-tests": {
Status Check - Keycloak CI	Run /./.github/actions/status-check	    "result": "success",
Status Check - Keycloak CI	Run /./.github/actions/status-check	    "outputs": {}
Status Check - Keycloak CI	Run /./.github/actions/status-check	  },
Status Check - Keycloak CI	Run /./.github/actions/status-check	  "base-integration-tests": {
Status Check - Keycloak CI	Run /./.github/actions/status-check	    "result": "success",
Status Check - Keycloak CI	Run /./.github/actions/status-check	    "outputs": {}
Status Check - Keycloak CI	Run /./.github/actions/status-check	  },
Status Check - Keycloak CI	Run /./.github/actions/status-check	  "adapter-integration-tests": {
Status Check - Keycloak CI	Run /./.github/actions/status-check	    "result": "success",
Status Check - Keycloak CI	Run /./.github/actions/status-check	    "outputs": {}
Status Check - Keycloak CI	Run /./.github/actions/status-check	  },
Status Check - Keycloak CI	Run /./.github/actions/status-check	  "adapter-integration-tests-strict-cookies": {
Status Check - Keycloak CI	Run /./.github/actions/status-check	    "result": "success",
Status Check - Keycloak CI	Run /./.github/actions/status-check	    "outputs": {}
Status Check - Keycloak CI	Run /./.github/actions/status-check	  },
Status Check - Keycloak CI	Run /./.github/actions/status-check	  "quarkus-unit-tests": {
Status Check - Keycloak CI	Run /./.github/actions/status-check	    "result": "failure",
Status Check - Keycloak CI	Run /./.github/actions/status-check	    "outputs": {}
Status Check - Keycloak CI	Run /./.github/actions/status-check	  },
Status Check - Keycloak CI	Run /./.github/actions/status-check	  "quarkus-integration-tests": {
Status Check - Keycloak CI	Run /./.github/actions/status-check	    "result": "success",
Status Check - Keycloak CI	Run /./.github/actions/status-check	    "outputs": {}
Status Check - Keycloak CI	Run /./.github/actions/status-check	  },
Status Check - Keycloak CI	Run /./.github/actions/status-check	  "jdk-integration-tests": {
Status Check - Keycloak CI	Run /./.github/actions/status-check	    "result": "success",
Status Check - Keycloak CI	Run /./.github/actions/status-check	    "outputs": {}
Status Check - Keycloak CI	Run /./.github/actions/status-check	  },
Status Check - Keycloak CI	Run /./.github/actions/status-check	  "store-integration-tests": {
Status Check - Keycloak CI	Run /./.github/actions/status-check	    "result": "success",
Status Check - Keycloak CI	Run /./.github/actions/status-check	    "outputs": {}
Status Check - Keycloak CI	Run /./.github/actions/status-check	  },
Status Check - Keycloak CI	Run /./.github/actions/status-check	  "volatile-sessions-tests": {
Status Check - Keycloak CI	Run /./.github/actions/status-check	    "result": "success",
Status Check - Keycloak CI	Run /./.github/actions/status-check	    "outputs": {}
Status Check - Keycloak CI	Run /./.github/actions/status-check	  },
Status Check - Keycloak CI	Run /./.github/actions/status-check	  "store-model-tests": {
Status Check - Keycloak CI	Run /./.github/actions/status-check	    "result": "success",
Status Check - Keycloak CI	Run /./.github/actions/status-check	    "outputs": {}
Status Check - Keycloak CI	Run /./.github/actions/status-check	  },
Status Check - Keycloak CI	Run /./.github/actions/status-check	  "clustering-integration-tests": {
Status Check - Keycloak CI	Run /./.github/actions/status-check	    "result": "success",
Status Check - Keycloak CI	Run /./.github/actions/status-check	    "outputs": {}
Status Check - Keycloak CI	Run /./.github/actions/status-check	  },
Status Check - Keycloak CI	Run /./.github/actions/status-check	  "fips-unit-tests": {
Status Check - Keycloak CI	Run /./.github/actions/status-check	    "result": "success",
Status Check - Keycloak CI	Run /./.github/actions/status-check	    "outputs": {}
Status Check - Keycloak CI	Run /./.github/actions/status-check	  },
Status Check - Keycloak CI	Run /./.github/actions/status-check	  "fips-integration-tests": {
Status Check - Keycloak CI	Run /./.github/actions/status-check	    "result": "success",
Status Check - Keycloak CI	Run /./.github/actions/status-check	    "outputs": {}
Status Check - Keycloak CI	Run /./.github/actions/status-check	  },
Status Check - Keycloak CI	Run /./.github/actions/status-check	  "forms-integration-tests": {
Status Check - Keycloak CI	Run /./.github/actions/status-check	    "result": "success",
Status Check - Keycloak CI	Run /./.github/actions/status-check	    "outputs": {}
Status Check - Keycloak CI	Run /./.github/actions/status-check	  },
Status Check - Keycloak CI	Run /./.github/actions/status-check	  "webauthn-integration-tests": {
Status Check - Keycloak CI	Run /./.github/actions/status-check	    "result": "success",
Status Check - Keycloak CI	Run /./.github/actions/status-check	    "outputs": {}
Status Check - Keycloak CI	Run /./.github/actions/status-check	  },
Status Check - Keycloak CI	Run /./.github/actions/status-check	  "sssd-unit-tests": {
Status Check - Keycloak CI	Run /./.github/actions/status-check	    "result": "skipped",
Status Check - Keycloak CI	Run /./.github/actions/status-check	    "outputs": {}
Status Check - Keycloak CI	Run /./.github/actions/status-check	  },
Status Check - Keycloak CI	Run /./.github/actions/status-check	  "migration-tests": {
Status Check - Keycloak CI	Run /./.github/actions/status-check	    "result": "success",
Status Check - Keycloak CI	Run /./.github/actions/status-check	    "outputs": {}
Status Check - Keycloak CI	Run /./.github/actions/status-check	  },
Status Check - Keycloak CI	Run /./.github/actions/status-check	  "external-infinispan-tests": {
Status Check - Keycloak CI	Run /./.github/actions/status-check	    "result": "success",
Status Check - Keycloak CI	Run /./.github/actions/status-check	    "outputs": {}
Status Check - Keycloak CI	Run /./.github/actions/status-check	  },
Status Check - Keycloak CI	Run /./.github/actions/status-check	  "test-framework": {
Status Check - Keycloak CI	Run /./.github/actions/status-check	    "result": "success",
Status Check - Keycloak CI	Run /./.github/actions/status-check	    "outputs": {}
Status Check - Keycloak CI	Run /./.github/actions/status-check	  },
Status Check - Keycloak CI	Run /./.github/actions/status-check	  "base-new-integration-tests": {
Status Check - Keycloak CI	Run /./.github/actions/status-check	    "result": "success",
Status Check - Keycloak CI	Run /./.github/actions/status-check	    "outputs": {}
Status Check - Keycloak CI	Run /./.github/actions/status-check	  }
Status Check - Keycloak CI	Run /./.github/actions/status-check	}
Status Check - Keycloak CI	Run /./.github/actions/status-check	2024-11-27T11:49:15.4263726Z env:
Status Check - Keycloak CI	Run /./.github/actions/status-check	2024-11-27T11:49:15.4264231Z   MAVEN_ARGS: -B -nsu -Daether.connector.http.connectionMaxTtl=25
Status Check - Keycloak CI	Run /./.github/actions/status-check	2024-11-27T11:49:15.4264745Z   SUREFIRE_RERUN_FAILING_COUNT: 2
Status Check - Keycloak CI	Run /./.github/actions/status-check	2024-11-27T11:49:15.4265188Z   SUREFIRE_RETRY: -Dsurefire.rerunFailingTestsCount=2
Status Check - Keycloak CI	Run /./.github/actions/status-check	2024-11-27T11:49:15.4265927Z ##[endgroup]
Status Check - Keycloak CI	Run /./.github/actions/status-check	2024-11-27T11:49:15.4374029Z ##[group]Run JOBS='{
Status Check - Keycloak CI	Run /./.github/actions/status-check	2024-11-27T11:49:15.4374634Z [36;1mJOBS='{[0m
Status Check - Keycloak CI	Run /./.github/actions/status-check	2024-11-27T11:49:15.4375014Z [36;1m  "conditional": {[0m
Status Check - Keycloak CI	Run /./.github/actions/status-check	2024-11-27T11:49:15.4375381Z [36;1m    "result": "success",[0m
Status Check - Keycloak CI	Run /./.github/actions/status-check	2024-11-27T11:49:15.4375778Z [36;1m    "outputs": {[0m
Status Check - Keycloak CI	Run /./.github/actions/status-check	2024-11-27T11:49:15.4376159Z [36;1m      "ci": "true",[0m
Status Check - Keycloak CI	Run /./.github/actions/status-check	2024-11-27T11:49:15.4376533Z [36;1m      "ci-aurora": "false",[0m
Status Check - Keycloak CI	Run /./.github/actions/status-check	2024-11-27T11:49:15.4376917Z [36;1m      "ci-quarkus": "true",[0m
Status Check - Keycloak CI	Run /./.github/actions/status-check	2024-11-27T11:49:15.4377363Z [36;1m      "ci-sssd": "false",[0m
Status Check - Keycloak CI	Run /./.github/actions/status-check	2024-11-27T11:49:15.4377718Z [36;1m      "ci-store": "true",[0m
Status Check - Keycloak CI	Run /./.github/actions/status-check	2024-11-27T11:49:15.4378091Z [36;1m      "ci-webauthn": "true"[0m
Status Check - Keycloak CI	Run /./.github/actions/status-check	2024-11-27T11:49:15.4378467Z [36;1m    }[0m
Status Check - Keycloak CI	Run /./.github/actions/status-check	2024-11-27T11:49:15.4378770Z [36;1m  },[0m
Status Check - Keycloak CI	Run /./.github/actions/status-check	2024-11-27T11:49:15.4379076Z [36;1m  "build": {[0m
Status Check - Keycloak CI	Run /./.github/actions/status-check	2024-11-27T11:49:15.4379430Z [36;1m    "result": "success",[0m
Status Check - Keycloak CI	Run /./.github/actions/status-check	2024-11-27T11:49:15.4379781Z [36;1m    "outputs": {}[0m
Status Check - Keycloak CI	Run /./.github/actions/status-check	2024-11-27T11:49:15.4380132Z [36;1m  },[0m
Status Check - Keycloak CI	Run /./.github/actions/status-check	2024-11-27T11:49:15.4380451Z [36;1m  "unit-tests": {[0m
Status Check - Keycloak CI	Run /./.github/actions/status-check	2024-11-27T11:49:15.4380787Z [36;1m    "result": "success",[0m
Status Check - Keycloak CI	Run /./.github/actions/status-check	2024-11-27T11:49:15.4381165Z [36;1m    "outputs": {}[0m
Status Check - Keycloak CI	Run /./.github/actions/status-check	2024-11-27T11:49:15.4381565Z [36;1m  },[0m
Status Check - Keycloak CI	Run /./.github/actions/status-check	2024-11-27T11:49:15.4381883Z [36;1m  "base-integration-tests": {[0m
Status Check - Keycloak CI	Run /./.github/actions/status-check	2024-11-27T11:49:15.4382607Z [36;1m    "result": "success",[0m
Status Check - Keycloak CI	Run /./.github/actions/status-check	2024-11-27T11:49:15.4383245Z [36;1m    "outputs": {}[0m
Status Check - Keycloak CI	Run /./.github/actions/status-check	2024-11-27T11:49:15.4383596Z [36;1m  },[0m
Status Check - Keycloak CI	Run /./.github/actions/status-check	2024-11-27T11:49:15.4383946Z [36;1m  "adapter-integration-tests": {[0m
Status Check - Keycloak CI	Run /./.github/actions/status-check	2024-11-27T11:49:15.4384351Z [36;1m    "result": "success",[0m
Status Check - Keycloak CI	Run /./.github/actions/status-check	2024-11-27T11:49:15.4384717Z [36;1m    "outputs": {}[0m
Status Check - Keycloak CI	Run /./.github/actions/status-check	2024-11-27T11:49:15.4385055Z [36;1m  },[0m
Status Check - Keycloak CI	Run /./.github/actions/status-check	2024-11-27T11:49:15.4385483Z [36;1m  "adapter-integration-tests-strict-cookies": {[0m
Status Check - Keycloak CI	Run /./.github/actions/status-check	2024-11-27T11:49:15.4386493Z [36;1m    "result": "success",[0m
Status Check - Keycloak CI	Run /./.github/actions/status-check	2024-11-27T11:49:15.4386975Z [36;1m    "outputs": {}[0m
Status Check - Keycloak CI	Run /./.github/actions/status-check	2024-11-27T11:49:15.4387356Z [36;1m  },[0m
Status Check - Keycloak CI	Run /./.github/actions/status-check	2024-11-27T11:49:15.4387673Z [36;1m  "quarkus-unit-tests": {[0m
Status Check - Keycloak CI	Run /./.github/actions/status-check	2024-11-27T11:49:15.4388062Z [36;1m    "result": "failure",[0m
Status Check - Keycloak CI	Run /./.github/actions/status-check	2024-11-27T11:49:15.4388460Z [36;1m    "outputs": {}[0m
Status Check - Keycloak CI	Run /./.github/actions/status-check	2024-11-27T11:49:15.4388793Z [36;1m  },[0m
Status Check - Keycloak CI	Run /./.github/actions/status-check	2024-11-27T11:49:15.4389132Z [36;1m  "quarkus-integration-tests": {[0m
Status Check - Keycloak CI	Run /./.github/actions/status-check	2024-11-27T11:49:15.4389549Z [36;1m    "result": "success",[0m
Status Check - Keycloak CI	Run /./.github/actions/status-check	2024-11-27T11:49:15.4389900Z [36;1m    "outputs": {}[0m
Status Check - Keycloak CI	Run /./.github/actions/status-check	2024-11-27T11:49:15.4390260Z [36;1m  },[0m
Status Check - Keycloak CI	Run /./.github/actions/status-check	2024-11-27T11:49:15.4390605Z [36;1m  "jdk-integration-tests": {[0m
Status Check - Keycloak CI	Run /./.github/actions/status-check	2024-11-27T11:49:15.4391041Z [36;1m    "result": "success",[0m
Status Check - Keycloak CI	Run /./.github/actions/status-check	2024-11-27T11:49:15.4391525Z [36;1m    "outputs": {}[0m
Status Check - Keycloak CI	Run /./.github/actions/status-check	2024-11-27T11:49:15.4391818Z [36;1m  },[0m
Status Check - Keycloak CI	Run /./.github/actions/status-check	2024-11-27T11:49:15.4392137Z [36;1m  "store-integration-tests": {[0m
Status Check - Keycloak CI	Run /./.github/actions/status-check	2024-11-27T11:49:15.4392598Z [36;1m    "result": "success",[0m
Status Check - Keycloak CI	Run /./.github/actions/status-check	2024-11-27T11:49:15.4392929Z [36;1m    "outputs": {}[0m
Status Check - Keycloak CI	Run /./.github/actions/status-check	2024-11-27T11:49:15.4393254Z [36;1m  },[0m
Status Check - Keycloak CI	Run /./.github/actions/status-check	2024-11-27T11:49:15.4393648Z [36;1m  "volatile-sessions-tests": {[0m
Status Check - Keycloak CI	Run /./.github/actions/status-check	2024-11-27T11:49:15.4393988Z [36;1m    "result": "success",[0m
Status Check - Keycloak CI	Run /./.github/actions/status-check	2024-11-27T11:49:15.4394353Z [36;1m    "outputs": {}[0m
Status Check - Keycloak CI	Run /./.github/actions/status-check	2024-11-27T11:49:15.4394737Z [36;1m  },[0m
Status Check - Keycloak CI	Run /./.github/actions/status-check	2024-11-27T11:49:15.4395004Z [36;1m  "store-model-tests": {[0m
Status Check - Keycloak CI	Run /./.github/actions/status-check	2024-11-27T11:49:15.4395374Z [36;1m    "result": "success",[0m
Status Check - Keycloak CI	Run /./.github/actions/status-check	2024-11-27T11:49:15.4395843Z [36;1m    "outputs": {}[0m
Status Check - Keycloak CI	Run /./.github/actions/status-check	2024-11-27T11:49:15.4396129Z [36;1m  },[0m
Status Check - Keycloak CI	Run /./.github/actions/status-check	2024-11-27T11:49:15.4396476Z [36;1m  "clustering-integration-tests": {[0m
Status Check - Keycloak CI	Run /./.github/actions/status-check	2024-11-27T11:49:15.4396939Z [36;1m    "result": "success",[0m
Status Check - Keycloak CI	Run /./.github/actions/status-check	2024-11-27T11:49:15.4397248Z [36;1m    "outputs": {}[0m
Status Check - Keycloak CI	Run /./.github/actions/status-check	2024-11-27T11:49:15.4397588Z [36;1m  },[0m
Status Check - Keycloak CI	Run /./.github/actions/status-check	2024-11-27T11:49:15.4397953Z [36;1m  "fips-unit-tests": {[0m
Status Check - Keycloak CI	Run /./.github/actions/status-check	2024-11-27T11:49:15.4398266Z [36;1m    "result": "success",[0m
Status Check - Keycloak CI	Run /./.github/actions/status-check	2024-11-27T11:49:15.4398627Z [36;1m    "outputs": {}[0m
Status Check - Keycloak CI	Run /./.github/actions/status-check	2024-11-27T11:49:15.4399018Z [36;1m  },[0m
Status Check - Keycloak CI	Run /./.github/actions/status-check	2024-11-27T11:49:15.4399295Z [36;1m  "fips-integration-tests": {[0m
Status Check - Keycloak CI	Run /./.github/actions/status-check	2024-11-27T11:49:15.4399734Z [36;1m    "result": "success",[0m
Status Check - Keycloak CI	Run /./.github/actions/status-check	2024-11-27T11:49:15.4400141Z [36;1m    "outputs": {}[0m
Status Check - Keycloak CI	Run /./.github/actions/status-check	2024-11-27T11:49:15.4400444Z [36;1m  },[0m
Status Check - Keycloak CI	Run /./.github/actions/status-check	2024-11-27T11:49:15.4400757Z [36;1m  "forms-integration-tests": {[0m
Status Check - Keycloak CI	Run /./.github/actions/status-check	2024-11-27T11:49:15.4401189Z [36;1m    "result": "success",[0m
Status Check - Keycloak CI	Run /./.github/actions/status-check	2024-11-27T11:49:15.4401508Z [36;1m    "outputs": {}[0m
Status Check - Keycloak CI	Run /./.github/actions/status-check	2024-11-27T11:49:15.4401832Z [36;1m  },[0m
Status Check - Keycloak CI	Run /./.github/actions/status-check	2024-11-27T11:49:15.4402219Z [36;1m  "webauthn-integration-tests": {[0m
Status Check - Keycloak CI	Run /./.github/actions/status-check	2024-11-27T11:49:15.4402601Z [36;1m    "result": "success",[0m
Status Check - Keycloak CI	Run /./.github/actions/status-check	2024-11-27T11:49:15.4402954Z [36;1m    "outputs": {}[0m
Status Check - Keycloak CI	Run /./.github/actions/status-check	2024-11-27T11:49:15.4403336Z [36;1m  },[0m
Status Check - Keycloak CI	Run /./.github/actions/status-check	2024-11-27T11:49:15.4403625Z [36;1m  "sssd-unit-tests": {[0m
Status Check - Keycloak CI	Run /./.github/actions/status-check	2024-11-27T11:49:15.4404033Z [36;1m    "result": "skipped",[0m
Status Check - Keycloak CI	Run /./.github/actions/status-check	2024-11-27T11:49:15.4404458Z [36;1m    "outputs": {}[0m
Status Check - Keycloak CI	Run /./.github/actions/status-check	2024-11-27T11:49:15.4404743Z [36;1m  },[0m
Status Check - Keycloak CI	Run /./.github/actions/status-check	2024-11-27T11:49:15.4405041Z [36;1m  "migration-tests": {[0m
Status Check - Keycloak CI	Run /./.github/actions/status-check	2024-11-27T11:49:15.4405476Z [36;1m    "result": "success",[0m
Status Check - Keycloak CI	Run /./.github/actions/status-check	2024-11-27T11:49:15.4405827Z [36;1m    "outputs": {}[0m
Status Check - Keycloak CI	Run /./.github/actions/status-check	2024-11-27T11:49:15.4406107Z [36;1m  },[0m
Status Check - Keycloak CI	Run /./.github/actions/status-check	2024-11-27T11:49:15.4406505Z [36;1m  "external-infinispan-tests": {[0m
Status Check - Keycloak CI	Run /./.github/actions/status-check	2024-11-27T11:49:15.4406886Z [36;1m    "result": "success",[0m
Status Check - Keycloak CI	Run /./.github/actions/status-check	2024-11-27T11:49:15.4407198Z [36;1m    "outputs": {}[0m
Status Check - Keycloak CI	Run /./.github/actions/status-check	2024-11-27T11:49:15.4407600Z [36;1m  },[0m
Status Check - Keycloak CI	Run /./.github/actions/status-check	2024-11-27T11:49:15.4407903Z [36;1m  "test-framework": {[0m
Status Check - Keycloak CI	Run /./.github/actions/status-check	2024-11-27T11:49:15.4408254Z [36;1m    "result": "success",[0m
Status Check - Keycloak CI	Run /./.github/actions/status-check	2024-11-27T11:49:15.4408681Z [36;1m    "outputs": {}[0m
Status Check - Keycloak CI	Run /./.github/actions/status-check	2024-11-27T11:49:15.4409186Z [36;1m  },[0m
Status Check - Keycloak CI	Run /./.github/actions/status-check	2024-11-27T11:49:15.4409489Z [36;1m  "base-new-integration-tests": {[0m
Status Check - Keycloak CI	Run /./.github/actions/status-check	2024-11-27T11:49:15.4409958Z [36;1m    "result": "success",[0m
Status Check - Keycloak CI	Run /./.github/actions/status-check	2024-11-27T11:49:15.4410300Z [36;1m    "outputs": {}[0m
Status Check - Keycloak CI	Run /./.github/actions/status-check	2024-11-27T11:49:15.4410599Z [36;1m  }[0m
Status Check - Keycloak CI	Run /./.github/actions/status-check	2024-11-27T11:49:15.4410947Z [36;1m}'[0m
Status Check - Keycloak CI	Run /./.github/actions/status-check	2024-11-27T11:49:15.4411244Z [36;1m[0m
Status Check - Keycloak CI	Run /./.github/actions/status-check	2024-11-27T11:49:15.4411522Z [36;1mecho "Job status:"[0m
Status Check - Keycloak CI	Run /./.github/actions/status-check	2024-11-27T11:49:15.4412187Z [36;1mecho $JOBS | jq -r 'to_entries[] | " - \(.key): \(.value.result)"'[0m
Status Check - Keycloak CI	Run /./.github/actions/status-check	2024-11-27T11:49:15.4412694Z [36;1m[0m
Status Check - Keycloak CI	Run /./.github/actions/status-check	2024-11-27T11:49:15.4413023Z [36;1mfor i in $(echo $JOBS | jq -r 'to_entries[] | .value.result'); do[0m
Status Check - Keycloak CI	Run /./.github/actions/status-check	2024-11-27T11:49:15.4413580Z [36;1m  if [ "$i" != "success" ] && [ "$i" != "skipped" ]; then[0m
Status Check - Keycloak CI	Run /./.github/actions/status-check	2024-11-27T11:49:15.4414003Z [36;1m    echo ""[0m
Status Check - Keycloak CI	Run /./.github/actions/status-check	2024-11-27T11:49:15.4414299Z [36;1m    echo "Status check not okay!"[0m
Status Check - Keycloak CI	Run /./.github/actions/status-check	2024-11-27T11:49:15.4414729Z [36;1m    exit 1[0m
Status Check - Keycloak CI	Run /./.github/actions/status-check	2024-11-27T11:49:15.4415053Z [36;1m  fi[0m
Status Check - Keycloak CI	Run /./.github/actions/status-check	2024-11-27T11:49:15.4415316Z [36;1mdone[0m
Status Check - Keycloak CI	Run /./.github/actions/status-check	2024-11-27T11:49:15.4505450Z shell: /usr/bin/bash --noprofile --norc -e -o pipefail {0}
Status Check - Keycloak CI	Run /./.github/actions/status-check	2024-11-27T11:49:15.4506237Z env:
Status Check - Keycloak CI	Run /./.github/actions/status-check	2024-11-27T11:49:15.4506795Z   MAVEN_ARGS: -B -nsu -Daether.connector.http.connectionMaxTtl=25
Status Check - Keycloak CI	Run /./.github/actions/status-check	2024-11-27T11:49:15.4507291Z   SUREFIRE_RERUN_FAILING_COUNT: 2
Status Check - Keycloak CI	Run /./.github/actions/status-check	2024-11-27T11:49:15.4507656Z   SUREFIRE_RETRY: -Dsurefire.rerunFailingTestsCount=2
Status Check - Keycloak CI	Run /./.github/actions/status-check	2024-11-27T11:49:15.4508200Z ##[endgroup]
Status Check - Keycloak CI	Run /./.github/actions/status-check	2024-11-27T11:49:15.4608520Z Job status:
Status Check - Keycloak CI	Run /./.github/actions/status-check	2024-11-27T11:49:15.5604818Z  - conditional: success
Status Check - Keycloak CI	Run /./.github/actions/status-check	2024-11-27T11:49:15.5605416Z  - build: success
Status Check - Keycloak CI	Run /./.github/actions/status-check	2024-11-27T11:49:15.5606046Z  - unit-tests: success
Status Check - Keycloak CI	Run /./.github/actions/status-check	2024-11-27T11:49:15.5606648Z  - base-integration-tests: success
Status Check - Keycloak CI	Run /./.github/actions/status-check	2024-11-27T11:49:15.5607049Z  - adapter-integration-tests: success
Status Check - Keycloak CI	Run /./.github/actions/status-check	2024-11-27T11:49:15.5607606Z  - adapter-integration-tests-strict-cookies: success
Status Check - Keycloak CI	Run /./.github/actions/status-check	2024-11-27T11:49:15.5608124Z  - quarkus-unit-tests: failure
Status Check - Keycloak CI	Run /./.github/actions/status-check	2024-11-27T11:49:15.5608491Z  - quarkus-integration-tests: success
Status Check - Keycloak CI	Run /./.github/actions/status-check	2024-11-27T11:49:15.5608962Z  - jdk-integration-tests: success
Status Check - Keycloak CI	Run /./.github/actions/status-check	2024-11-27T11:49:15.5609429Z  - store-integration-tests: success
Status Check - Keycloak CI	Run /./.github/actions/status-check	2024-11-27T11:49:15.5609834Z  - volatile-sessions-tests: success
Status Check - Keycloak CI	Run /./.github/actions/status-check	2024-11-27T11:49:15.5610297Z  - store-model-tests: success
Status Check - Keycloak CI	Run /./.github/actions/status-check	2024-11-27T11:49:15.5610708Z  - clustering-integration-tests: success
Status Check - Keycloak CI	Run /./.github/actions/status-check	2024-11-27T11:49:15.5611084Z  - fips-unit-tests: success
Status Check - Keycloak CI	Run /./.github/actions/status-check	2024-11-27T11:49:15.5611521Z  - fips-integration-tests: success
Status Check - Keycloak CI	Run /./.github/actions/status-check	2024-11-27T11:49:15.5611974Z  - forms-integration-tests: success
Status Check - Keycloak CI	Run /./.github/actions/status-check	2024-11-27T11:49:15.5612344Z  - webauthn-integration-tests: success
Status Check - Keycloak CI	Run /./.github/actions/status-check	2024-11-27T11:49:15.5612810Z  - sssd-unit-tests: skipped
Status Check - Keycloak CI	Run /./.github/actions/status-check	2024-11-27T11:49:15.5613247Z  - migration-tests: success
Status Check - Keycloak CI	Run /./.github/actions/status-check	2024-11-27T11:49:15.5613809Z  - external-infinispan-tests: success
Status Check - Keycloak CI	Run /./.github/actions/status-check	2024-11-27T11:49:15.5614551Z  - test-framework: success
Status Check - Keycloak CI	Run /./.github/actions/status-check	2024-11-27T11:49:15.5615188Z  - base-new-integration-tests: success
Status Check - Keycloak CI	Run /./.github/actions/status-check	2024-11-27T11:49:15.5818913Z 
Status Check - Keycloak CI	Run /./.github/actions/status-check	2024-11-27T11:49:15.5822588Z Status check not okay!
Status Check - Keycloak CI	Run /./.github/actions/status-check	2024-11-27T11:49:15.5833837Z ##[error]Process completed with exit code 1.
